2024-12-21 09:25:34,484 - PlexMusicMatcher - INFO - Loading configuration...
2024-12-21 09:25:34,485 - PlexMusicMatcher - INFO - Configuration loaded successfully!
2024-12-21 09:25:34,485 - PlexMusicMatcher - INFO - Initializing Spotify connection...
2024-12-21 09:25:34,485 - PlexMusicMatcher - INFO - Successfully connected to Spotify API
2024-12-21 09:25:35,148 - PlexMusicMatcher - INFO - Initializing Plex connection...
2024-12-21 09:25:35,149 - PlexMusicMatcher - INFO - Connecting to Plex server at http://192.168.86.21:32400/...
2024-12-21 09:25:35,154 - PlexMusicMatcher - INFO - Successfully connected to Plex server: ThomasArchives
2024-12-21 09:25:35,158 - PlexMusicMatcher - INFO - Successfully connected to music library: Music
2024-12-21 09:25:35,159 - PlexMusicMatcher - INFO - Plex Server Version: 1.41.3.9292-bc7397402
2024-12-21 09:25:35,194 - PlexMusicMatcher - INFO - Successfully accessed music library
2024-12-21 09:25:35,195 - PlexMusicMatcher - INFO - Scanning for unmatched artists...
2024-12-21 09:25:35,195 - PlexMusicMatcher - INFO - Scanning for unmatched artists...
2024-12-21 09:25:39,604 - PlexMusicMatcher - INFO - Scanning 4592 total artists...
2024-12-21 09:28:36,009 - PlexMusicMatcher - INFO - 
Found 520 unmatched artists
2024-12-21 09:28:36,024 - PlexMusicMatcher - INFO - Found 520 unmatched artists
2024-12-21 09:28:36,025 - PlexMusicMatcher - INFO - Starting artist matching process...
2024-12-21 09:38:41,311 - PlexMusicMatcher - INFO - 
Matching Summary:
2024-12-21 09:38:41,311 - PlexMusicMatcher - INFO - Automatic matches: 437
2024-12-21 09:38:41,311 - PlexMusicMatcher - INFO - Needs review: 5
2024-12-21 09:38:41,311 - PlexMusicMatcher - INFO - No matches found: 78
2024-12-21 09:38:41,311 - PlexMusicMatcher - INFO - 
Automatic Matches:
2024-12-21 09:38:41,312 - PlexMusicMatcher - INFO - ==================================================
2024-12-21 09:38:41,312 - PlexMusicMatcher - INFO - 
Match 1:
2024-12-21 09:38:41,312 - PlexMusicMatcher - INFO - Plex Artist: 5hags
Spotify Match: 5hags
Confidence: 100.00%
Popularity: 4/100
2024-12-21 09:38:41,312 - PlexMusicMatcher - INFO - 
Match 2:
2024-12-21 09:38:41,312 - PlexMusicMatcher - INFO - Plex Artist: 7-Pm
Spotify Match: 7-Pm
Confidence: 100.00%
Popularity: 5/100
2024-12-21 09:38:41,313 - PlexMusicMatcher - INFO - 
Match 3:
2024-12-21 09:38:41,313 - PlexMusicMatcher - INFO - Plex Artist: 7XL
Spotify Match: 7XL
Confidence: 100.00%
Popularity: 4/100
2024-12-21 09:38:41,313 - PlexMusicMatcher - INFO - 
Match 4:
2024-12-21 09:38:41,313 - PlexMusicMatcher - INFO - Plex Artist: 98.Morelo
Spotify Match: 98.morelo
Confidence: 100.00%
Popularity: 11/100
2024-12-21 09:38:41,314 - PlexMusicMatcher - INFO - 
Match 5:
2024-12-21 09:38:41,314 - PlexMusicMatcher - INFO - Plex Artist: Aaron Doh
Spotify Match: Aaron Doh
Confidence: 100.00%
Popularity: 17/100
2024-12-21 09:38:41,314 - PlexMusicMatcher - INFO - 
Matches Needing Review:
2024-12-21 09:38:41,314 - PlexMusicMatcher - INFO - ==================================================
2024-12-21 09:38:41,315 - PlexMusicMatcher - INFO - 
Potential Match 1:
2024-12-21 09:38:41,315 - PlexMusicMatcher - INFO - Plex Artist: Desiree Mishoe
Spotify Match: Désirée Mishoe
Confidence: 90.71%
Popularity: 0/100
2024-12-21 09:38:41,315 - PlexMusicMatcher - INFO - 
Potential Match 2:
2024-12-21 09:38:41,315 - PlexMusicMatcher - INFO - Plex Artist: Duy Ngoc
Spotify Match: Duy Ngọc
Confidence: 92.50%
Popularity: 0/100
2024-12-21 09:38:41,316 - PlexMusicMatcher - INFO - 
Potential Match 3:
2024-12-21 09:38:41,316 - PlexMusicMatcher - INFO - Plex Artist: The Grizz
Spotify Match: The Grizzlies
Confidence: 86.82%
Popularity: 0/100
2024-12-21 09:38:41,316 - PlexMusicMatcher - INFO - 
Potential Match 4:
2024-12-21 09:38:41,316 - PlexMusicMatcher - INFO - Plex Artist: Jam'addict
Spotify Match: Jam Addiction
Confidence: 91.96%
Popularity: 0/100
2024-12-21 09:38:41,317 - PlexMusicMatcher - INFO - 
Potential Match 5:
2024-12-21 09:38:41,317 - PlexMusicMatcher - INFO - Plex Artist: L'essay
Spotify Match: Low Essay
Confidence: 92.50%
Popularity: 0/100
2024-12-21 09:38:41,317 - PlexMusicMatcher - INFO - 
No Matches Found For:
2024-12-21 09:38:41,317 - PlexMusicMatcher - INFO - ==================================================
2024-12-21 09:38:41,318 - PlexMusicMatcher - INFO - 1. Acedox
2024-12-21 09:38:41,318 - PlexMusicMatcher - INFO - 2. Adam Don't Die
2024-12-21 09:38:41,318 - PlexMusicMatcher - INFO - 3. All Oc's
2024-12-21 09:38:41,318 - PlexMusicMatcher - INFO - 4. AmusicalSomebody
2024-12-21 09:38:41,318 - PlexMusicMatcher - INFO - 5. Apashe, CloZee
2024-12-21 09:38:41,318 - PlexMusicMatcher - INFO - 
Processing Summary:
2024-12-21 09:38:41,318 - PlexMusicMatcher - INFO - ==================================================
2024-12-21 09:38:41,319 - PlexMusicMatcher - INFO - Total artists processed: 520
2024-12-21 09:38:41,319 - PlexMusicMatcher - INFO - Automatic matches: 437 (84.0%)
2024-12-21 09:38:41,319 - PlexMusicMatcher - INFO - Needs review: 5 (1.0%)
2024-12-21 09:38:41,319 - PlexMusicMatcher - INFO - No matches found: 78 (15.0%)
2024-12-21 09:38:41,319 - PlexMusicMatcher - INFO - 
Would you like to:
2024-12-21 09:38:41,319 - PlexMusicMatcher - INFO - 1. Review potential matches
2024-12-21 09:38:41,319 - PlexMusicMatcher - INFO - 2. Save results for later
2024-12-21 09:38:41,320 - PlexMusicMatcher - INFO - 3. Exit
2024-12-21 09:39:26,231 - PlexMusicMatcher - INFO - 
Results saved successfully!
2024-12-21 09:39:26,231 - PlexMusicMatcher - INFO - Session ID: 20241221_093926
2024-12-21 09:39:26,231 - PlexMusicMatcher - INFO - You can find the results in the 'results' directory.
