2024-12-21 19:09:10,199 - PlexMusicMatcher - INFO - Loading configuration...
2024-12-21 19:09:10,199 - PlexMusicMatcher - INFO - Configuration loaded successfully!
2024-12-21 19:09:10,199 - PlexMusicMatcher - INFO - Initializing Spotify connection...
2024-12-21 19:09:10,200 - PlexMusicMatcher - INFO - Successfully connected to Spotify API
2024-12-21 19:09:10,618 - PlexMusicMatcher - INFO - Initializing Plex connection...
2024-12-21 19:09:10,618 - PlexMusicMatcher - INFO - Connecting to Plex server at http://192.168.86.21:32400/...
2024-12-21 19:09:10,625 - PlexMusicMatcher - INFO - Successfully connected to Plex server: ThomasArchives
2024-12-21 19:09:10,632 - PlexMusicMatcher - INFO - Successfully connected to music library: Music
2024-12-21 19:09:10,632 - PlexMusicMatcher - INFO - Plex Server Version: 1.41.3.9292-bc7397402
2024-12-21 19:09:10,676 - PlexMusicMatcher - INFO - Successfully accessed music library
2024-12-21 19:09:10,677 - PlexMusicMatcher - INFO - Scanning for unmatched artists...
2024-12-21 19:09:10,677 - PlexMusicMatcher - INFO - Scanning for unmatched artists...
2024-12-21 19:09:15,237 - PlexMusicMatcher - INFO - Scanning 4592 total artists...
2024-12-21 19:09:42,792 - PlexMusicMatcher - INFO - 
Found 520 unmatched artists
2024-12-21 19:09:42,806 - PlexMusicMatcher - INFO - Found 520 unmatched artists
2024-12-21 19:09:42,806 - PlexMusicMatcher - INFO - Starting artist matching process...
2024-12-21 19:10:12,977 - PlexMusicMatcher - WARNING - Matching timed out for artist: Alex Lambrino (took 22.1s, threshold: 15s)
2024-12-21 19:10:12,977 - PlexMusicMatcher - INFO - Got result despite timeout for: Alex Lambrino
2024-12-21 19:10:42,993 - PlexMusicMatcher - WARNING - Matching timed out for artist: Arup Das (took 22.6s, threshold: 15s)
2024-12-21 19:10:42,993 - PlexMusicMatcher - INFO - Got result despite timeout for: Arup Das
2024-12-21 19:11:12,964 - PlexMusicMatcher - WARNING - Matching timed out for artist: Brray, Anuel AA, Chencho Corleone, JHAYCO, Ryan Castro (took 22.4s, threshold: 15s)
2024-12-21 19:11:12,965 - PlexMusicMatcher - INFO - Got result despite timeout for: Brray, Anuel AA, Chencho Corleone, JHAYCO, Ryan Castro
2024-12-21 19:11:42,999 - PlexMusicMatcher - WARNING - Matching timed out for artist: Cyn Tremeau (took 22.1s, threshold: 15s)
2024-12-21 19:11:42,999 - PlexMusicMatcher - INFO - Got result despite timeout for: Cyn Tremeau
2024-12-21 19:12:13,064 - PlexMusicMatcher - WARNING - Matching timed out for artist: Dillon Francis & TV Noise (took 22.5s, threshold: 15s)
2024-12-21 19:12:13,064 - PlexMusicMatcher - INFO - Got result despite timeout for: Dillon Francis & TV Noise
2024-12-21 19:12:43,021 - PlexMusicMatcher - WARNING - Matching timed out for artist: Dub Phizix, Skittles (took 22.3s, threshold: 15s)
2024-12-21 19:12:43,021 - PlexMusicMatcher - INFO - Got result despite timeout for: Dub Phizix, Skittles
2024-12-21 19:13:13,015 - PlexMusicMatcher - WARNING - Matching timed out for artist: Fractal Designs (took 21.9s, threshold: 15s)
2024-12-21 19:13:13,015 - PlexMusicMatcher - INFO - Got result despite timeout for: Fractal Designs
2024-12-21 19:13:43,029 - PlexMusicMatcher - WARNING - Matching timed out for artist: Guillaume Defradat (took 22.3s, threshold: 15s)
2024-12-21 19:13:43,029 - PlexMusicMatcher - INFO - Got result despite timeout for: Guillaume Defradat
2024-12-21 19:14:13,043 - PlexMusicMatcher - WARNING - Matching timed out for artist: Indeb (took 21.6s, threshold: 15s)
2024-12-21 19:14:13,043 - PlexMusicMatcher - INFO - Got result despite timeout for: Indeb
2024-12-21 19:14:43,018 - PlexMusicMatcher - WARNING - Matching timed out for artist: JuliáN ÁVila (took 22.1s, threshold: 15s)
2024-12-21 19:14:43,018 - PlexMusicMatcher - INFO - Got result despite timeout for: JuliáN ÁVila
2024-12-21 19:15:13,202 - PlexMusicMatcher - WARNING - Matching timed out for artist: L*o*J (took 22.2s, threshold: 15s)
2024-12-21 19:15:13,203 - PlexMusicMatcher - INFO - Got result despite timeout for: L*o*J
2024-12-21 19:15:43,008 - PlexMusicMatcher - WARNING - Matching timed out for artist: LudjixBoyz (took 21.9s, threshold: 15s)
2024-12-21 19:15:43,008 - PlexMusicMatcher - INFO - Got result despite timeout for: LudjixBoyz
2024-12-21 19:16:13,135 - PlexMusicMatcher - WARNING - Matching timed out for artist: Meditation Loopable Sounds (took 22.0s, threshold: 15s)
2024-12-21 19:16:13,135 - PlexMusicMatcher - INFO - Got result despite timeout for: Meditation Loopable Sounds
2024-12-21 19:16:43,024 - PlexMusicMatcher - WARNING - Matching timed out for artist: Mxverick (took 22.4s, threshold: 15s)
2024-12-21 19:16:43,024 - PlexMusicMatcher - INFO - Got result despite timeout for: Mxverick
2024-12-21 19:17:13,069 - PlexMusicMatcher - WARNING - Matching timed out for artist: Odecityfire (took 22.5s, threshold: 15s)
2024-12-21 19:17:13,071 - PlexMusicMatcher - INFO - Got result despite timeout for: Odecityfire
2024-12-21 19:17:43,090 - PlexMusicMatcher - WARNING - Matching timed out for artist: Pr!ce (took 22.1s, threshold: 15s)
2024-12-21 19:17:43,090 - PlexMusicMatcher - INFO - Got result despite timeout for: Pr!ce
2024-12-21 19:18:13,144 - PlexMusicMatcher - WARNING - Matching timed out for artist: She Has A Cold Cold Heart (took 22.3s, threshold: 15s)
2024-12-21 19:18:13,145 - PlexMusicMatcher - INFO - Got result despite timeout for: She Has A Cold Cold Heart
2024-12-21 19:18:43,042 - PlexMusicMatcher - WARNING - Matching timed out for artist: Static Garden (took 22.0s, threshold: 15s)
2024-12-21 19:18:43,042 - PlexMusicMatcher - INFO - Got result despite timeout for: Static Garden
2024-12-21 19:19:13,040 - PlexMusicMatcher - WARNING - Matching timed out for artist: Tiki Taka (took 22.2s, threshold: 15s)
2024-12-21 19:19:13,041 - PlexMusicMatcher - INFO - Got result despite timeout for: Tiki Taka
2024-12-21 19:19:43,022 - PlexMusicMatcher - WARNING - Matching timed out for artist: Will Butler vs The Knocks (took 22.2s, threshold: 15s)
2024-12-21 19:19:43,023 - PlexMusicMatcher - INFO - Got result despite timeout for: Will Butler vs The Knocks
2024-12-21 19:20:12,980 - PlexMusicMatcher - WARNING - Matching timed out for artist: ХЛЕБ (took 22.8s, threshold: 15s)
2024-12-21 19:20:12,980 - PlexMusicMatcher - INFO - Got result despite timeout for: ХЛЕБ
2024-12-21 19:20:14,901 - PlexMusicMatcher - INFO - ==================================================
2024-12-21 19:20:14,901 - PlexMusicMatcher - INFO - Total artists processed: 520
2024-12-21 19:20:14,901 - PlexMusicMatcher - INFO - Automatic matches: 513 (98.7%)
2024-12-21 19:20:14,901 - PlexMusicMatcher - INFO - Needs review: 6 (1.2%)
2024-12-21 19:20:14,902 - PlexMusicMatcher - INFO - No matches found: 1 (0.2%)
2024-12-21 19:20:14,902 - PlexMusicMatcher - INFO - 
Automatic Matches:
2024-12-21 19:20:14,902 - PlexMusicMatcher - INFO - ==================================================
2024-12-21 19:20:14,902 - PlexMusicMatcher - INFO - 
Match 1:
2024-12-21 19:20:14,902 - PlexMusicMatcher - INFO - Plex Artist: 5hags
Spotify Match: 5hags
Confidence: 100.00%
Match Type: exact
Popularity: 4/100
2024-12-21 19:20:14,903 - PlexMusicMatcher - INFO - 
Match 2:
2024-12-21 19:20:14,903 - PlexMusicMatcher - INFO - Plex Artist: 7-Pm
Spotify Match: 7-Pm
Confidence: 100.00%
Match Type: exact
Popularity: 5/100
2024-12-21 19:20:14,903 - PlexMusicMatcher - INFO - 
Match 3:
2024-12-21 19:20:14,903 - PlexMusicMatcher - INFO - Plex Artist: 7XL
Spotify Match: 7XL
Confidence: 100.00%
Match Type: exact
Popularity: 4/100

Alternative matches:
  1. 7XL (Popularity: 0/100)
2024-12-21 19:20:14,903 - PlexMusicMatcher - INFO - 
Match 4:
2024-12-21 19:20:14,904 - PlexMusicMatcher - INFO - Plex Artist: 98.Morelo
Spotify Match: 98.Morelo
Confidence: 100.00%
Match Type: exact
Popularity: 0/100

Alternative matches:
  1. 98.morelo (Popularity: 11/100)
2024-12-21 19:20:14,904 - PlexMusicMatcher - INFO - 
Match 5:
2024-12-21 19:20:14,904 - PlexMusicMatcher - INFO - Plex Artist: Aaron Doh
Spotify Match: Aaron Doh
Confidence: 100.00%
Match Type: exact
Popularity: 17/100
2024-12-21 19:20:14,904 - PlexMusicMatcher - INFO - 
Matches Needing Review:
2024-12-21 19:20:14,905 - PlexMusicMatcher - INFO - ==================================================
2024-12-21 19:20:14,905 - PlexMusicMatcher - INFO - 
Potential Match 1:
2024-12-21 19:20:14,905 - PlexMusicMatcher - INFO - Plex Artist: AmusicalSomebody
Spotify Match: Adam Pascal
Confidence: 59.64%
Match Type: fuzzy
Popularity: 52/100
Genres: broadway, hollywood, show tunes

Alternative matches:
  1. Amick Byram (Popularity: 43/100)
  2. Alice Lee (Popularity: 56/100)
  3. Christy Altomare (Popularity: 55/100)
  4. Anna Lea (Popularity: 62/100)
2024-12-21 19:20:14,906 - PlexMusicMatcher - INFO - 
Potential Match 2:
2024-12-21 19:20:14,906 - PlexMusicMatcher - INFO - Plex Artist: DJ HASAN THE MONEY SCOUT
Spotify Match: DJ Money Fresh
Confidence: 64.63%
Match Type: fuzzy
Popularity: 20/100
Genres: bounce

Alternative matches:
  1. Dj Marc Money (Popularity: 8/100)
  2. DJ C Money (Popularity: 11/100)
  3. DJ Crashout (Popularity: 20/100)
  4. DJ HASAN IRSAN (Popularity: 2/100)
2024-12-21 19:20:14,907 - PlexMusicMatcher - INFO - 
Potential Match 3:
2024-12-21 19:20:14,907 - PlexMusicMatcher - INFO - Plex Artist: Malone Alone
Spotify Match: SUMMER ALONE
Confidence: 78.57%
Match Type: fuzzy
Popularity: 44/100

Alternative matches:
  1. Malone (Popularity: 14/100)
  2. Malone (Popularity: 13/100)
  3. Post Malone (Popularity: 90/100)
  4. alone (Popularity: 44/100)
2024-12-21 19:20:14,907 - PlexMusicMatcher - INFO - 
Potential Match 4:
2024-12-21 19:20:14,907 - PlexMusicMatcher - INFO - Plex Artist: MGXTXM
Spotify Match: MXMS
Confidence: 73.20%
Match Type: fuzzy
Popularity: 32/100
Genres: dark pop, la pop

Alternative matches:
  1. MXTZ (Popularity: 50/100)
  2. MXRGX (Popularity: 41/100)
  3. MxMxM (Popularity: 30/100)
  4. MXPEX (Popularity: 42/100)
2024-12-21 19:20:14,908 - PlexMusicMatcher - INFO - 
Potential Match 5:
2024-12-21 19:20:14,908 - PlexMusicMatcher - INFO - Plex Artist: Nadzieja Nowak
Spotify Match: Nadija Lapina
Confidence: 78.27%
Match Type: fuzzy
Popularity: 41/100

Alternative matches:
  1. Paweł Nowak (Popularity: 31/100)
  2. Aleksy Nowak (Popularity: 50/100)
  3. Antonina Nowacka (Popularity: 22/100)
  4. Nadia Tarnawsky (Popularity: 10/100)
2024-12-21 19:20:14,909 - PlexMusicMatcher - INFO - 
No Matches Found For:
2024-12-21 19:20:14,909 - PlexMusicMatcher - INFO - ==================================================
2024-12-21 19:20:14,909 - PlexMusicMatcher - INFO - 1. 利尔·伊泽
2024-12-21 19:20:14,909 - PlexMusicMatcher - INFO - 
Processing Summary:
2024-12-21 19:20:14,910 - PlexMusicMatcher - INFO - ==================================================
2024-12-21 19:20:14,910 - PlexMusicMatcher - INFO - Total artists processed: 520
2024-12-21 19:20:14,910 - PlexMusicMatcher - INFO - Automatic matches: 513 (98.7%)
2024-12-21 19:20:14,910 - PlexMusicMatcher - INFO - Needs review: 6 (1.2%)
2024-12-21 19:20:14,910 - PlexMusicMatcher - INFO - No matches found: 1 (0.2%)
2024-12-21 19:20:14,910 - PlexMusicMatcher - INFO - 
Found 513 automatic matches.
2024-12-21 19:20:14,911 - PlexMusicMatcher - INFO - Would you like to update these artists in Plex now? (y/n)
2024-12-21 19:20:17,405 - PlexMusicMatcher - INFO - Starting updates for 513 artists
2024-12-21 19:20:17,408 - PlexMusicMatcher - INFO - Processing 5hags
2024-12-21 19:20:17,408 - PlexMusicMatcher - INFO - Fetching Spotify data for 5hags (attempt 1/3)
2024-12-21 19:20:17,408 - PlexMusicMatcher - INFO - Starting Spotify API request for ID: 39Os5UhaIBWsVGd8DlRgCp
2024-12-21 19:21:23,783 - PlexMusicMatcher - INFO - 
Update process interrupted by user
2024-12-21 19:21:23,788 - PlexMusicMatcher - INFO - 
Would you like to:
2024-12-21 19:21:23,788 - PlexMusicMatcher - INFO - 1. Review potential matches
2024-12-21 19:21:23,788 - PlexMusicMatcher - INFO - 2. Apply updates to Plex
2024-12-21 19:21:23,788 - PlexMusicMatcher - INFO - 3. Save results for later
2024-12-21 19:21:23,789 - PlexMusicMatcher - INFO - 4. Exit
2024-12-21 19:23:22,845 - PlexMusicMatcher - INFO - Exiting...
