2024-12-21 12:53:39,781 - PlexMusicMatcher - INFO - Loading configuration...
2024-12-21 12:53:39,782 - PlexMusicMatcher - INFO - Configuration loaded successfully!
2024-12-21 12:53:39,782 - PlexMusicMatcher - INFO - Initializing Spotify connection...
2024-12-21 12:53:39,782 - PlexMusicMatcher - INFO - Successfully connected to Spotify API
2024-12-21 12:53:40,061 - PlexMusicMatcher - INFO - Initializing Plex connection...
2024-12-21 12:53:40,061 - PlexMusicMatcher - INFO - Connecting to Plex server at http://192.168.86.21:32400/...
2024-12-21 12:53:40,067 - PlexMusicMatcher - INFO - Successfully connected to Plex server: ThomasArchives
2024-12-21 12:53:40,071 - PlexMusicMatcher - INFO - Successfully connected to music library: Music
2024-12-21 12:53:40,071 - PlexMusicMatcher - INFO - Plex Server Version: 1.41.3.9292-bc7397402
2024-12-21 12:53:40,106 - PlexMusicMatcher - INFO - Successfully accessed music library
2024-12-21 12:53:40,108 - PlexMusicMatcher - INFO - Scanning for unmatched artists...
2024-12-21 12:53:40,108 - PlexMusicMatcher - INFO - Scanning for unmatched artists...
2024-12-21 12:53:44,597 - PlexMusicMatcher - INFO - Scanning 4592 total artists...
2024-12-21 12:54:09,478 - PlexMusicMatcher - INFO - 
Found 520 unmatched artists
2024-12-21 12:54:09,491 - PlexMusicMatcher - INFO - Found 520 unmatched artists
2024-12-21 12:54:09,491 - PlexMusicMatcher - INFO - Starting artist matching process...
2024-12-21 12:54:40,390 - PlexMusicMatcher - WARNING - Matching timed out for artist: Alfa-X
2024-12-21 12:55:10,326 - PlexMusicMatcher - WARNING - Matching timed out for artist: Aryll Fae
2024-12-21 12:55:40,796 - PlexMusicMatcher - WARNING - Matching timed out for artist: Brray, Anuel AA, Chencho Corleone, JHAYCO, Ryan Castro
2024-12-21 12:56:10,369 - PlexMusicMatcher - WARNING - Matching timed out for artist: Cuyama
2024-12-21 12:56:40,390 - PlexMusicMatcher - WARNING - Matching timed out for artist: Dillon Francis & TV Noise
2024-12-21 12:57:10,400 - PlexMusicMatcher - WARNING - Matching timed out for artist: Dr. Fresch & BIJOU
2024-12-21 12:57:40,423 - PlexMusicMatcher - WARNING - Matching timed out for artist: Eu sou o Pi
