2024-12-21 13:51:00,612 - PlexMusicMatcher - INFO - Loading configuration...
2024-12-21 13:51:00,613 - PlexMusicMatcher - INFO - Configuration loaded successfully!
2024-12-21 13:51:00,614 - PlexMusicMatcher - INFO - Initializing Spotify connection...
2024-12-21 13:51:00,614 - PlexMusicMatcher - INFO - Successfully connected to Spotify API
2024-12-21 13:51:00,893 - PlexMusicMatcher - INFO - Initializing Plex connection...
2024-12-21 13:51:00,893 - PlexMusicMatcher - INFO - Connecting to Plex server at http://192.168.86.21:32400/...
2024-12-21 13:51:00,899 - PlexMusicMatcher - INFO - Successfully connected to Plex server: ThomasArchives
2024-12-21 13:51:00,907 - PlexMusicMatcher - INFO - Successfully connected to music library: Music
2024-12-21 13:51:00,907 - PlexMusicMatcher - INFO - Plex Server Version: 1.41.3.9292-bc7397402
2024-12-21 13:51:00,949 - PlexMusicMatcher - INFO - Successfully accessed music library
2024-12-21 13:51:00,950 - PlexMusicMatcher - INFO - Scanning for unmatched artists...
2024-12-21 13:51:00,950 - PlexMusicMatcher - INFO - Scanning for unmatched artists...
2024-12-21 13:51:06,618 - PlexMusicMatcher - INFO - Scanning 4592 total artists...
2024-12-21 13:54:14,499 - PlexMusicMatcher - INFO - 
Found 520 unmatched artists
2024-12-21 13:54:14,513 - PlexMusicMatcher - INFO - Found 520 unmatched artists
2024-12-21 13:54:14,513 - PlexMusicMatcher - INFO - Starting artist matching process...
2024-12-21 13:54:44,708 - PlexMusicMatcher - WARNING - Matching timed out for artist: Alex Lambrino (took 22.2s, threshold: 15s)
2024-12-21 13:54:44,709 - PlexMusicMatcher - INFO - Got result despite timeout for: Alex Lambrino
2024-12-21 13:55:14,753 - PlexMusicMatcher - WARNING - Matching timed out for artist: Arup Das (took 22.9s, threshold: 15s)
2024-12-21 13:55:14,753 - PlexMusicMatcher - INFO - Got result despite timeout for: Arup Das
2024-12-21 13:55:44,784 - PlexMusicMatcher - WARNING - Matching timed out for artist: Brray, Anuel AA, Chencho Corleone, JHAYCO, Ryan Castro (took 22.7s, threshold: 15s)
2024-12-21 13:55:44,784 - PlexMusicMatcher - INFO - Got result despite timeout for: Brray, Anuel AA, Chencho Corleone, JHAYCO, Ryan Castro
2024-12-21 13:56:14,699 - PlexMusicMatcher - WARNING - Matching timed out for artist: Cyn Tremeau (took 22.1s, threshold: 15s)
2024-12-21 13:56:14,699 - PlexMusicMatcher - INFO - Got result despite timeout for: Cyn Tremeau
2024-12-21 13:56:44,790 - PlexMusicMatcher - WARNING - Matching timed out for artist: Dillon Francis & TV Noise (took 22.9s, threshold: 15s)
2024-12-21 13:56:44,791 - PlexMusicMatcher - INFO - Got result despite timeout for: Dillon Francis & TV Noise
2024-12-21 13:57:14,730 - PlexMusicMatcher - WARNING - Matching timed out for artist: Dub Phizix, Skittles (took 22.3s, threshold: 15s)
2024-12-21 13:57:14,730 - PlexMusicMatcher - INFO - Got result despite timeout for: Dub Phizix, Skittles
2024-12-21 13:57:44,710 - PlexMusicMatcher - WARNING - Matching timed out for artist: Fractal Designs (took 21.8s, threshold: 15s)
2024-12-21 13:57:44,710 - PlexMusicMatcher - INFO - Got result despite timeout for: Fractal Designs
2024-12-21 13:58:14,719 - PlexMusicMatcher - WARNING - Matching timed out for artist: Guillaume Defradat (took 22.3s, threshold: 15s)
2024-12-21 13:58:14,720 - PlexMusicMatcher - INFO - Got result despite timeout for: Guillaume Defradat
2024-12-21 13:58:44,727 - PlexMusicMatcher - WARNING - Matching timed out for artist: Indeb (took 22.0s, threshold: 15s)
2024-12-21 13:58:44,727 - PlexMusicMatcher - INFO - Got result despite timeout for: Indeb
2024-12-21 13:59:14,744 - PlexMusicMatcher - WARNING - Matching timed out for artist: JuliáN ÁVila (took 22.6s, threshold: 15s)
2024-12-21 13:59:14,745 - PlexMusicMatcher - INFO - Got result despite timeout for: JuliáN ÁVila
2024-12-21 13:59:44,914 - PlexMusicMatcher - WARNING - Matching timed out for artist: L*o*J (took 22.4s, threshold: 15s)
2024-12-21 13:59:44,915 - PlexMusicMatcher - INFO - Got result despite timeout for: L*o*J
2024-12-21 14:00:14,706 - PlexMusicMatcher - WARNING - Matching timed out for artist: LudjixBoyz (took 21.9s, threshold: 15s)
2024-12-21 14:00:14,707 - PlexMusicMatcher - INFO - Got result despite timeout for: LudjixBoyz
2024-12-21 14:00:44,768 - PlexMusicMatcher - WARNING - Matching timed out for artist: Meditation Loopable Sounds (took 22.4s, threshold: 15s)
2024-12-21 14:00:44,768 - PlexMusicMatcher - INFO - Got result despite timeout for: Meditation Loopable Sounds
2024-12-21 14:01:14,713 - PlexMusicMatcher - WARNING - Matching timed out for artist: Mxverick (took 22.5s, threshold: 15s)
2024-12-21 14:01:14,713 - PlexMusicMatcher - INFO - Got result despite timeout for: Mxverick
2024-12-21 14:01:44,767 - PlexMusicMatcher - WARNING - Matching timed out for artist: Odecityfire (took 22.2s, threshold: 15s)
2024-12-21 14:01:44,767 - PlexMusicMatcher - INFO - Got result despite timeout for: Odecityfire
2024-12-21 14:02:14,770 - PlexMusicMatcher - WARNING - Matching timed out for artist: Pr!ce (took 22.4s, threshold: 15s)
2024-12-21 14:02:14,771 - PlexMusicMatcher - INFO - Got result despite timeout for: Pr!ce
2024-12-21 14:02:44,873 - PlexMusicMatcher - WARNING - Matching timed out for artist: She Has A Cold Cold Heart (took 22.7s, threshold: 15s)
2024-12-21 14:02:44,873 - PlexMusicMatcher - INFO - Got result despite timeout for: She Has A Cold Cold Heart
2024-12-21 14:03:14,752 - PlexMusicMatcher - WARNING - Matching timed out for artist: Static Garden (took 22.1s, threshold: 15s)
2024-12-21 14:03:14,753 - PlexMusicMatcher - INFO - Got result despite timeout for: Static Garden
2024-12-21 14:03:44,744 - PlexMusicMatcher - WARNING - Matching timed out for artist: Tiki Taka (took 22.4s, threshold: 15s)
2024-12-21 14:03:44,744 - PlexMusicMatcher - INFO - Got result despite timeout for: Tiki Taka
2024-12-21 14:04:14,810 - PlexMusicMatcher - WARNING - Matching timed out for artist: Will Butler vs The Knocks (took 22.0s, threshold: 15s)
2024-12-21 14:04:14,811 - PlexMusicMatcher - INFO - Got result despite timeout for: Will Butler vs The Knocks
2024-12-21 14:04:44,732 - PlexMusicMatcher - WARNING - Matching timed out for artist: ХЛЕБ (took 22.8s, threshold: 15s)
2024-12-21 14:04:44,732 - PlexMusicMatcher - INFO - Got result despite timeout for: ХЛЕБ
2024-12-21 14:04:46,680 - PlexMusicMatcher - INFO - ==================================================
2024-12-21 14:04:46,680 - PlexMusicMatcher - INFO - Total artists processed: 520
2024-12-21 14:04:46,681 - PlexMusicMatcher - INFO - Automatic matches: 513 (98.7%)
2024-12-21 14:04:46,681 - PlexMusicMatcher - INFO - Needs review: 6 (1.2%)
2024-12-21 14:04:46,681 - PlexMusicMatcher - INFO - No matches found: 1 (0.2%)
2024-12-21 14:04:46,681 - PlexMusicMatcher - INFO - 
Automatic Matches:
2024-12-21 14:04:46,681 - PlexMusicMatcher - INFO - ==================================================
2024-12-21 14:04:46,682 - PlexMusicMatcher - INFO - 
Match 1:
2024-12-21 14:04:46,682 - PlexMusicMatcher - INFO - Plex Artist: 5hags
Spotify Match: 5hags
Confidence: 100.00%
Match Type: exact
Popularity: 4/100
2024-12-21 14:04:46,682 - PlexMusicMatcher - INFO - 
Match 2:
2024-12-21 14:04:46,682 - PlexMusicMatcher - INFO - Plex Artist: 7-Pm
Spotify Match: 7-Pm
Confidence: 100.00%
Match Type: exact
Popularity: 5/100
2024-12-21 14:04:46,683 - PlexMusicMatcher - INFO - 
Match 3:
2024-12-21 14:04:46,683 - PlexMusicMatcher - INFO - Plex Artist: 7XL
Spotify Match: 7XL
Confidence: 100.00%
Match Type: exact
Popularity: 4/100

Alternative matches:
  1. 7XL (Popularity: 0/100)
2024-12-21 14:04:46,683 - PlexMusicMatcher - INFO - 
Match 4:
2024-12-21 14:04:46,683 - PlexMusicMatcher - INFO - Plex Artist: 98.Morelo
Spotify Match: 98.Morelo
Confidence: 100.00%
Match Type: exact
Popularity: 0/100

Alternative matches:
  1. 98.morelo (Popularity: 11/100)
2024-12-21 14:04:46,684 - PlexMusicMatcher - INFO - 
Match 5:
2024-12-21 14:04:46,684 - PlexMusicMatcher - INFO - Plex Artist: Aaron Doh
Spotify Match: Aaron Doh
Confidence: 100.00%
Match Type: exact
Popularity: 17/100
2024-12-21 14:04:46,684 - PlexMusicMatcher - INFO - 
Matches Needing Review:
2024-12-21 14:04:46,685 - PlexMusicMatcher - INFO - ==================================================
2024-12-21 14:04:46,685 - PlexMusicMatcher - INFO - 
Potential Match 1:
2024-12-21 14:04:46,685 - PlexMusicMatcher - INFO - Plex Artist: AmusicalSomebody
Spotify Match: Adam Pascal
Confidence: 59.64%
Match Type: fuzzy
Popularity: 52/100
Genres: broadway, hollywood, show tunes

Alternative matches:
  1. Amick Byram (Popularity: 43/100)
  2. Alice Lee (Popularity: 56/100)
  3. Christy Altomare (Popularity: 55/100)
  4. Anna Lea (Popularity: 62/100)
2024-12-21 14:04:46,686 - PlexMusicMatcher - INFO - 
Potential Match 2:
2024-12-21 14:04:46,686 - PlexMusicMatcher - INFO - Plex Artist: DJ HASAN THE MONEY SCOUT
Spotify Match: DJ Money Fresh
Confidence: 64.63%
Match Type: fuzzy
Popularity: 20/100
Genres: bounce

Alternative matches:
  1. Dj Marc Money (Popularity: 8/100)
  2. DJ C Money (Popularity: 11/100)
  3. DJ Crashout (Popularity: 20/100)
  4. DJ HASAN IRSAN (Popularity: 2/100)
2024-12-21 14:04:46,687 - PlexMusicMatcher - INFO - 
Potential Match 3:
2024-12-21 14:04:46,687 - PlexMusicMatcher - INFO - Plex Artist: Malone Alone
Spotify Match: SUMMER ALONE
Confidence: 78.57%
Match Type: fuzzy
Popularity: 44/100

Alternative matches:
  1. Malone (Popularity: 14/100)
  2. Malone (Popularity: 13/100)
  3. alone (Popularity: 44/100)
  4. Malóne (Popularity: 53/100)
2024-12-21 14:04:46,688 - PlexMusicMatcher - INFO - 
Potential Match 4:
2024-12-21 14:04:46,688 - PlexMusicMatcher - INFO - Plex Artist: MGXTXM
Spotify Match: MXMS
Confidence: 73.20%
Match Type: fuzzy
Popularity: 32/100
Genres: dark pop, la pop

Alternative matches:
  1. MXTZ (Popularity: 50/100)
  2. MXRGX (Popularity: 41/100)
  3. MxMxM (Popularity: 30/100)
  4. MXPEX (Popularity: 42/100)
2024-12-21 14:04:46,689 - PlexMusicMatcher - INFO - 
Potential Match 5:
2024-12-21 14:04:46,689 - PlexMusicMatcher - INFO - Plex Artist: Nadzieja Nowak
Spotify Match: Nadija Lapina
Confidence: 78.27%
Match Type: fuzzy
Popularity: 41/100

Alternative matches:
  1. Paweł Nowak (Popularity: 31/100)
  2. Aleksy Nowak (Popularity: 50/100)
  3. Antonina Nowacka (Popularity: 22/100)
  4. Nadia Tarnawsky (Popularity: 10/100)
2024-12-21 14:04:46,690 - PlexMusicMatcher - INFO - 
No Matches Found For:
2024-12-21 14:04:46,690 - PlexMusicMatcher - INFO - ==================================================
2024-12-21 14:04:46,690 - PlexMusicMatcher - INFO - 1. 利尔·伊泽
2024-12-21 14:04:46,690 - PlexMusicMatcher - INFO - 
Processing Summary:
2024-12-21 14:04:46,691 - PlexMusicMatcher - INFO - ==================================================
2024-12-21 14:04:46,691 - PlexMusicMatcher - INFO - Total artists processed: 520
2024-12-21 14:04:46,691 - PlexMusicMatcher - INFO - Automatic matches: 513 (98.7%)
2024-12-21 14:04:46,691 - PlexMusicMatcher - INFO - Needs review: 6 (1.2%)
2024-12-21 14:04:46,691 - PlexMusicMatcher - INFO - No matches found: 1 (0.2%)
2024-12-21 14:04:46,692 - PlexMusicMatcher - INFO - 
Would you like to:
2024-12-21 14:04:46,692 - PlexMusicMatcher - INFO - 1. Review potential matches
2024-12-21 14:04:46,692 - PlexMusicMatcher - INFO - 2. Apply updates to Plex
2024-12-21 14:04:46,692 - PlexMusicMatcher - INFO - 3. Save results for later
2024-12-21 14:04:46,693 - PlexMusicMatcher - INFO - 4. Exit
2024-12-21 14:06:18,077 - PlexMusicMatcher - INFO - 
Review completed with 6 decisions made.
2024-12-21 14:06:18,101 - PlexMusicMatcher - INFO - Results and decisions saved with session ID: 20241221_140618
