2024-12-21 20:56:06,325 - PlexMusicMatcher - INFO - Loading configuration...
2024-12-21 20:56:06,325 - PlexMusicMatcher - INFO - Configuration loaded successfully!
2024-12-21 20:56:06,325 - PlexMusicMatcher - INFO - Initializing Spotify connection...
2024-12-21 20:56:06,326 - PlexMusicMatcher - INFO - Successfully connected to Spotify API
2024-12-21 20:56:06,630 - PlexMusicMatcher - INFO - Initializing Plex connection...
2024-12-21 20:56:06,631 - PlexMusicMatcher - INFO - Connecting to Plex server at http://192.168.86.21:32400/...
2024-12-21 20:56:06,636 - PlexMusicMatcher - INFO - Successfully connected to Plex server: ThomasArchives
2024-12-21 20:56:06,640 - PlexMusicMatcher - INFO - Successfully connected to music library: Music
2024-12-21 20:56:06,640 - PlexMusicMatcher - INFO - Plex Server Version: 1.41.3.9292-bc7397402
2024-12-21 20:56:06,676 - PlexMusicMatcher - INFO - Successfully accessed music library
2024-12-21 20:56:06,677 - PlexMusicMatcher - INFO - Scanning for unmatched artists...
2024-12-21 20:56:06,677 - PlexMusicMatcher - INFO - Scanning for unmatched artists...
2024-12-21 20:56:11,325 - PlexMusicMatcher - INFO - Scanning 4554 total artists...
2024-12-21 20:56:35,697 - PlexMusicMatcher - INFO - 
Found 482 unmatched artists
2024-12-21 20:56:35,710 - PlexMusicMatcher - INFO - Found 482 unmatched artists
2024-12-21 20:56:35,711 - PlexMusicMatcher - INFO - Starting artist matching process...
2024-12-21 21:08:42,855 - PlexMusicMatcher - INFO - ==================================================
2024-12-21 21:08:42,855 - PlexMusicMatcher - INFO - Total artists processed: 482
2024-12-21 21:08:42,855 - PlexMusicMatcher - INFO - Automatic matches: 475 (98.5%)
2024-12-21 21:08:42,855 - PlexMusicMatcher - INFO - Needs review: 6 (1.2%)
2024-12-21 21:08:42,856 - PlexMusicMatcher - INFO - No matches found: 1 (0.2%)
2024-12-21 21:08:42,856 - PlexMusicMatcher - INFO - 
Automatic Matches:
2024-12-21 21:08:42,856 - PlexMusicMatcher - INFO - ==================================================
2024-12-21 21:08:42,856 - PlexMusicMatcher - INFO - 
Match 1:
2024-12-21 21:08:42,856 - PlexMusicMatcher - INFO - Plex Artist: 5hags
Spotify Match: 5hags
Confidence: 100.00%
Match Type: exact
Popularity: 4/100
2024-12-21 21:08:42,857 - PlexMusicMatcher - INFO - 
Match 2:
2024-12-21 21:08:42,857 - PlexMusicMatcher - INFO - Plex Artist: 7-Pm
Spotify Match: 7-Pm
Confidence: 100.00%
Match Type: exact
Popularity: 5/100
2024-12-21 21:08:42,857 - PlexMusicMatcher - INFO - 
Match 3:
2024-12-21 21:08:42,858 - PlexMusicMatcher - INFO - Plex Artist: 7XL
Spotify Match: 7XL
Confidence: 100.00%
Match Type: exact
Popularity: 4/100

Alternative matches:
  1. 7XL (Popularity: 0/100)
2024-12-21 21:08:42,858 - PlexMusicMatcher - INFO - 
Match 4:
2024-12-21 21:08:42,859 - PlexMusicMatcher - INFO - Plex Artist: 98.Morelo
Spotify Match: 98.Morelo
Confidence: 100.00%
Match Type: exact
Popularity: 0/100

Alternative matches:
  1. 98.morelo (Popularity: 11/100)
2024-12-21 21:08:42,859 - PlexMusicMatcher - INFO - 
Match 5:
2024-12-21 21:08:42,859 - PlexMusicMatcher - INFO - Plex Artist: Aaron Doh
Spotify Match: Aaron Doh
Confidence: 100.00%
Match Type: exact
Popularity: 17/100
2024-12-21 21:08:42,859 - PlexMusicMatcher - INFO - 
Matches Needing Review:
2024-12-21 21:08:42,859 - PlexMusicMatcher - INFO - ==================================================
2024-12-21 21:08:42,860 - PlexMusicMatcher - INFO - 
Potential Match 1:
2024-12-21 21:08:42,860 - PlexMusicMatcher - INFO - Plex Artist: AmusicalSomebody
Spotify Match: Adam Pascal
Confidence: 59.64%
Match Type: fuzzy
Popularity: 52/100
Genres: broadway, hollywood, show tunes

Alternative matches:
  1. Amick Byram (Popularity: 43/100)
  2. Alice Lee (Popularity: 56/100)
  3. Christy Altomare (Popularity: 55/100)
  4. Anna Lea (Popularity: 62/100)
2024-12-21 21:08:42,860 - PlexMusicMatcher - INFO - 
Potential Match 2:
2024-12-21 21:08:42,860 - PlexMusicMatcher - INFO - Plex Artist: DJ HASAN THE MONEY SCOUT
Spotify Match: DJ Money Fresh
Confidence: 64.63%
Match Type: fuzzy
Popularity: 20/100
Genres: bounce

Alternative matches:
  1. Dj Marc Money (Popularity: 8/100)
  2. DJ C Money (Popularity: 11/100)
  3. DJ Crashout (Popularity: 20/100)
  4. DJ HASAN IRSAN (Popularity: 2/100)
2024-12-21 21:08:42,861 - PlexMusicMatcher - INFO - 
Potential Match 3:
2024-12-21 21:08:42,861 - PlexMusicMatcher - INFO - Plex Artist: Malone Alone
Spotify Match: SUMMER ALONE
Confidence: 78.57%
Match Type: fuzzy
Popularity: 44/100

Alternative matches:
  1. Malone (Popularity: 14/100)
  2. Malone (Popularity: 13/100)
  3. Post Malone (Popularity: 90/100)
  4. alone (Popularity: 44/100)
2024-12-21 21:08:42,861 - PlexMusicMatcher - INFO - 
Potential Match 4:
2024-12-21 21:08:42,861 - PlexMusicMatcher - INFO - Plex Artist: MGXTXM
Spotify Match: MxPx
Confidence: 74.90%
Match Type: fuzzy
Popularity: 49/100
Genres: christian punk, pop punk, punk

Alternative matches:
  1. MXMS (Popularity: 32/100)
  2. MXTZ (Popularity: 50/100)
  3. MXRGX (Popularity: 41/100)
  4. MxMxM (Popularity: 30/100)
2024-12-21 21:08:42,863 - PlexMusicMatcher - INFO - 
Potential Match 5:
2024-12-21 21:08:42,863 - PlexMusicMatcher - INFO - Plex Artist: Nadzieja Nowak
Spotify Match: Nadija Lapina
Confidence: 78.27%
Match Type: fuzzy
Popularity: 41/100

Alternative matches:
  1. Paweł Nowak (Popularity: 31/100)
  2. Aleksy Nowak (Popularity: 50/100)
  3. Antonina Nowacka (Popularity: 22/100)
  4. Nadia Tarnawsky (Popularity: 10/100)
2024-12-21 21:08:42,864 - PlexMusicMatcher - INFO - 
No Matches Found For:
2024-12-21 21:08:42,864 - PlexMusicMatcher - INFO - ==================================================
2024-12-21 21:08:42,864 - PlexMusicMatcher - INFO - 1. 利尔·伊泽
2024-12-21 21:08:42,864 - PlexMusicMatcher - INFO - 
Processing Summary:
2024-12-21 21:08:42,864 - PlexMusicMatcher - INFO - ==================================================
2024-12-21 21:08:42,864 - PlexMusicMatcher - INFO - Total artists processed: 482
2024-12-21 21:08:42,865 - PlexMusicMatcher - INFO - Automatic matches: 475 (98.5%)
2024-12-21 21:08:42,865 - PlexMusicMatcher - INFO - Needs review: 6 (1.2%)
2024-12-21 21:08:42,865 - PlexMusicMatcher - INFO - No matches found: 1 (0.2%)
2024-12-21 21:08:42,865 - PlexMusicMatcher - INFO - 
Found 475 automatic matches.
2024-12-21 21:08:42,865 - PlexMusicMatcher - INFO - Would you like to update these artists in Plex now? (y/n)
2024-12-21 21:08:55,342 - PlexMusicMatcher - INFO - 
Would you like to:
2024-12-21 21:08:55,342 - PlexMusicMatcher - INFO - 1. Review potential matches
2024-12-21 21:08:55,343 - PlexMusicMatcher - INFO - 2. Apply updates to Plex
2024-12-21 21:08:55,343 - PlexMusicMatcher - INFO - 3. Save results for later
2024-12-21 21:08:55,343 - PlexMusicMatcher - INFO - 4. Exit
2024-12-21 21:09:46,620 - PlexMusicMatcher - ERROR - Error in review session: Object of type SpotifyArtistInfo is not JSON serializable
2024-12-21 21:10:23,550 - PlexMusicMatcher - ERROR - Error in review session: Object of type SpotifyArtistInfo is not JSON serializable
2024-12-21 21:10:55,289 - PlexMusicMatcher - INFO - 
Review completed with 6 decisions made.
2024-12-21 21:10:55,308 - PlexMusicMatcher - INFO - Results and decisions saved with session ID: 20241221_211055
2024-12-21 21:10:55,308 - PlexMusicMatcher - INFO - 
Would you like to:
2024-12-21 21:10:55,308 - PlexMusicMatcher - INFO - 1. Review potential matches
2024-12-21 21:10:55,308 - PlexMusicMatcher - INFO - 2. Apply updates to Plex
2024-12-21 21:10:55,308 - PlexMusicMatcher - INFO - 3. Save results for later
2024-12-21 21:10:55,308 - PlexMusicMatcher - INFO - 4. Exit
2024-12-21 21:10:58,372 - PlexMusicMatcher - INFO - Starting Plex updates...
2024-12-21 21:10:58,372 - PlexMusicMatcher - INFO - Starting updates for 4 artists
2024-12-21 21:10:58,375 - PlexMusicMatcher - INFO - Processing AmusicalSomebody
2024-12-21 21:10:58,375 - PlexMusicMatcher - INFO - Updating Plex metadata for AmusicalSomebody
2024-12-21 21:10:58,375 - PlexMusicMatcher - INFO - Fetching Plex item for rating key: 50757
2024-12-21 21:10:58,382 - PlexMusicMatcher - INFO - Updating metadata for: Adam Pascal
2024-12-21 21:10:58,382 - PlexMusicMatcher - INFO - Generating bio for: Adam Pascal
2024-12-21 21:10:58,382 - PlexMusicMatcher - INFO - Bio generated and added to metadata updates
2024-12-21 21:10:58,383 - PlexMusicMatcher - INFO - Applying metadata updates
2024-12-21 21:10:58,386 - PlexMusicMatcher - INFO - Updating artist image
2024-12-21 21:10:58,543 - PlexMusicMatcher - INFO - Image update successful
2024-12-21 21:10:58,544 - PlexMusicMatcher - INFO - Successfully updated Adam Pascal
2024-12-21 21:10:58,544 - PlexMusicMatcher - INFO - Successfully updated AmusicalSomebody
2024-12-21 21:10:58,544 - PlexMusicMatcher - INFO - Processing DJ HASAN THE MONEY SCOUT
2024-12-21 21:10:58,544 - PlexMusicMatcher - INFO - Updating Plex metadata for DJ HASAN THE MONEY SCOUT
2024-12-21 21:10:58,544 - PlexMusicMatcher - INFO - Fetching Plex item for rating key: 166122
2024-12-21 21:10:58,548 - PlexMusicMatcher - INFO - Updating metadata for: DJ Hasan
2024-12-21 21:10:58,548 - PlexMusicMatcher - INFO - Generating bio for: DJ Hasan
2024-12-21 21:10:58,549 - PlexMusicMatcher - INFO - Bio generated and added to metadata updates
2024-12-21 21:10:58,549 - PlexMusicMatcher - INFO - Applying metadata updates
2024-12-21 21:10:58,552 - PlexMusicMatcher - INFO - Updating artist image
2024-12-21 21:10:58,901 - PlexMusicMatcher - INFO - Image update successful
2024-12-21 21:10:58,901 - PlexMusicMatcher - INFO - Successfully updated DJ Hasan
2024-12-21 21:10:58,901 - PlexMusicMatcher - INFO - Successfully updated DJ HASAN THE MONEY SCOUT
2024-12-21 21:10:58,902 - PlexMusicMatcher - INFO - Processing Malone Alone
2024-12-21 21:10:58,902 - PlexMusicMatcher - INFO - Updating Plex metadata for Malone Alone
2024-12-21 21:10:58,902 - PlexMusicMatcher - INFO - Fetching Plex item for rating key: 119711
2024-12-21 21:10:58,906 - PlexMusicMatcher - INFO - Updating metadata for: Malone
2024-12-21 21:10:58,906 - PlexMusicMatcher - INFO - Generating bio for: Malone
2024-12-21 21:10:58,906 - PlexMusicMatcher - INFO - Bio generated and added to metadata updates
2024-12-21 21:10:58,906 - PlexMusicMatcher - INFO - Applying metadata updates
2024-12-21 21:10:58,909 - PlexMusicMatcher - INFO - Updating artist image
2024-12-21 21:10:59,042 - PlexMusicMatcher - INFO - Image update successful
2024-12-21 21:10:59,042 - PlexMusicMatcher - INFO - Successfully updated Malone
2024-12-21 21:10:59,042 - PlexMusicMatcher - INFO - Successfully updated Malone Alone
2024-12-21 21:10:59,042 - PlexMusicMatcher - INFO - Skipping MGXTXM - action: no_match
2024-12-21 21:10:59,043 - PlexMusicMatcher - INFO - Skipping Nadzieja Nowak - action: no_match
2024-12-21 21:10:59,043 - PlexMusicMatcher - INFO - Processing ХЛЕБ
2024-12-21 21:10:59,043 - PlexMusicMatcher - INFO - Updating Plex metadata for ХЛЕБ
2024-12-21 21:10:59,043 - PlexMusicMatcher - INFO - Fetching Plex item for rating key: 378664
2024-12-21 21:10:59,047 - PlexMusicMatcher - INFO - Updating metadata for: ХЛЕБ ЯМА
2024-12-21 21:10:59,047 - PlexMusicMatcher - INFO - Generating bio for: ХЛЕБ ЯМА
2024-12-21 21:10:59,048 - PlexMusicMatcher - INFO - Bio generated and added to metadata updates
2024-12-21 21:10:59,048 - PlexMusicMatcher - INFO - Applying metadata updates
2024-12-21 21:10:59,051 - PlexMusicMatcher - INFO - No images available for artist
2024-12-21 21:10:59,051 - PlexMusicMatcher - INFO - Successfully updated ХЛЕБ ЯМА
2024-12-21 21:10:59,051 - PlexMusicMatcher - INFO - Successfully updated ХЛЕБ
2024-12-21 21:10:59,057 - PlexMusicMatcher - INFO - Updates completed!
