2024-12-21 19:29:17,737 - PlexMusicMatcher - INFO - Loading configuration...
2024-12-21 19:29:17,738 - PlexMusicMatcher - INFO - Configuration loaded successfully!
2024-12-21 19:29:17,738 - PlexMusicMatcher - INFO - Initializing Spotify connection...
2024-12-21 19:29:17,738 - PlexMusicMatcher - INFO - Successfully connected to Spotify API
2024-12-21 19:29:18,037 - PlexMusicMatcher - INFO - Initializing Plex connection...
2024-12-21 19:29:18,037 - PlexMusicMatcher - INFO - Connecting to Plex server at http://192.168.86.21:32400/...
2024-12-21 19:29:18,042 - PlexMusicMatcher - INFO - Successfully connected to Plex server: ThomasArchives
2024-12-21 19:29:18,047 - PlexMusicMatcher - INFO - Successfully connected to music library: Music
2024-12-21 19:29:18,047 - PlexMusicMatcher - INFO - Plex Server Version: 1.41.3.9292-bc7397402
2024-12-21 19:29:18,082 - PlexMusicMatcher - INFO - Successfully accessed music library
2024-12-21 19:29:18,083 - PlexMusicMatcher - INFO - Scanning for unmatched artists...
2024-12-21 19:29:18,083 - PlexMusicMatcher - INFO - Scanning for unmatched artists...
2024-12-21 19:29:22,563 - PlexMusicMatcher - INFO - Scanning 4592 total artists...
2024-12-21 19:29:47,178 - PlexMusicMatcher - INFO - 
Found 520 unmatched artists
2024-12-21 19:29:47,191 - PlexMusicMatcher - INFO - Found 520 unmatched artists
2024-12-21 19:29:47,191 - PlexMusicMatcher - INFO - Starting artist matching process...
2024-12-21 19:30:18,176 - PlexMusicMatcher - WARNING - Matching timed out for artist: Alkmeister (took 22.8s, threshold: 15s)
2024-12-21 19:30:18,176 - PlexMusicMatcher - INFO - Got result despite timeout for: Alkmeister
2024-12-21 19:30:48,092 - PlexMusicMatcher - WARNING - Matching timed out for artist: Asierhans (took 22.5s, threshold: 15s)
2024-12-21 19:30:48,093 - PlexMusicMatcher - INFO - Got result despite timeout for: Asierhans
2024-12-21 19:31:18,228 - PlexMusicMatcher - WARNING - Matching timed out for artist: Calvin King (took 22.7s, threshold: 15s)
2024-12-21 19:31:18,229 - PlexMusicMatcher - INFO - Got result despite timeout for: Calvin King
2024-12-21 19:31:48,200 - PlexMusicMatcher - WARNING - Matching timed out for artist: D.A (took 22.0s, threshold: 15s)
2024-12-21 19:31:48,200 - PlexMusicMatcher - INFO - Got result despite timeout for: D.A
2024-12-21 19:32:18,177 - PlexMusicMatcher - WARNING - Matching timed out for artist: Dirty Nick (took 23.1s, threshold: 15s)
2024-12-21 19:32:18,177 - PlexMusicMatcher - INFO - Got result despite timeout for: Dirty Nick
2024-12-21 19:32:48,198 - PlexMusicMatcher - WARNING - Matching timed out for artist: earthtown (took 22.3s, threshold: 15s)
2024-12-21 19:32:48,198 - PlexMusicMatcher - INFO - Got result despite timeout for: earthtown
2024-12-21 19:33:18,204 - PlexMusicMatcher - WARNING - Matching timed out for artist: Freedom Sharma (took 22.2s, threshold: 15s)
2024-12-21 19:33:18,204 - PlexMusicMatcher - INFO - Got result despite timeout for: Freedom Sharma
2024-12-21 19:33:48,147 - PlexMusicMatcher - WARNING - Matching timed out for artist: Hannes Holm (took 22.4s, threshold: 15s)
2024-12-21 19:33:48,147 - PlexMusicMatcher - INFO - Got result despite timeout for: Hannes Holm
2024-12-21 19:34:18,162 - PlexMusicMatcher - WARNING - Matching timed out for artist: jahjaylee & Justin Jay (took 22.0s, threshold: 15s)
2024-12-21 19:34:18,162 - PlexMusicMatcher - INFO - Got result despite timeout for: jahjaylee & Justin Jay
2024-12-21 19:34:48,211 - PlexMusicMatcher - WARNING - Matching timed out for artist: Kállay Saunders (took 22.4s, threshold: 15s)
2024-12-21 19:34:48,212 - PlexMusicMatcher - INFO - Got result despite timeout for: Kállay Saunders
2024-12-21 19:35:18,159 - PlexMusicMatcher - WARNING - Matching timed out for artist: Lauria INC (took 22.4s, threshold: 15s)
2024-12-21 19:35:18,159 - PlexMusicMatcher - INFO - Got result despite timeout for: Lauria INC
2024-12-21 19:35:48,191 - PlexMusicMatcher - WARNING - Matching timed out for artist: Lyncs (took 22.4s, threshold: 15s)
2024-12-21 19:35:48,191 - PlexMusicMatcher - INFO - Got result despite timeout for: Lyncs
2024-12-21 19:36:18,175 - PlexMusicMatcher - WARNING - Matching timed out for artist: MGXTXM (took 22.4s, threshold: 15s)
2024-12-21 19:36:18,176 - PlexMusicMatcher - INFO - Got result despite timeout for: MGXTXM
2024-12-21 19:36:48,192 - PlexMusicMatcher - WARNING - Matching timed out for artist: Myya's Diary (took 22.5s, threshold: 15s)
2024-12-21 19:36:48,193 - PlexMusicMatcher - INFO - Got result despite timeout for: Myya's Diary
2024-12-21 19:37:18,186 - PlexMusicMatcher - WARNING - Matching timed out for artist: ONE HOUSE (took 22.7s, threshold: 15s)
2024-12-21 19:37:18,187 - PlexMusicMatcher - INFO - Got result despite timeout for: ONE HOUSE
2024-12-21 19:37:48,108 - PlexMusicMatcher - WARNING - Matching timed out for artist: Rayess Bek (took 22.2s, threshold: 15s)
2024-12-21 19:37:48,108 - PlexMusicMatcher - INFO - Got result despite timeout for: Rayess Bek
2024-12-21 19:38:18,167 - PlexMusicMatcher - WARNING - Matching timed out for artist: Shwilly (took 22.6s, threshold: 15s)
2024-12-21 19:38:18,168 - PlexMusicMatcher - INFO - Got result despite timeout for: Shwilly
2024-12-21 19:38:48,169 - PlexMusicMatcher - WARNING - Matching timed out for artist: studiozada (took 22.6s, threshold: 15s)
2024-12-21 19:38:48,169 - PlexMusicMatcher - INFO - Got result despite timeout for: studiozada
2024-12-21 19:39:18,220 - PlexMusicMatcher - WARNING - Matching timed out for artist: Todd Beasley (took 22.5s, threshold: 15s)
2024-12-21 19:39:18,220 - PlexMusicMatcher - INFO - Got result despite timeout for: Todd Beasley
2024-12-21 19:39:48,173 - PlexMusicMatcher - WARNING - Matching timed out for artist: Xemba (took 22.5s, threshold: 15s)
2024-12-21 19:39:48,173 - PlexMusicMatcher - INFO - Got result despite timeout for: Xemba
2024-12-21 19:40:18,150 - PlexMusicMatcher - WARNING - Matching timed out for artist: 卡捷琳娜-凯丽 (took 23.4s, threshold: 15s)
2024-12-21 19:40:18,151 - PlexMusicMatcher - INFO - Got result despite timeout for: 卡捷琳娜-凯丽
2024-12-21 19:40:19,023 - PlexMusicMatcher - INFO - ==================================================
2024-12-21 19:40:19,024 - PlexMusicMatcher - INFO - Total artists processed: 520
2024-12-21 19:40:19,024 - PlexMusicMatcher - INFO - Automatic matches: 512 (98.5%)
2024-12-21 19:40:19,024 - PlexMusicMatcher - INFO - Needs review: 7 (1.3%)
2024-12-21 19:40:19,024 - PlexMusicMatcher - INFO - No matches found: 1 (0.2%)
2024-12-21 19:40:19,024 - PlexMusicMatcher - INFO - 
Automatic Matches:
2024-12-21 19:40:19,024 - PlexMusicMatcher - INFO - ==================================================
2024-12-21 19:40:19,024 - PlexMusicMatcher - INFO - 
Match 1:
2024-12-21 19:40:19,026 - PlexMusicMatcher - INFO - Plex Artist: 5hags
Spotify Match: 5hags
Confidence: 100.00%
Match Type: exact
Popularity: 4/100
2024-12-21 19:40:19,026 - PlexMusicMatcher - INFO - 
Match 2:
2024-12-21 19:40:19,026 - PlexMusicMatcher - INFO - Plex Artist: 7-Pm
Spotify Match: 7-Pm
Confidence: 100.00%
Match Type: exact
Popularity: 5/100
2024-12-21 19:40:19,026 - PlexMusicMatcher - INFO - 
Match 3:
2024-12-21 19:40:19,026 - PlexMusicMatcher - INFO - Plex Artist: 7XL
Spotify Match: 7XL
Confidence: 100.00%
Match Type: exact
Popularity: 4/100

Alternative matches:
  1. 7XL (Popularity: 0/100)
2024-12-21 19:40:19,027 - PlexMusicMatcher - INFO - 
Match 4:
2024-12-21 19:40:19,027 - PlexMusicMatcher - INFO - Plex Artist: 98.Morelo
Spotify Match: 98.Morelo
Confidence: 100.00%
Match Type: exact
Popularity: 0/100

Alternative matches:
  1. 98.morelo (Popularity: 11/100)
2024-12-21 19:40:19,027 - PlexMusicMatcher - INFO - 
Match 5:
2024-12-21 19:40:19,027 - PlexMusicMatcher - INFO - Plex Artist: Aaron Doh
Spotify Match: Aaron Doh
Confidence: 100.00%
Match Type: exact
Popularity: 17/100
2024-12-21 19:40:19,028 - PlexMusicMatcher - INFO - 
Matches Needing Review:
2024-12-21 19:40:19,028 - PlexMusicMatcher - INFO - ==================================================
2024-12-21 19:40:19,028 - PlexMusicMatcher - INFO - 
Potential Match 1:
2024-12-21 19:40:19,028 - PlexMusicMatcher - INFO - Plex Artist: AmusicalSomebody
Spotify Match: Adam Pascal
Confidence: 59.64%
Match Type: fuzzy
Popularity: 52/100
Genres: broadway, hollywood, show tunes

Alternative matches:
  1. Amick Byram (Popularity: 43/100)
  2. Alice Lee (Popularity: 56/100)
  3. Christy Altomare (Popularity: 55/100)
  4. Anna Lea (Popularity: 62/100)
2024-12-21 19:40:19,029 - PlexMusicMatcher - INFO - 
Potential Match 2:
2024-12-21 19:40:19,029 - PlexMusicMatcher - INFO - Plex Artist: DJ HASAN THE MONEY SCOUT
Spotify Match: DJ Money Fresh
Confidence: 64.63%
Match Type: fuzzy
Popularity: 20/100
Genres: bounce

Alternative matches:
  1. Dj Marc Money (Popularity: 8/100)
  2. DJ C Money (Popularity: 11/100)
  3. DJ Crashout (Popularity: 20/100)
  4. DJ HASAN IRSAN (Popularity: 2/100)
2024-12-21 19:40:19,030 - PlexMusicMatcher - INFO - 
Potential Match 3:
2024-12-21 19:40:19,030 - PlexMusicMatcher - INFO - Plex Artist: Malone Alone
Spotify Match: SUMMER ALONE
Confidence: 78.57%
Match Type: fuzzy
Popularity: 44/100

Alternative matches:
  1. Malone (Popularity: 14/100)
  2. Malone (Popularity: 13/100)
  3. Post Malone (Popularity: 90/100)
  4. alone (Popularity: 44/100)
2024-12-21 19:40:19,031 - PlexMusicMatcher - INFO - 
Potential Match 4:
2024-12-21 19:40:19,031 - PlexMusicMatcher - INFO - Plex Artist: MGXTXM
Spotify Match: MXMS
Confidence: 73.20%
Match Type: fuzzy
Popularity: 32/100
Genres: dark pop, la pop

Alternative matches:
  1. MXTZ (Popularity: 50/100)
  2. MXRGX (Popularity: 41/100)
  3. MxMxM (Popularity: 30/100)
  4. MXPEX (Popularity: 42/100)
2024-12-21 19:40:19,032 - PlexMusicMatcher - INFO - 
Potential Match 5:
2024-12-21 19:40:19,032 - PlexMusicMatcher - INFO - Plex Artist: Music Army VN
Spotify Match: The U.S. Army Airborne
Confidence: 67.35%
Match Type: fuzzy
Popularity: 28/100
Genres: military band, military cadence

Alternative matches:
  1. One Music (Popularity: 40/100)
  2. MIN (Popularity: 58/100)
  3. Vprod Music (Popularity: 31/100)
  4. Quốc Thiên (Popularity: 51/100)
2024-12-21 19:40:19,033 - PlexMusicMatcher - INFO - 
No Matches Found For:
2024-12-21 19:40:19,033 - PlexMusicMatcher - INFO - ==================================================
2024-12-21 19:40:19,033 - PlexMusicMatcher - INFO - 1. 利尔·伊泽
2024-12-21 19:40:19,033 - PlexMusicMatcher - INFO - 
Processing Summary:
2024-12-21 19:40:19,034 - PlexMusicMatcher - INFO - ==================================================
2024-12-21 19:40:19,034 - PlexMusicMatcher - INFO - Total artists processed: 520
2024-12-21 19:40:19,034 - PlexMusicMatcher - INFO - Automatic matches: 512 (98.5%)
2024-12-21 19:40:19,034 - PlexMusicMatcher - INFO - Needs review: 7 (1.3%)
2024-12-21 19:40:19,034 - PlexMusicMatcher - INFO - No matches found: 1 (0.2%)
2024-12-21 19:40:19,035 - PlexMusicMatcher - INFO - 
Found 512 automatic matches.
2024-12-21 19:40:19,035 - PlexMusicMatcher - INFO - Would you like to update these artists in Plex now? (y/n)
2024-12-21 19:41:38,952 - PlexMusicMatcher - INFO - Starting updates for 512 artists
2024-12-21 19:41:38,955 - PlexMusicMatcher - INFO - Processing 5hags
2024-12-21 19:41:38,955 - PlexMusicMatcher - INFO - Updating Plex metadata for 5hags
2024-12-21 19:41:38,955 - PlexMusicMatcher - INFO - Fetching Plex item for rating key: 159367
2024-12-21 19:41:38,961 - PlexMusicMatcher - INFO - Getting bio for artist: 5hags
2024-12-21 19:44:01,106 - PlexMusicMatcher - INFO - 
Update process interrupted by user
2024-12-21 19:44:01,111 - PlexMusicMatcher - INFO - 
Would you like to:
2024-12-21 19:44:01,112 - PlexMusicMatcher - INFO - 1. Review potential matches
2024-12-21 19:44:01,112 - PlexMusicMatcher - INFO - 2. Apply updates to Plex
2024-12-21 19:44:01,112 - PlexMusicMatcher - INFO - 3. Save results for later
2024-12-21 19:44:01,112 - PlexMusicMatcher - INFO - 4. Exit
2024-12-21 19:44:05,140 - PlexMusicMatcher - INFO - Exiting...
