2024-12-21 16:04:53,342 - PlexMusicMatcher - INFO - Loading configuration...
2024-12-21 16:04:53,343 - PlexMusicMatcher - INFO - Configuration loaded successfully!
2024-12-21 16:04:53,343 - PlexMusicMatcher - INFO - Initializing Spotify connection...
2024-12-21 16:04:53,344 - PlexMusicMatcher - INFO - Successfully connected to Spotify API
2024-12-21 16:04:53,621 - PlexMusicMatcher - INFO - Initializing Plex connection...
2024-12-21 16:04:53,621 - PlexMusicMatcher - INFO - Connecting to Plex server at http://192.168.86.21:32400/...
2024-12-21 16:04:53,627 - PlexMusicMatcher - INFO - Successfully connected to Plex server: ThomasArchives
2024-12-21 16:04:53,632 - PlexMusicMatcher - INFO - Successfully connected to music library: Music
2024-12-21 16:04:53,632 - PlexMusicMatcher - INFO - Plex Server Version: 1.41.3.9292-bc7397402
2024-12-21 16:04:53,665 - PlexMusicMatcher - INFO - Successfully accessed music library
2024-12-21 16:04:53,666 - PlexMusicMatcher - INFO - Scanning for unmatched artists...
2024-12-21 16:04:53,666 - PlexMusicMatcher - INFO - Scanning for unmatched artists...
2024-12-21 16:04:58,276 - PlexMusicMatcher - INFO - Scanning 4592 total artists...
2024-12-21 16:05:23,881 - PlexMusicMatcher - INFO - 
Found 520 unmatched artists
2024-12-21 16:05:23,895 - PlexMusicMatcher - INFO - Found 520 unmatched artists
2024-12-21 16:05:23,895 - PlexMusicMatcher - INFO - Starting artist matching process...
2024-12-21 16:05:54,095 - PlexMusicMatcher - WARNING - Matching timed out for artist: Alex Lambrino (took 22.4s, threshold: 15s)
2024-12-21 16:05:54,095 - PlexMusicMatcher - INFO - Got result despite timeout for: Alex Lambrino
2024-12-21 16:06:24,085 - PlexMusicMatcher - WARNING - Matching timed out for artist: Arup Das (took 22.4s, threshold: 15s)
2024-12-21 16:06:24,085 - PlexMusicMatcher - INFO - Got result despite timeout for: Arup Das
2024-12-21 16:06:54,072 - PlexMusicMatcher - WARNING - Matching timed out for artist: Brray, Anuel AA, Chencho Corleone, JHAYCO, Ryan Castro (took 22.4s, threshold: 15s)
2024-12-21 16:06:54,073 - PlexMusicMatcher - INFO - Got result despite timeout for: Brray, Anuel AA, Chencho Corleone, JHAYCO, Ryan Castro
2024-12-21 16:07:24,137 - PlexMusicMatcher - WARNING - Matching timed out for artist: Cyn Tremeau (took 22.1s, threshold: 15s)
2024-12-21 16:07:24,137 - PlexMusicMatcher - INFO - Got result despite timeout for: Cyn Tremeau
2024-12-21 16:07:54,103 - PlexMusicMatcher - WARNING - Matching timed out for artist: Dillon Francis & TV Noise (took 22.5s, threshold: 15s)
2024-12-21 16:07:54,103 - PlexMusicMatcher - INFO - Got result despite timeout for: Dillon Francis & TV Noise
2024-12-21 16:08:24,128 - PlexMusicMatcher - WARNING - Matching timed out for artist: Dub Phizix, Skittles (took 22.6s, threshold: 15s)
2024-12-21 16:08:24,128 - PlexMusicMatcher - INFO - Got result despite timeout for: Dub Phizix, Skittles
2024-12-21 16:08:54,107 - PlexMusicMatcher - WARNING - Matching timed out for artist: Fractal Designs (took 21.8s, threshold: 15s)
2024-12-21 16:08:54,107 - PlexMusicMatcher - INFO - Got result despite timeout for: Fractal Designs
2024-12-21 16:09:24,136 - PlexMusicMatcher - WARNING - Matching timed out for artist: Guillaume Defradat (took 22.3s, threshold: 15s)
2024-12-21 16:09:24,136 - PlexMusicMatcher - INFO - Got result despite timeout for: Guillaume Defradat
2024-12-21 16:09:54,088 - PlexMusicMatcher - WARNING - Matching timed out for artist: Indeb (took 21.9s, threshold: 15s)
2024-12-21 16:09:54,089 - PlexMusicMatcher - INFO - Got result despite timeout for: Indeb
2024-12-21 16:10:24,180 - PlexMusicMatcher - WARNING - Matching timed out for artist: JuliáN ÁVila (took 22.5s, threshold: 15s)
2024-12-21 16:10:24,181 - PlexMusicMatcher - INFO - Got result despite timeout for: JuliáN ÁVila
2024-12-21 16:10:54,399 - PlexMusicMatcher - WARNING - Matching timed out for artist: L*o*J (took 22.2s, threshold: 15s)
2024-12-21 16:10:54,399 - PlexMusicMatcher - INFO - Got result despite timeout for: L*o*J
2024-12-21 16:11:24,192 - PlexMusicMatcher - WARNING - Matching timed out for artist: LudjixBoyz (took 21.8s, threshold: 15s)
2024-12-21 16:11:24,193 - PlexMusicMatcher - INFO - Got result despite timeout for: LudjixBoyz
2024-12-21 16:11:54,204 - PlexMusicMatcher - WARNING - Matching timed out for artist: Meditation Loopable Sounds (took 22.1s, threshold: 15s)
2024-12-21 16:11:54,204 - PlexMusicMatcher - INFO - Got result despite timeout for: Meditation Loopable Sounds
2024-12-21 16:12:24,083 - PlexMusicMatcher - WARNING - Matching timed out for artist: Mxverick (took 21.9s, threshold: 15s)
2024-12-21 16:12:24,083 - PlexMusicMatcher - INFO - Got result despite timeout for: Mxverick
2024-12-21 16:12:54,119 - PlexMusicMatcher - WARNING - Matching timed out for artist: Odecityfire (took 22.5s, threshold: 15s)
2024-12-21 16:12:54,119 - PlexMusicMatcher - INFO - Got result despite timeout for: Odecityfire
2024-12-21 16:13:24,131 - PlexMusicMatcher - WARNING - Matching timed out for artist: Pr!ce (took 22.4s, threshold: 15s)
2024-12-21 16:13:24,132 - PlexMusicMatcher - INFO - Got result despite timeout for: Pr!ce
2024-12-21 16:13:54,171 - PlexMusicMatcher - WARNING - Matching timed out for artist: She Has A Cold Cold Heart (took 22.6s, threshold: 15s)
2024-12-21 16:13:54,172 - PlexMusicMatcher - INFO - Got result despite timeout for: She Has A Cold Cold Heart
2024-12-21 16:14:24,160 - PlexMusicMatcher - WARNING - Matching timed out for artist: Static Garden (took 21.9s, threshold: 15s)
2024-12-21 16:14:24,160 - PlexMusicMatcher - INFO - Got result despite timeout for: Static Garden
2024-12-21 16:14:54,116 - PlexMusicMatcher - WARNING - Matching timed out for artist: Tiki Taka (took 22.2s, threshold: 15s)
2024-12-21 16:14:54,116 - PlexMusicMatcher - INFO - Got result despite timeout for: Tiki Taka
2024-12-21 16:15:24,189 - PlexMusicMatcher - WARNING - Matching timed out for artist: Will Butler vs The Knocks (took 22.0s, threshold: 15s)
2024-12-21 16:15:24,189 - PlexMusicMatcher - INFO - Got result despite timeout for: Will Butler vs The Knocks
2024-12-21 16:15:54,071 - PlexMusicMatcher - WARNING - Matching timed out for artist: ХЛЕБ (took 22.7s, threshold: 15s)
2024-12-21 16:15:54,071 - PlexMusicMatcher - INFO - Got result despite timeout for: ХЛЕБ
2024-12-21 16:15:56,050 - PlexMusicMatcher - INFO - ==================================================
2024-12-21 16:15:56,050 - PlexMusicMatcher - INFO - Total artists processed: 520
2024-12-21 16:15:56,050 - PlexMusicMatcher - INFO - Automatic matches: 513 (98.7%)
2024-12-21 16:15:56,051 - PlexMusicMatcher - INFO - Needs review: 6 (1.2%)
2024-12-21 16:15:56,051 - PlexMusicMatcher - INFO - No matches found: 1 (0.2%)
2024-12-21 16:15:56,051 - PlexMusicMatcher - INFO - 
Automatic Matches:
2024-12-21 16:15:56,051 - PlexMusicMatcher - INFO - ==================================================
2024-12-21 16:15:56,051 - PlexMusicMatcher - INFO - 
Match 1:
2024-12-21 16:15:56,051 - PlexMusicMatcher - INFO - Plex Artist: 5hags
Spotify Match: 5hags
Confidence: 100.00%
Match Type: exact
Popularity: 4/100
2024-12-21 16:15:56,052 - PlexMusicMatcher - INFO - 
Match 2:
2024-12-21 16:15:56,052 - PlexMusicMatcher - INFO - Plex Artist: 7-Pm
Spotify Match: 7-Pm
Confidence: 100.00%
Match Type: exact
Popularity: 5/100
2024-12-21 16:15:56,052 - PlexMusicMatcher - INFO - 
Match 3:
2024-12-21 16:15:56,052 - PlexMusicMatcher - INFO - Plex Artist: 7XL
Spotify Match: 7XL
Confidence: 100.00%
Match Type: exact
Popularity: 4/100

Alternative matches:
  1. 7XL (Popularity: 0/100)
2024-12-21 16:15:56,053 - PlexMusicMatcher - INFO - 
Match 4:
2024-12-21 16:15:56,053 - PlexMusicMatcher - INFO - Plex Artist: 98.Morelo
Spotify Match: 98.Morelo
Confidence: 100.00%
Match Type: exact
Popularity: 0/100

Alternative matches:
  1. 98.morelo (Popularity: 11/100)
2024-12-21 16:15:56,053 - PlexMusicMatcher - INFO - 
Match 5:
2024-12-21 16:15:56,053 - PlexMusicMatcher - INFO - Plex Artist: Aaron Doh
Spotify Match: Aaron Doh
Confidence: 100.00%
Match Type: exact
Popularity: 17/100
2024-12-21 16:15:56,053 - PlexMusicMatcher - INFO - 
Matches Needing Review:
2024-12-21 16:15:56,054 - PlexMusicMatcher - INFO - ==================================================
2024-12-21 16:15:56,054 - PlexMusicMatcher - INFO - 
Potential Match 1:
2024-12-21 16:15:56,054 - PlexMusicMatcher - INFO - Plex Artist: AmusicalSomebody
Spotify Match: Adam Pascal
Confidence: 59.64%
Match Type: fuzzy
Popularity: 52/100
Genres: broadway, hollywood, show tunes

Alternative matches:
  1. Amick Byram (Popularity: 43/100)
  2. Alice Lee (Popularity: 56/100)
  3. Christy Altomare (Popularity: 55/100)
  4. Anna Lea (Popularity: 62/100)
2024-12-21 16:15:56,054 - PlexMusicMatcher - INFO - 
Potential Match 2:
2024-12-21 16:15:56,055 - PlexMusicMatcher - INFO - Plex Artist: DJ HASAN THE MONEY SCOUT
Spotify Match: DJ C Money
Confidence: 61.54%
Match Type: fuzzy
Popularity: 11/100

Alternative matches:
  1. DJ Crashout (Popularity: 20/100)
  2. DJ HASAN IRSAN (Popularity: 2/100)
  3. DJ Hassan Original (Popularity: 3/100)
  4. Dj Money (Popularity: 23/100)
2024-12-21 16:15:56,055 - PlexMusicMatcher - INFO - 
Potential Match 3:
2024-12-21 16:15:56,056 - PlexMusicMatcher - INFO - Plex Artist: Malone Alone
Spotify Match: SUMMER ALONE
Confidence: 78.57%
Match Type: fuzzy
Popularity: 44/100

Alternative matches:
  1. Malone (Popularity: 14/100)
  2. Malone (Popularity: 13/100)
  3. Post Malone (Popularity: 90/100)
  4. alone (Popularity: 44/100)
2024-12-21 16:15:56,056 - PlexMusicMatcher - INFO - 
Potential Match 4:
2024-12-21 16:15:56,056 - PlexMusicMatcher - INFO - Plex Artist: MGXTXM
Spotify Match: MxPx
Confidence: 74.90%
Match Type: fuzzy
Popularity: 49/100
Genres: christian punk, pop punk, punk

Alternative matches:
  1. MXMS (Popularity: 32/100)
  2. MXTZ (Popularity: 50/100)
  3. MXRGX (Popularity: 41/100)
  4. MxMxM (Popularity: 30/100)
2024-12-21 16:15:56,057 - PlexMusicMatcher - INFO - 
Potential Match 5:
2024-12-21 16:15:56,057 - PlexMusicMatcher - INFO - Plex Artist: Nadzieja Nowak
Spotify Match: Nadija Lapina
Confidence: 78.27%
Match Type: fuzzy
Popularity: 41/100

Alternative matches:
  1. Paweł Nowak (Popularity: 31/100)
  2. Aleksy Nowak (Popularity: 50/100)
  3. Antonina Nowacka (Popularity: 22/100)
  4. Nadia Tarnawsky (Popularity: 10/100)
2024-12-21 16:15:56,058 - PlexMusicMatcher - INFO - 
No Matches Found For:
2024-12-21 16:15:56,058 - PlexMusicMatcher - INFO - ==================================================
2024-12-21 16:15:56,059 - PlexMusicMatcher - INFO - 1. 利尔·伊泽
2024-12-21 16:15:56,059 - PlexMusicMatcher - INFO - 
Processing Summary:
2024-12-21 16:15:56,059 - PlexMusicMatcher - INFO - ==================================================
2024-12-21 16:15:56,059 - PlexMusicMatcher - INFO - Total artists processed: 520
2024-12-21 16:15:56,059 - PlexMusicMatcher - INFO - Automatic matches: 513 (98.7%)
2024-12-21 16:15:56,059 - PlexMusicMatcher - INFO - Needs review: 6 (1.2%)
2024-12-21 16:15:56,060 - PlexMusicMatcher - INFO - No matches found: 1 (0.2%)
2024-12-21 16:15:56,060 - PlexMusicMatcher - INFO - 
Found 513 automatic matches.
2024-12-21 16:15:56,060 - PlexMusicMatcher - INFO - Would you like to update these artists in Plex now? (y/n)
