2024-12-21 16:25:29,592 - PlexMusicMatcher - INFO - Loading configuration...
2024-12-21 16:25:29,593 - PlexMusicMatcher - INFO - Configuration loaded successfully!
2024-12-21 16:25:29,593 - PlexMusicMatcher - INFO - Initializing Spotify connection...
2024-12-21 16:25:29,593 - PlexMusicMatcher - INFO - Successfully connected to Spotify API
2024-12-21 16:25:29,883 - PlexMusicMatcher - INFO - Initializing Plex connection...
2024-12-21 16:25:29,883 - PlexMusicMatcher - INFO - Connecting to Plex server at http://192.168.86.21:32400/...
2024-12-21 16:25:29,888 - PlexMusicMatcher - INFO - Successfully connected to Plex server: ThomasArchives
2024-12-21 16:25:29,892 - PlexMusicMatcher - INFO - Successfully connected to music library: Music
2024-12-21 16:25:29,893 - PlexMusicMatcher - INFO - Plex Server Version: 1.41.3.9292-bc7397402
2024-12-21 16:25:29,928 - PlexMusicMatcher - INFO - Successfully accessed music library
2024-12-21 16:25:29,929 - PlexMusicMatcher - INFO - Scanning for unmatched artists...
2024-12-21 16:25:29,929 - PlexMusicMatcher - INFO - Scanning for unmatched artists...
2024-12-21 16:25:34,324 - PlexMusicMatcher - INFO - Scanning 4592 total artists...
2024-12-21 16:25:59,567 - PlexMusicMatcher - INFO - 
Found 520 unmatched artists
2024-12-21 16:25:59,580 - PlexMusicMatcher - INFO - Found 520 unmatched artists
2024-12-21 16:25:59,581 - PlexMusicMatcher - INFO - Starting artist matching process...
2024-12-21 16:26:30,078 - PlexMusicMatcher - WARNING - Matching timed out for artist: Alex Math (took 22.4s, threshold: 15s)
2024-12-21 16:26:30,079 - PlexMusicMatcher - INFO - Got result despite timeout for: Alex Math
2024-12-21 16:26:59,977 - PlexMusicMatcher - WARNING - Matching timed out for artist: Aryll Fae (took 22.4s, threshold: 15s)
2024-12-21 16:26:59,977 - PlexMusicMatcher - INFO - Got result despite timeout for: Aryll Fae
2024-12-21 16:27:30,064 - PlexMusicMatcher - WARNING - Matching timed out for artist: C-Trip (took 22.4s, threshold: 15s)
2024-12-21 16:27:30,065 - PlexMusicMatcher - INFO - Got result despite timeout for: C-Trip
2024-12-21 16:28:00,322 - PlexMusicMatcher - WARNING - Matching timed out for artist: Czeluść (Jutrø & Kosa) (took 22.3s, threshold: 15s)
2024-12-21 16:28:00,322 - PlexMusicMatcher - INFO - Got result despite timeout for: Czeluść (Jutrø & Kosa)
2024-12-21 16:28:30,111 - PlexMusicMatcher - WARNING - Matching timed out for artist: Dimitri Vegas & Like Mike & Diplo (took 22.9s, threshold: 15s)
2024-12-21 16:28:30,111 - PlexMusicMatcher - INFO - Got result despite timeout for: Dimitri Vegas & Like Mike & Diplo
2024-12-21 16:29:00,236 - PlexMusicMatcher - WARNING - Matching timed out for artist: Duy Ngoc (took 22.5s, threshold: 15s)
2024-12-21 16:29:00,236 - PlexMusicMatcher - INFO - Got result despite timeout for: Duy Ngoc
2024-12-21 16:29:30,055 - PlexMusicMatcher - WARNING - Matching timed out for artist: Frame (KR) (took 22.1s, threshold: 15s)
2024-12-21 16:29:30,055 - PlexMusicMatcher - INFO - Got result despite timeout for: Frame (KR)
2024-12-21 16:30:00,082 - PlexMusicMatcher - WARNING - Matching timed out for artist: GURSKIY (took 22.4s, threshold: 15s)
2024-12-21 16:30:00,082 - PlexMusicMatcher - INFO - Got result despite timeout for: GURSKIY
2024-12-21 16:30:30,132 - PlexMusicMatcher - WARNING - Matching timed out for artist: INTERNATIONAL WAV (took 21.7s, threshold: 15s)
2024-12-21 16:30:30,132 - PlexMusicMatcher - INFO - Got result despite timeout for: INTERNATIONAL WAV
2024-12-21 16:31:00,122 - PlexMusicMatcher - WARNING - Matching timed out for artist: Juvenile Delinquents (took 22.2s, threshold: 15s)
2024-12-21 16:31:00,123 - PlexMusicMatcher - INFO - Got result despite timeout for: Juvenile Delinquents
2024-12-21 16:31:30,105 - PlexMusicMatcher - WARNING - Matching timed out for artist: Lake Orchard (took 22.0s, threshold: 15s)
2024-12-21 16:31:30,106 - PlexMusicMatcher - INFO - Got result despite timeout for: Lake Orchard
2024-12-21 16:32:00,063 - PlexMusicMatcher - WARNING - Matching timed out for artist: Luisah (took 21.9s, threshold: 15s)
2024-12-21 16:32:00,064 - PlexMusicMatcher - INFO - Got result despite timeout for: Luisah
2024-12-21 16:32:30,068 - PlexMusicMatcher - WARNING - Matching timed out for artist: Mfinity (took 21.7s, threshold: 15s)
2024-12-21 16:32:30,069 - PlexMusicMatcher - INFO - Got result despite timeout for: Mfinity
2024-12-21 16:33:00,217 - PlexMusicMatcher - WARNING - Matching timed out for artist: My Wondrous Dream (took 22.6s, threshold: 15s)
2024-12-21 16:33:00,217 - PlexMusicMatcher - INFO - Got result despite timeout for: My Wondrous Dream
2024-12-21 16:33:30,042 - PlexMusicMatcher - WARNING - Matching timed out for artist: OG KEMi (took 22.1s, threshold: 15s)
2024-12-21 16:33:30,042 - PlexMusicMatcher - INFO - Got result despite timeout for: OG KEMi
2024-12-21 16:34:00,078 - PlexMusicMatcher - WARNING - Matching timed out for artist: Prima, Barely Royal (took 22.0s, threshold: 15s)
2024-12-21 16:34:00,078 - PlexMusicMatcher - INFO - Got result despite timeout for: Prima, Barely Royal
2024-12-21 16:34:30,094 - PlexMusicMatcher - WARNING - Matching timed out for artist: Shirakura (took 22.3s, threshold: 15s)
2024-12-21 16:34:30,095 - PlexMusicMatcher - INFO - Got result despite timeout for: Shirakura
2024-12-21 16:35:00,073 - PlexMusicMatcher - WARNING - Matching timed out for artist: A Stellar (took 22.1s, threshold: 15s)
2024-12-21 16:35:00,073 - PlexMusicMatcher - INFO - Got result despite timeout for: A Stellar
2024-12-21 16:35:30,106 - PlexMusicMatcher - WARNING - Matching timed out for artist: Toby Timber (took 22.3s, threshold: 15s)
2024-12-21 16:35:30,106 - PlexMusicMatcher - INFO - Got result despite timeout for: Toby Timber
2024-12-21 16:36:00,079 - PlexMusicMatcher - WARNING - Matching timed out for artist: Within Spaces (took 21.9s, threshold: 15s)
2024-12-21 16:36:00,079 - PlexMusicMatcher - INFO - Got result despite timeout for: Within Spaces
2024-12-21 16:36:30,041 - PlexMusicMatcher - WARNING - Matching timed out for artist: ゆうがお (took 22.6s, threshold: 15s)
2024-12-21 16:36:30,041 - PlexMusicMatcher - INFO - Got result despite timeout for: ゆうがお
2024-12-21 16:36:31,644 - PlexMusicMatcher - INFO - ==================================================
2024-12-21 16:36:31,644 - PlexMusicMatcher - INFO - Total artists processed: 520
2024-12-21 16:36:31,645 - PlexMusicMatcher - INFO - Automatic matches: 512 (98.5%)
2024-12-21 16:36:31,645 - PlexMusicMatcher - INFO - Needs review: 7 (1.3%)
2024-12-21 16:36:31,645 - PlexMusicMatcher - INFO - No matches found: 1 (0.2%)
2024-12-21 16:36:31,645 - PlexMusicMatcher - INFO - 
Automatic Matches:
2024-12-21 16:36:31,645 - PlexMusicMatcher - INFO - ==================================================
2024-12-21 16:36:31,645 - PlexMusicMatcher - INFO - 
Match 1:
2024-12-21 16:36:31,645 - PlexMusicMatcher - INFO - Plex Artist: 5hags
Spotify Match: 5hags
Confidence: 100.00%
Match Type: exact
Popularity: 4/100
2024-12-21 16:36:31,646 - PlexMusicMatcher - INFO - 
Match 2:
2024-12-21 16:36:31,646 - PlexMusicMatcher - INFO - Plex Artist: 7-Pm
Spotify Match: 7-Pm
Confidence: 100.00%
Match Type: exact
Popularity: 5/100
2024-12-21 16:36:31,646 - PlexMusicMatcher - INFO - 
Match 3:
2024-12-21 16:36:31,646 - PlexMusicMatcher - INFO - Plex Artist: 7XL
Spotify Match: 7XL
Confidence: 100.00%
Match Type: exact
Popularity: 4/100

Alternative matches:
  1. 7XL (Popularity: 0/100)
2024-12-21 16:36:31,647 - PlexMusicMatcher - INFO - 
Match 4:
2024-12-21 16:36:31,647 - PlexMusicMatcher - INFO - Plex Artist: 98.Morelo
Spotify Match: 98.Morelo
Confidence: 100.00%
Match Type: exact
Popularity: 0/100

Alternative matches:
  1. 98.morelo (Popularity: 11/100)
2024-12-21 16:36:31,647 - PlexMusicMatcher - INFO - 
Match 5:
2024-12-21 16:36:31,647 - PlexMusicMatcher - INFO - Plex Artist: Aaron Doh
Spotify Match: Aaron Doh
Confidence: 100.00%
Match Type: exact
Popularity: 17/100
2024-12-21 16:36:31,648 - PlexMusicMatcher - INFO - 
Matches Needing Review:
2024-12-21 16:36:31,648 - PlexMusicMatcher - INFO - ==================================================
2024-12-21 16:36:31,648 - PlexMusicMatcher - INFO - 
Potential Match 1:
2024-12-21 16:36:31,648 - PlexMusicMatcher - INFO - Plex Artist: AmusicalSomebody
Spotify Match: Adam Pascal
Confidence: 59.64%
Match Type: fuzzy
Popularity: 52/100
Genres: broadway, hollywood, show tunes

Alternative matches:
  1. Amick Byram (Popularity: 43/100)
  2. Alice Lee (Popularity: 56/100)
  3. Christy Altomare (Popularity: 55/100)
  4. Anna Lea (Popularity: 62/100)
2024-12-21 16:36:31,649 - PlexMusicMatcher - INFO - 
Potential Match 2:
2024-12-21 16:36:31,649 - PlexMusicMatcher - INFO - Plex Artist: DJ HASAN THE MONEY SCOUT
Spotify Match: DJ Money Fresh
Confidence: 64.63%
Match Type: fuzzy
Popularity: 20/100
Genres: bounce

Alternative matches:
  1. Dj Marc Money (Popularity: 8/100)
  2. DJ C Money (Popularity: 11/100)
  3. DJ Crashout (Popularity: 20/100)
  4. DJ HASAN IRSAN (Popularity: 2/100)
2024-12-21 16:36:31,650 - PlexMusicMatcher - INFO - 
Potential Match 3:
2024-12-21 16:36:31,650 - PlexMusicMatcher - INFO - Plex Artist: Malone Alone
Spotify Match: SUMMER ALONE
Confidence: 78.57%
Match Type: fuzzy
Popularity: 44/100

Alternative matches:
  1. Malone (Popularity: 14/100)
  2. Malone (Popularity: 13/100)
  3. Post Malone (Popularity: 90/100)
  4. alone (Popularity: 44/100)
2024-12-21 16:36:31,650 - PlexMusicMatcher - INFO - 
Potential Match 4:
2024-12-21 16:36:31,650 - PlexMusicMatcher - INFO - Plex Artist: MGXTXM
Spotify Match: MXMS
Confidence: 73.20%
Match Type: fuzzy
Popularity: 32/100
Genres: dark pop, la pop

Alternative matches:
  1. MXTZ (Popularity: 50/100)
  2. MXRGX (Popularity: 41/100)
  3. MxMxM (Popularity: 30/100)
  4. MXPEX (Popularity: 42/100)
2024-12-21 16:36:31,651 - PlexMusicMatcher - INFO - 
Potential Match 5:
2024-12-21 16:36:31,651 - PlexMusicMatcher - INFO - Plex Artist: Music Army VN
Spotify Match: The U.S. Army Airborne
Confidence: 67.35%
Match Type: fuzzy
Popularity: 28/100
Genres: military band, military cadence

Alternative matches:
  1. One Music (Popularity: 40/100)
  2. MIN (Popularity: 58/100)
  3. Vprod Music (Popularity: 31/100)
  4. Quốc Thiên (Popularity: 51/100)
2024-12-21 16:36:31,652 - PlexMusicMatcher - INFO - 
No Matches Found For:
2024-12-21 16:36:31,652 - PlexMusicMatcher - INFO - ==================================================
2024-12-21 16:36:31,652 - PlexMusicMatcher - INFO - 1. 利尔·伊泽
2024-12-21 16:36:31,653 - PlexMusicMatcher - INFO - 
Processing Summary:
2024-12-21 16:36:31,653 - PlexMusicMatcher - INFO - ==================================================
2024-12-21 16:36:31,653 - PlexMusicMatcher - INFO - Total artists processed: 520
2024-12-21 16:36:31,653 - PlexMusicMatcher - INFO - Automatic matches: 512 (98.5%)
2024-12-21 16:36:31,653 - PlexMusicMatcher - INFO - Needs review: 7 (1.3%)
2024-12-21 16:36:31,653 - PlexMusicMatcher - INFO - No matches found: 1 (0.2%)
2024-12-21 16:36:31,653 - PlexMusicMatcher - INFO - 
Found 512 automatic matches.
2024-12-21 16:36:31,653 - PlexMusicMatcher - INFO - Would you like to update these artists in Plex now? (y/n)
2024-12-21 16:36:34,709 - PlexMusicMatcher - INFO - Starting updates for 512 artists
2024-12-21 16:36:34,712 - PlexMusicMatcher - INFO - Processing 5hags
2024-12-21 16:36:34,712 - PlexMusicMatcher - INFO - Fetching Spotify data for 5hags
