2024-12-21 15:26:40,288 - PlexMusicMatcher - INFO - Loading configuration...
2024-12-21 15:26:40,288 - PlexMusicMatcher - INFO - Configuration loaded successfully!
2024-12-21 15:26:40,289 - PlexMusicMatcher - INFO - Initializing Spotify connection...
2024-12-21 15:26:40,289 - PlexMusicMatcher - INFO - Successfully connected to Spotify API
2024-12-21 15:26:40,555 - PlexMusicMatcher - INFO - Initializing Plex connection...
2024-12-21 15:26:40,555 - PlexMusicMatcher - INFO - Connecting to Plex server at http://192.168.86.21:32400/...
2024-12-21 15:26:40,560 - PlexMusicMatcher - INFO - Successfully connected to Plex server: ThomasArchives
2024-12-21 15:26:40,565 - PlexMusicMatcher - INFO - Successfully connected to music library: Music
2024-12-21 15:26:40,565 - PlexMusicMatcher - INFO - Plex Server Version: 1.41.3.9292-bc7397402
2024-12-21 15:26:40,600 - PlexMusicMatcher - INFO - Successfully accessed music library
2024-12-21 15:26:40,601 - PlexMusicMatcher - INFO - Scanning for unmatched artists...
2024-12-21 15:26:40,602 - PlexMusicMatcher - INFO - Scanning for unmatched artists...
2024-12-21 15:26:45,355 - PlexMusicMatcher - INFO - Scanning 4592 total artists...
2024-12-21 15:27:13,603 - PlexMusicMatcher - INFO - 
Found 520 unmatched artists
2024-12-21 15:27:13,618 - PlexMusicMatcher - INFO - Found 520 unmatched artists
2024-12-21 15:27:13,618 - PlexMusicMatcher - INFO - Starting artist matching process...
2024-12-21 15:27:43,790 - PlexMusicMatcher - WARNING - Matching timed out for artist: Alex Lambrino (took 22.6s, threshold: 15s)
2024-12-21 15:27:43,790 - PlexMusicMatcher - INFO - Got result despite timeout for: Alex Lambrino
2024-12-21 15:28:13,828 - PlexMusicMatcher - WARNING - Matching timed out for artist: Arup Das (took 23.0s, threshold: 15s)
2024-12-21 15:28:13,829 - PlexMusicMatcher - INFO - Got result despite timeout for: Arup Das
2024-12-21 15:28:43,770 - PlexMusicMatcher - WARNING - Matching timed out for artist: Brray, Anuel AA, Chencho Corleone, JHAYCO, Ryan Castro (took 22.5s, threshold: 15s)
2024-12-21 15:28:43,770 - PlexMusicMatcher - INFO - Got result despite timeout for: Brray, Anuel AA, Chencho Corleone, JHAYCO, Ryan Castro
2024-12-21 15:29:13,844 - PlexMusicMatcher - WARNING - Matching timed out for artist: Cyn Tremeau (took 22.2s, threshold: 15s)
2024-12-21 15:29:13,844 - PlexMusicMatcher - INFO - Got result despite timeout for: Cyn Tremeau
2024-12-21 15:29:43,818 - PlexMusicMatcher - WARNING - Matching timed out for artist: Dillon Francis & TV Noise (took 22.9s, threshold: 15s)
2024-12-21 15:29:43,818 - PlexMusicMatcher - INFO - Got result despite timeout for: Dillon Francis & TV Noise
2024-12-21 15:30:13,870 - PlexMusicMatcher - WARNING - Matching timed out for artist: Dub Phizix, Skittles (took 22.9s, threshold: 15s)
2024-12-21 15:30:13,870 - PlexMusicMatcher - INFO - Got result despite timeout for: Dub Phizix, Skittles
2024-12-21 15:30:43,792 - PlexMusicMatcher - WARNING - Matching timed out for artist: Fractal Designs (took 22.3s, threshold: 15s)
2024-12-21 15:30:43,792 - PlexMusicMatcher - INFO - Got result despite timeout for: Fractal Designs
2024-12-21 15:31:13,826 - PlexMusicMatcher - WARNING - Matching timed out for artist: Guillaume Defradat (took 22.6s, threshold: 15s)
2024-12-21 15:31:13,826 - PlexMusicMatcher - INFO - Got result despite timeout for: Guillaume Defradat
2024-12-21 15:31:43,822 - PlexMusicMatcher - WARNING - Matching timed out for artist: Indeb (took 22.0s, threshold: 15s)
2024-12-21 15:31:43,823 - PlexMusicMatcher - INFO - Got result despite timeout for: Indeb
2024-12-21 15:32:13,901 - PlexMusicMatcher - WARNING - Matching timed out for artist: JuliáN ÁVila (took 22.7s, threshold: 15s)
2024-12-21 15:32:13,901 - PlexMusicMatcher - INFO - Got result despite timeout for: JuliáN ÁVila
2024-12-21 15:32:43,908 - PlexMusicMatcher - WARNING - Matching timed out for artist: L*o*J (took 22.6s, threshold: 15s)
2024-12-21 15:32:43,908 - PlexMusicMatcher - INFO - Got result despite timeout for: L*o*J
2024-12-21 15:33:13,815 - PlexMusicMatcher - WARNING - Matching timed out for artist: LudjixBoyz (took 22.0s, threshold: 15s)
2024-12-21 15:33:13,815 - PlexMusicMatcher - INFO - Got result despite timeout for: LudjixBoyz
2024-12-21 15:33:43,860 - PlexMusicMatcher - WARNING - Matching timed out for artist: Meditation Loopable Sounds (took 22.7s, threshold: 15s)
2024-12-21 15:33:43,860 - PlexMusicMatcher - INFO - Got result despite timeout for: Meditation Loopable Sounds
2024-12-21 15:34:13,805 - PlexMusicMatcher - WARNING - Matching timed out for artist: Mxverick (took 22.7s, threshold: 15s)
2024-12-21 15:34:13,805 - PlexMusicMatcher - INFO - Got result despite timeout for: Mxverick
2024-12-21 15:34:43,841 - PlexMusicMatcher - WARNING - Matching timed out for artist: Odecityfire (took 22.6s, threshold: 15s)
2024-12-21 15:34:43,842 - PlexMusicMatcher - INFO - Got result despite timeout for: Odecityfire
2024-12-21 15:35:13,834 - PlexMusicMatcher - WARNING - Matching timed out for artist: Pr!ce (took 22.5s, threshold: 15s)
2024-12-21 15:35:13,835 - PlexMusicMatcher - INFO - Got result despite timeout for: Pr!ce
2024-12-21 15:35:43,824 - PlexMusicMatcher - WARNING - Matching timed out for artist: She Has A Cold Cold Heart (took 22.4s, threshold: 15s)
2024-12-21 15:35:43,824 - PlexMusicMatcher - INFO - Got result despite timeout for: She Has A Cold Cold Heart
2024-12-21 15:36:13,841 - PlexMusicMatcher - WARNING - Matching timed out for artist: Static Garden (took 22.8s, threshold: 15s)
2024-12-21 15:36:13,841 - PlexMusicMatcher - INFO - Got result despite timeout for: Static Garden
2024-12-21 15:36:43,809 - PlexMusicMatcher - WARNING - Matching timed out for artist: Tiki Taka (took 22.5s, threshold: 15s)
2024-12-21 15:36:43,810 - PlexMusicMatcher - INFO - Got result despite timeout for: Tiki Taka
2024-12-21 15:37:13,832 - PlexMusicMatcher - WARNING - Matching timed out for artist: Will Butler vs The Knocks (took 22.3s, threshold: 15s)
2024-12-21 15:37:13,832 - PlexMusicMatcher - INFO - Got result despite timeout for: Will Butler vs The Knocks
2024-12-21 15:37:43,805 - PlexMusicMatcher - WARNING - Matching timed out for artist: ХЛЕБ (took 23.5s, threshold: 15s)
2024-12-21 15:37:43,806 - PlexMusicMatcher - INFO - Got result despite timeout for: ХЛЕБ
2024-12-21 15:37:45,624 - PlexMusicMatcher - INFO - ==================================================
2024-12-21 15:37:45,624 - PlexMusicMatcher - INFO - Total artists processed: 520
2024-12-21 15:37:45,624 - PlexMusicMatcher - INFO - Automatic matches: 513 (98.7%)
2024-12-21 15:37:45,624 - PlexMusicMatcher - INFO - Needs review: 6 (1.2%)
2024-12-21 15:37:45,624 - PlexMusicMatcher - INFO - No matches found: 1 (0.2%)
2024-12-21 15:37:45,625 - PlexMusicMatcher - INFO - 
Automatic Matches:
2024-12-21 15:37:45,625 - PlexMusicMatcher - INFO - ==================================================
2024-12-21 15:37:45,625 - PlexMusicMatcher - INFO - 
Match 1:
2024-12-21 15:37:45,625 - PlexMusicMatcher - INFO - Plex Artist: 5hags
Spotify Match: 5hags
Confidence: 100.00%
Match Type: exact
Popularity: 4/100
2024-12-21 15:37:45,626 - PlexMusicMatcher - INFO - 
Match 2:
2024-12-21 15:37:45,626 - PlexMusicMatcher - INFO - Plex Artist: 7-Pm
Spotify Match: 7-Pm
Confidence: 100.00%
Match Type: exact
Popularity: 5/100
2024-12-21 15:37:45,626 - PlexMusicMatcher - INFO - 
Match 3:
2024-12-21 15:37:45,627 - PlexMusicMatcher - INFO - Plex Artist: 7XL
Spotify Match: 7XL
Confidence: 100.00%
Match Type: exact
Popularity: 4/100

Alternative matches:
  1. 7XL (Popularity: 0/100)
2024-12-21 15:37:45,627 - PlexMusicMatcher - INFO - 
Match 4:
2024-12-21 15:37:45,627 - PlexMusicMatcher - INFO - Plex Artist: 98.Morelo
Spotify Match: 98.Morelo
Confidence: 100.00%
Match Type: exact
Popularity: 0/100

Alternative matches:
  1. 98.morelo (Popularity: 11/100)
2024-12-21 15:37:45,628 - PlexMusicMatcher - INFO - 
Match 5:
2024-12-21 15:37:45,628 - PlexMusicMatcher - INFO - Plex Artist: Aaron Doh
Spotify Match: Aaron Doh
Confidence: 100.00%
Match Type: exact
Popularity: 17/100
2024-12-21 15:37:45,628 - PlexMusicMatcher - INFO - 
Matches Needing Review:
2024-12-21 15:37:45,628 - PlexMusicMatcher - INFO - ==================================================
2024-12-21 15:37:45,629 - PlexMusicMatcher - INFO - 
Potential Match 1:
2024-12-21 15:37:45,629 - PlexMusicMatcher - INFO - Plex Artist: AmusicalSomebody
Spotify Match: Adam Pascal
Confidence: 59.64%
Match Type: fuzzy
Popularity: 52/100
Genres: broadway, hollywood, show tunes

Alternative matches:
  1. Amick Byram (Popularity: 43/100)
  2. Alice Lee (Popularity: 56/100)
  3. Christy Altomare (Popularity: 55/100)
  4. Anna Lea (Popularity: 62/100)
2024-12-21 15:37:45,630 - PlexMusicMatcher - INFO - 
Potential Match 2:
2024-12-21 15:37:45,630 - PlexMusicMatcher - INFO - Plex Artist: DJ HASAN THE MONEY SCOUT
Spotify Match: DJ Money Fresh
Confidence: 64.63%
Match Type: fuzzy
Popularity: 20/100
Genres: bounce

Alternative matches:
  1. Dj Marc Money (Popularity: 8/100)
  2. DJ C Money (Popularity: 11/100)
  3. DJ Crashout (Popularity: 20/100)
  4. DJ HASAN IRSAN (Popularity: 2/100)
2024-12-21 15:37:45,631 - PlexMusicMatcher - INFO - 
Potential Match 3:
2024-12-21 15:37:45,631 - PlexMusicMatcher - INFO - Plex Artist: Malone Alone
Spotify Match: SUMMER ALONE
Confidence: 78.57%
Match Type: fuzzy
Popularity: 44/100

Alternative matches:
  1. Malone (Popularity: 14/100)
  2. Malone (Popularity: 13/100)
  3. Post Malone (Popularity: 90/100)
  4. alone (Popularity: 44/100)
2024-12-21 15:37:45,632 - PlexMusicMatcher - INFO - 
Potential Match 4:
2024-12-21 15:37:45,632 - PlexMusicMatcher - INFO - Plex Artist: MGXTXM
Spotify Match: MxPx
Confidence: 74.90%
Match Type: fuzzy
Popularity: 49/100
Genres: christian punk, pop punk, punk

Alternative matches:
  1. MXMS (Popularity: 32/100)
  2. MXTZ (Popularity: 50/100)
  3. MXRGX (Popularity: 41/100)
  4. MxMxM (Popularity: 30/100)
2024-12-21 15:37:45,633 - PlexMusicMatcher - INFO - 
Potential Match 5:
2024-12-21 15:37:45,633 - PlexMusicMatcher - INFO - Plex Artist: Nadzieja Nowak
Spotify Match: Nadija Lapina
Confidence: 78.27%
Match Type: fuzzy
Popularity: 41/100

Alternative matches:
  1. Paweł Nowak (Popularity: 31/100)
  2. Aleksy Nowak (Popularity: 50/100)
  3. Antonina Nowacka (Popularity: 22/100)
  4. Nadia Tarnawsky (Popularity: 10/100)
2024-12-21 15:37:45,634 - PlexMusicMatcher - INFO - 
No Matches Found For:
2024-12-21 15:37:45,634 - PlexMusicMatcher - INFO - ==================================================
2024-12-21 15:37:45,635 - PlexMusicMatcher - INFO - 1. 利尔·伊泽
2024-12-21 15:37:45,635 - PlexMusicMatcher - INFO - 
Processing Summary:
2024-12-21 15:37:45,635 - PlexMusicMatcher - INFO - ==================================================
2024-12-21 15:37:45,635 - PlexMusicMatcher - INFO - Total artists processed: 520
2024-12-21 15:37:45,635 - PlexMusicMatcher - INFO - Automatic matches: 513 (98.7%)
2024-12-21 15:37:45,635 - PlexMusicMatcher - INFO - Needs review: 6 (1.2%)
2024-12-21 15:37:45,636 - PlexMusicMatcher - INFO - No matches found: 1 (0.2%)
2024-12-21 15:37:45,636 - PlexMusicMatcher - INFO - 
Found 513 automatic matches.
2024-12-21 15:37:45,636 - PlexMusicMatcher - INFO - Would you like to update these artists in Plex now? (y/n)
2024-12-21 15:39:08,372 - PlexMusicMatcher - CRITICAL - An unexpected error occurred: 'MatchResult' object has no attribute 'spotify_matches'
Traceback (most recent call last):
  File "E:\Broque Projects\Spotify\Plex-Unmatched-Metadata-Sync\run.py", line 123, in main
    'spotify_id': match.spotify_matches[0].id,  # Changed matches to spotify_matches
                  ^^^^^^^^^^^^^^^^^^^^^
AttributeError: 'MatchResult' object has no attribute 'spotify_matches'. Did you mean: 'spotify_match'?
