2024-12-21 11:02:32,520 - PlexMusicMatcher - INFO - Loading configuration...
2024-12-21 11:02:32,521 - PlexMusicMatcher - INFO - Configuration loaded successfully!
2024-12-21 11:02:32,521 - PlexMusicMatcher - INFO - Initializing Spotify connection...
2024-12-21 11:02:32,521 - PlexMusicMatcher - INFO - Successfully connected to Spotify API
2024-12-21 11:02:32,817 - PlexMusicMatcher - INFO - Initializing Plex connection...
2024-12-21 11:02:32,817 - PlexMusicMatcher - INFO - Connecting to Plex server at http://192.168.86.21:32400/...
2024-12-21 11:02:32,822 - PlexMusicMatcher - INFO - Successfully connected to Plex server: ThomasArchives
2024-12-21 11:02:32,826 - PlexMusicMatcher - INFO - Successfully connected to music library: Music
2024-12-21 11:02:32,827 - PlexMusicMatcher - INFO - Plex Server Version: 1.41.3.9292-bc7397402
2024-12-21 11:02:32,867 - PlexMusicMatcher - INFO - Successfully accessed music library
2024-12-21 11:02:32,868 - PlexMusicMatcher - INFO - Scanning for unmatched artists...
2024-12-21 11:02:32,868 - PlexMusicMatcher - INFO - Scanning for unmatched artists...
2024-12-21 11:02:37,448 - PlexMusicMatcher - INFO - Scanning 4592 total artists...
2024-12-21 11:03:05,416 - PlexMusicMatcher - INFO - 
Found 520 unmatched artists
2024-12-21 11:03:05,430 - PlexMusicMatcher - INFO - Found 520 unmatched artists
2024-12-21 11:03:05,430 - PlexMusicMatcher - INFO - Starting artist matching process...
2024-12-21 11:03:05,593 - PlexMusicMatcher - ERROR - Error processing artist 5hags: 'ArtistMatcher' object has no attribute 'min_confidence'
2024-12-21 11:03:05,754 - PlexMusicMatcher - ERROR - Error processing artist 7-Pm: 'ArtistMatcher' object has no attribute 'min_confidence'
2024-12-21 11:03:05,892 - PlexMusicMatcher - ERROR - Error processing artist 7XL: 'ArtistMatcher' object has no attribute 'min_confidence'
2024-12-21 11:03:06,027 - PlexMusicMatcher - ERROR - Error processing artist 98.Morelo: 'ArtistMatcher' object has no attribute 'min_confidence'
2024-12-21 11:03:06,312 - PlexMusicMatcher - ERROR - Error processing artist Aaron Doh: 'ArtistMatcher' object has no attribute 'min_confidence'
2024-12-21 11:03:06,572 - PlexMusicMatcher - ERROR - Error processing artist Aballoon: 'ArtistMatcher' object has no attribute 'min_confidence'
2024-12-21 11:03:07,246 - PlexMusicMatcher - ERROR - Error processing artist Adam Counts: 'ArtistMatcher' object has no attribute 'min_confidence'
2024-12-21 11:03:07,545 - PlexMusicMatcher - ERROR - Error processing artist Adam Don't Die: 'ArtistMatcher' object has no attribute 'min_confidence'
2024-12-21 11:03:07,796 - PlexMusicMatcher - ERROR - Error processing artist Addison Tripp: 'ArtistMatcher' object has no attribute 'min_confidence'
2024-12-21 11:03:07,965 - PlexMusicMatcher - ERROR - Error processing artist Adeki: 'ArtistMatcher' object has no attribute 'min_confidence'
2024-12-21 11:03:08,206 - PlexMusicMatcher - ERROR - Error processing artist Adéla Zouharová: 'ArtistMatcher' object has no attribute 'min_confidence'
2024-12-21 11:03:08,758 - PlexMusicMatcher - ERROR - Error processing artist Adrien M: 'ArtistMatcher' object has no attribute 'min_confidence'
2024-12-21 11:03:08,921 - PlexMusicMatcher - ERROR - Error processing artist Aeora: 'ArtistMatcher' object has no attribute 'min_confidence'
2024-12-21 11:03:09,200 - PlexMusicMatcher - ERROR - Error processing artist after two am: 'ArtistMatcher' object has no attribute 'min_confidence'
2024-12-21 11:03:09,397 - PlexMusicMatcher - ERROR - Error processing artist Agent 9ine: 'ArtistMatcher' object has no attribute 'min_confidence'
2024-12-21 11:03:09,600 - PlexMusicMatcher - ERROR - Error processing artist Aging Aeroplanes: 'ArtistMatcher' object has no attribute 'min_confidence'
2024-12-21 11:03:09,927 - PlexMusicMatcher - ERROR - Error processing artist AIMMIA: 'ArtistMatcher' object has no attribute 'min_confidence'
2024-12-21 11:03:10,294 - PlexMusicMatcher - ERROR - Error processing artist AKA (AUS): 'ArtistMatcher' object has no attribute 'min_confidence'
2024-12-21 11:03:10,568 - PlexMusicMatcher - ERROR - Error processing artist Akhmedov: 'ArtistMatcher' object has no attribute 'min_confidence'
2024-12-21 11:03:10,831 - PlexMusicMatcher - ERROR - Error processing artist AkkiraVH: 'ArtistMatcher' object has no attribute 'min_confidence'
2024-12-21 11:03:11,094 - PlexMusicMatcher - ERROR - Error processing artist Alain Richaud: 'ArtistMatcher' object has no attribute 'min_confidence'
2024-12-21 11:03:11,296 - PlexMusicMatcher - ERROR - Error processing artist Alemu: 'ArtistMatcher' object has no attribute 'min_confidence'
2024-12-21 11:03:11,616 - PlexMusicMatcher - ERROR - Error processing artist Alex Lambrino: 'ArtistMatcher' object has no attribute 'min_confidence'
2024-12-21 11:03:35,785 - PlexMusicMatcher - WARNING - Matching timed out for artist: Alex Math
2024-12-21 11:03:36,095 - PlexMusicMatcher - ERROR - Error processing artist Alfa-X: 'ArtistMatcher' object has no attribute 'min_confidence'
2024-12-21 11:03:36,397 - PlexMusicMatcher - ERROR - Error processing artist Alkmeister: 'ArtistMatcher' object has no attribute 'min_confidence'
2024-12-21 11:03:36,634 - PlexMusicMatcher - ERROR - Error processing artist All Oc's: 'ArtistMatcher' object has no attribute 'min_confidence'
2024-12-21 11:03:36,991 - PlexMusicMatcher - ERROR - Error processing artist Alle Groepen: 'ArtistMatcher' object has no attribute 'min_confidence'
2024-12-21 11:03:37,262 - PlexMusicMatcher - ERROR - Error processing artist Alligatorz: 'ArtistMatcher' object has no attribute 'min_confidence'
2024-12-21 11:03:37,532 - PlexMusicMatcher - ERROR - Error processing artist Ally Barron: 'ArtistMatcher' object has no attribute 'min_confidence'
2024-12-21 11:03:38,280 - PlexMusicMatcher - ERROR - Error processing artist ALSO ASTIR: 'ArtistMatcher' object has no attribute 'min_confidence'
2024-12-21 11:03:38,617 - PlexMusicMatcher - ERROR - Error processing artist Álvaro Iglesias: 'ArtistMatcher' object has no attribute 'min_confidence'
2024-12-21 11:03:38,963 - PlexMusicMatcher - ERROR - Error processing artist Amber Spill: 'ArtistMatcher' object has no attribute 'min_confidence'
2024-12-21 11:03:39,246 - PlexMusicMatcher - ERROR - Error processing artist Amir Mardassi: 'ArtistMatcher' object has no attribute 'min_confidence'
2024-12-21 11:03:39,939 - PlexMusicMatcher - ERROR - Error processing artist Annëto: 'ArtistMatcher' object has no attribute 'min_confidence'
2024-12-21 11:03:40,243 - PlexMusicMatcher - ERROR - Error processing artist Antoine Pepe: 'ArtistMatcher' object has no attribute 'min_confidence'
2024-12-21 11:03:40,685 - PlexMusicMatcher - ERROR - Error processing artist Anuj Rastogi: 'ArtistMatcher' object has no attribute 'min_confidence'
2024-12-21 11:03:41,301 - PlexMusicMatcher - ERROR - Error processing artist Aquarium Haze: 'ArtistMatcher' object has no attribute 'min_confidence'
2024-12-21 11:03:41,516 - PlexMusicMatcher - ERROR - Error processing artist AR Jiggy: 'ArtistMatcher' object has no attribute 'min_confidence'
2024-12-21 11:03:41,815 - PlexMusicMatcher - ERROR - Error processing artist Ardigo Menes: 'ArtistMatcher' object has no attribute 'min_confidence'
2024-12-21 11:03:42,051 - PlexMusicMatcher - ERROR - Error processing artist Arfy Wild: 'ArtistMatcher' object has no attribute 'min_confidence'
2024-12-21 11:03:42,344 - PlexMusicMatcher - ERROR - Error processing artist Ari MT: 'ArtistMatcher' object has no attribute 'min_confidence'
2024-12-21 11:03:42,691 - PlexMusicMatcher - ERROR - Error processing artist Arup Das: 'ArtistMatcher' object has no attribute 'min_confidence'
2024-12-21 11:03:42,986 - PlexMusicMatcher - ERROR - Error processing artist Aryll Fae: 'ArtistMatcher' object has no attribute 'min_confidence'
2024-12-21 11:03:43,317 - PlexMusicMatcher - ERROR - Error processing artist Ashadá: 'ArtistMatcher' object has no attribute 'min_confidence'
2024-12-21 11:04:05,750 - PlexMusicMatcher - WARNING - Matching timed out for artist: Asierhans
2024-12-21 11:04:05,909 - PlexMusicMatcher - ERROR - Error processing artist Atrym: 'ArtistMatcher' object has no attribute 'min_confidence'
2024-12-21 11:04:06,087 - PlexMusicMatcher - ERROR - Error processing artist Augan: 'ArtistMatcher' object has no attribute 'min_confidence'
2024-12-21 11:04:06,368 - PlexMusicMatcher - ERROR - Error processing artist Baclash: 'ArtistMatcher' object has no attribute 'min_confidence'
2024-12-21 11:04:06,627 - PlexMusicMatcher - ERROR - Error processing artist Bari Bux: 'ArtistMatcher' object has no attribute 'min_confidence'
2024-12-21 11:04:06,944 - PlexMusicMatcher - ERROR - Error processing artist Bass Smugglers: 'ArtistMatcher' object has no attribute 'min_confidence'
2024-12-21 11:04:07,336 - PlexMusicMatcher - ERROR - Error processing artist Batıl İtikat: 'ArtistMatcher' object has no attribute 'min_confidence'
2024-12-21 11:04:07,655 - PlexMusicMatcher - ERROR - Error processing artist Bedtimes: 'ArtistMatcher' object has no attribute 'min_confidence'
2024-12-21 11:04:08,075 - PlexMusicMatcher - ERROR - Error processing artist Bellwoods (feat. Odessa): 'ArtistMatcher' object has no attribute 'min_confidence'
2024-12-21 11:04:08,379 - PlexMusicMatcher - ERROR - Error processing artist Ben Goudie-Park: 'ArtistMatcher' object has no attribute 'min_confidence'
2024-12-21 11:04:08,698 - PlexMusicMatcher - ERROR - Error processing artist Big Shot Mc: 'ArtistMatcher' object has no attribute 'min_confidence'
2024-12-21 11:04:09,017 - PlexMusicMatcher - ERROR - Error processing artist BIGVIZA: 'ArtistMatcher' object has no attribute 'min_confidence'
2024-12-21 11:04:09,817 - PlexMusicMatcher - ERROR - Error processing artist Blackmahal: 'ArtistMatcher' object has no attribute 'min_confidence'
2024-12-21 11:04:10,152 - PlexMusicMatcher - ERROR - Error processing artist Blakkamoore: 'ArtistMatcher' object has no attribute 'min_confidence'
2024-12-21 11:04:10,498 - PlexMusicMatcher - ERROR - Error processing artist BLAOW!: 'ArtistMatcher' object has no attribute 'min_confidence'
2024-12-21 11:04:10,732 - PlexMusicMatcher - ERROR - Error processing artist Bliss Station: 'ArtistMatcher' object has no attribute 'min_confidence'
2024-12-21 11:04:11,031 - PlexMusicMatcher - ERROR - Error processing artist Blue Lime: 'ArtistMatcher' object has no attribute 'min_confidence'
2024-12-21 11:04:11,301 - PlexMusicMatcher - ERROR - Error processing artist Bluma Petersen: 'ArtistMatcher' object has no attribute 'min_confidence'
2024-12-21 11:04:11,627 - PlexMusicMatcher - ERROR - Error processing artist Bobby Kid: 'ArtistMatcher' object has no attribute 'min_confidence'
2024-12-21 11:04:11,919 - PlexMusicMatcher - ERROR - Error processing artist Bollenti Spiriti: 'ArtistMatcher' object has no attribute 'min_confidence'
2024-12-21 11:04:12,181 - PlexMusicMatcher - ERROR - Error processing artist Bounty Hunter from Outer Space: 'ArtistMatcher' object has no attribute 'min_confidence'
2024-12-21 11:04:12,912 - PlexMusicMatcher - ERROR - Error processing artist C-Trip: 'ArtistMatcher' object has no attribute 'min_confidence'
2024-12-21 11:04:13,195 - PlexMusicMatcher - ERROR - Error processing artist Calm Soundscapes: 'ArtistMatcher' object has no attribute 'min_confidence'
2024-12-21 11:04:35,756 - PlexMusicMatcher - WARNING - Matching timed out for artist: Calvin King
2024-12-21 11:04:35,979 - PlexMusicMatcher - ERROR - Error processing artist Cam Steen: 'ArtistMatcher' object has no attribute 'min_confidence'
2024-12-21 11:04:36,338 - PlexMusicMatcher - ERROR - Error processing artist Camila Orantes: 'ArtistMatcher' object has no attribute 'min_confidence'
2024-12-21 11:04:36,620 - PlexMusicMatcher - ERROR - Error processing artist Carla Mauri: 'ArtistMatcher' object has no attribute 'min_confidence'
2024-12-21 11:04:36,869 - PlexMusicMatcher - ERROR - Error processing artist The Cast of Mary Poppins: 'ArtistMatcher' object has no attribute 'min_confidence'
2024-12-21 11:04:37,135 - PlexMusicMatcher - ERROR - Error processing artist Cecile seraud: 'ArtistMatcher' object has no attribute 'min_confidence'
2024-12-21 11:04:37,386 - PlexMusicMatcher - ERROR - Error processing artist Cecy Leos: 'ArtistMatcher' object has no attribute 'min_confidence'
2024-12-21 11:04:37,567 - PlexMusicMatcher - ERROR - Error processing artist Cellz: 'ArtistMatcher' object has no attribute 'min_confidence'
2024-12-21 11:04:38,238 - PlexMusicMatcher - ERROR - Error processing artist Chromonicci: 'ArtistMatcher' object has no attribute 'min_confidence'
2024-12-21 11:04:38,466 - PlexMusicMatcher - ERROR - Error processing artist Chucky Treez: 'ArtistMatcher' object has no attribute 'min_confidence'
2024-12-21 11:04:38,829 - PlexMusicMatcher - ERROR - Error processing artist Chullo: 'ArtistMatcher' object has no attribute 'min_confidence'
2024-12-21 11:04:39,190 - PlexMusicMatcher - ERROR - Error processing artist citrulinq: 'ArtistMatcher' object has no attribute 'min_confidence'
2024-12-21 11:04:39,538 - PlexMusicMatcher - ERROR - Error processing artist Classical Music: 50 of the Best: 'ArtistMatcher' object has no attribute 'min_confidence'
2024-12-21 11:04:39,892 - PlexMusicMatcher - ERROR - Error processing artist Click Refresh: 'ArtistMatcher' object has no attribute 'min_confidence'
2024-12-21 11:04:40,168 - PlexMusicMatcher - ERROR - Error processing artist CLO.FM: 'ArtistMatcher' object has no attribute 'min_confidence'
2024-12-21 11:04:40,454 - PlexMusicMatcher - ERROR - Error processing artist CobraK: 'ArtistMatcher' object has no attribute 'min_confidence'
2024-12-21 11:04:40,716 - PlexMusicMatcher - ERROR - Error processing artist Compass: Mexican Institute Of Sound + Toy Selectah: 'ArtistMatcher' object has no attribute 'min_confidence'
2024-12-21 11:04:40,986 - PlexMusicMatcher - ERROR - Error processing artist Curci and Mick Jenkins: 'ArtistMatcher' object has no attribute 'min_confidence'
2024-12-21 11:04:41,275 - PlexMusicMatcher - ERROR - Error processing artist Cuyama: 'ArtistMatcher' object has no attribute 'min_confidence'
2024-12-21 11:04:41,493 - PlexMusicMatcher - ERROR - Error processing artist Cyn Tremeau: 'ArtistMatcher' object has no attribute 'min_confidence'
2024-12-21 11:04:41,845 - PlexMusicMatcher - ERROR - Error processing artist Czeluść (Jutrø & Kosa): 'ArtistMatcher' object has no attribute 'min_confidence'
2024-12-21 11:04:42,833 - PlexMusicMatcher - ERROR - Error processing artist Dan Maus: 'ArtistMatcher' object has no attribute 'min_confidence'
2024-12-21 11:05:05,749 - PlexMusicMatcher - WARNING - Matching timed out for artist: Dara Smith-MacDonald
2024-12-21 11:05:06,073 - PlexMusicMatcher - ERROR - Error processing artist The Darol Anger / Mike Marshall Band: 'ArtistMatcher' object has no attribute 'min_confidence'
2024-12-21 11:05:06,336 - PlexMusicMatcher - ERROR - Error processing artist David Krutten: 'ArtistMatcher' object has no attribute 'min_confidence'
2024-12-21 11:05:06,615 - PlexMusicMatcher - ERROR - Error processing artist David Starfire, Arula: 'ArtistMatcher' object has no attribute 'min_confidence'
2024-12-21 11:05:06,876 - PlexMusicMatcher - ERROR - Error processing artist David Yandrin: 'ArtistMatcher' object has no attribute 'min_confidence'
2024-12-21 11:05:07,173 - PlexMusicMatcher - ERROR - Error processing artist Davuiside: 'ArtistMatcher' object has no attribute 'min_confidence'
2024-12-21 11:05:07,452 - PlexMusicMatcher - ERROR - Error processing artist DE'WAYNE: 'ArtistMatcher' object has no attribute 'min_confidence'
2024-12-21 11:05:07,711 - PlexMusicMatcher - ERROR - Error processing artist Dea Magna: 'ArtistMatcher' object has no attribute 'min_confidence'
2024-12-21 11:05:08,471 - PlexMusicMatcher - ERROR - Error processing artist Deka Sul: 'ArtistMatcher' object has no attribute 'min_confidence'
2024-12-21 11:05:08,769 - PlexMusicMatcher - ERROR - Error processing artist Denton Thrift: 'ArtistMatcher' object has no attribute 'min_confidence'
2024-12-21 11:05:09,463 - PlexMusicMatcher - ERROR - Error processing artist Diastrata: 'ArtistMatcher' object has no attribute 'min_confidence'
2024-12-21 11:05:09,746 - PlexMusicMatcher - ERROR - Error processing artist Digital Moss: 'ArtistMatcher' object has no attribute 'min_confidence'
2024-12-21 11:05:10,440 - PlexMusicMatcher - ERROR - Error processing artist Dimitri Vegas & Like Mike & Diplo: 'ArtistMatcher' object has no attribute 'min_confidence'
2024-12-21 11:05:10,641 - PlexMusicMatcher - ERROR - Error processing artist Dinie: 'ArtistMatcher' object has no attribute 'min_confidence'
2024-12-21 11:05:11,387 - PlexMusicMatcher - ERROR - Error processing artist Dirty Nick: 'ArtistMatcher' object has no attribute 'min_confidence'
2024-12-21 11:05:11,707 - PlexMusicMatcher - ERROR - Error processing artist Dispak: 'ArtistMatcher' object has no attribute 'min_confidence'
2024-12-21 11:05:11,966 - PlexMusicMatcher - ERROR - Error processing artist Dizaro: 'ArtistMatcher' object has no attribute 'min_confidence'
2024-12-21 11:05:12,303 - PlexMusicMatcher - ERROR - Error processing artist DJ Caldas: 'ArtistMatcher' object has no attribute 'min_confidence'
2024-12-21 11:05:12,667 - PlexMusicMatcher - ERROR - Error processing artist DJ Glitter: 'ArtistMatcher' object has no attribute 'min_confidence'
2024-12-21 11:05:35,793 - PlexMusicMatcher - WARNING - Matching timed out for artist: DJ Rush, Lester Fitzpatrick
2024-12-21 11:05:36,089 - PlexMusicMatcher - ERROR - Error processing artist Dj Sorce: 'ArtistMatcher' object has no attribute 'min_confidence'
2024-12-21 11:05:36,347 - PlexMusicMatcher - ERROR - Error processing artist DJ ZeeZee: 'ArtistMatcher' object has no attribute 'min_confidence'
2024-12-21 11:05:36,589 - PlexMusicMatcher - ERROR - Error processing artist DjDarkShadow: 'ArtistMatcher' object has no attribute 'min_confidence'
2024-12-21 11:05:36,776 - PlexMusicMatcher - ERROR - Error processing artist DOLINOV: 'ArtistMatcher' object has no attribute 'min_confidence'
2024-12-21 11:05:37,068 - PlexMusicMatcher - ERROR - Error processing artist Don KrookShank: 'ArtistMatcher' object has no attribute 'min_confidence'
2024-12-21 11:05:37,463 - PlexMusicMatcher - ERROR - Error processing artist Dope By Association: 'ArtistMatcher' object has no attribute 'min_confidence'
2024-12-21 11:05:37,731 - PlexMusicMatcher - ERROR - Error processing artist Dotan Negrin + Prismatic Mantis: 'ArtistMatcher' object has no attribute 'min_confidence'
2024-12-21 11:05:37,974 - PlexMusicMatcher - ERROR - Error processing artist Dr. Fresch & BIJOU: 'ArtistMatcher' object has no attribute 'min_confidence'
2024-12-21 11:05:38,245 - PlexMusicMatcher - ERROR - Error processing artist dreambody: 'ArtistMatcher' object has no attribute 'min_confidence'
2024-12-21 11:05:38,524 - PlexMusicMatcher - ERROR - Error processing artist Dreamy Thoughts: 'ArtistMatcher' object has no attribute 'min_confidence'
2024-12-21 11:05:38,699 - PlexMusicMatcher - ERROR - Error processing artist Drics: 'ArtistMatcher' object has no attribute 'min_confidence'
2024-12-21 11:05:39,049 - PlexMusicMatcher - ERROR - Error processing artist Drifting Phonetics: 'ArtistMatcher' object has no attribute 'min_confidence'
2024-12-21 11:05:39,382 - PlexMusicMatcher - ERROR - Error processing artist Drum'n KI: 'ArtistMatcher' object has no attribute 'min_confidence'
2024-12-21 11:05:39,717 - PlexMusicMatcher - ERROR - Error processing artist Dub Phizix, Skittles: 'ArtistMatcher' object has no attribute 'min_confidence'
2024-12-21 11:05:40,017 - PlexMusicMatcher - ERROR - Error processing artist Duy Ngoc: 'ArtistMatcher' object has no attribute 'min_confidence'
2024-12-21 11:05:40,274 - PlexMusicMatcher - ERROR - Error processing artist Dynamic De Mel: 'ArtistMatcher' object has no attribute 'min_confidence'
2024-12-21 11:05:40,576 - PlexMusicMatcher - ERROR - Error processing artist earthtown: 'ArtistMatcher' object has no attribute 'min_confidence'
2024-12-21 11:05:40,891 - PlexMusicMatcher - ERROR - Error processing artist Electronic Gems: 'ArtistMatcher' object has no attribute 'min_confidence'
2024-12-21 11:05:41,215 - PlexMusicMatcher - ERROR - Error processing artist Elephant Pillowed: 'ArtistMatcher' object has no attribute 'min_confidence'
2024-12-21 11:05:41,567 - PlexMusicMatcher - ERROR - Error processing artist Eli Dylan: 'ArtistMatcher' object has no attribute 'min_confidence'
2024-12-21 11:05:41,958 - PlexMusicMatcher - ERROR - Error processing artist Eliija: 'ArtistMatcher' object has no attribute 'min_confidence'
2024-12-21 11:05:42,338 - PlexMusicMatcher - ERROR - Error processing artist Emerald Lake, Silent Child: 'ArtistMatcher' object has no attribute 'min_confidence'
2024-12-21 11:05:42,562 - PlexMusicMatcher - ERROR - Error processing artist Enigmanic: 'ArtistMatcher' object has no attribute 'min_confidence'
2024-12-21 11:05:42,914 - PlexMusicMatcher - ERROR - Error processing artist ENMOCEAN: 'ArtistMatcher' object has no attribute 'min_confidence'
2024-12-21 11:06:05,733 - PlexMusicMatcher - WARNING - Matching timed out for artist: Eric Sharp & Tenova
2024-12-21 11:06:06,033 - PlexMusicMatcher - ERROR - Error processing artist Eric Sharp, Sir DSS: 'ArtistMatcher' object has no attribute 'min_confidence'
2024-12-21 11:06:06,324 - PlexMusicMatcher - ERROR - Error processing artist Erika Ascenzo: 'ArtistMatcher' object has no attribute 'min_confidence'
2024-12-21 11:06:07,021 - PlexMusicMatcher - ERROR - Error processing artist Essa Gante: 'ArtistMatcher' object has no attribute 'min_confidence'
2024-12-21 11:06:07,384 - PlexMusicMatcher - ERROR - Error processing artist Eu sou o Pi: 'ArtistMatcher' object has no attribute 'min_confidence'
2024-12-21 11:06:07,704 - PlexMusicMatcher - ERROR - Error processing artist Extended Pianos: 'ArtistMatcher' object has no attribute 'min_confidence'
2024-12-21 11:06:07,905 - PlexMusicMatcher - ERROR - Error processing artist F3RY: 'ArtistMatcher' object has no attribute 'min_confidence'
2024-12-21 11:06:08,180 - PlexMusicMatcher - ERROR - Error processing artist FanEOne: 'ArtistMatcher' object has no attribute 'min_confidence'
2024-12-21 11:06:08,481 - PlexMusicMatcher - ERROR - Error processing artist FarLight: 'ArtistMatcher' object has no attribute 'min_confidence'
2024-12-21 11:06:08,719 - PlexMusicMatcher - ERROR - Error processing artist Felix Keser: 'ArtistMatcher' object has no attribute 'min_confidence'
2024-12-21 11:06:08,995 - PlexMusicMatcher - ERROR - Error processing artist Flor Torres: 'ArtistMatcher' object has no attribute 'min_confidence'
2024-12-21 11:06:09,679 - PlexMusicMatcher - ERROR - Error processing artist Forward City: 'ArtistMatcher' object has no attribute 'min_confidence'
2024-12-21 11:06:09,950 - PlexMusicMatcher - ERROR - Error processing artist Fractal Designs: 'ArtistMatcher' object has no attribute 'min_confidence'
2024-12-21 11:06:10,214 - PlexMusicMatcher - ERROR - Error processing artist Frame (KR): 'ArtistMatcher' object has no attribute 'min_confidence'
2024-12-21 11:06:11,000 - PlexMusicMatcher - ERROR - Error processing artist Franssen: 'ArtistMatcher' object has no attribute 'min_confidence'
2024-12-21 11:06:11,323 - PlexMusicMatcher - ERROR - Error processing artist Freedom Sharma: 'ArtistMatcher' object has no attribute 'min_confidence'
2024-12-21 11:06:11,633 - PlexMusicMatcher - ERROR - Error processing artist Freya Dahl: 'ArtistMatcher' object has no attribute 'min_confidence'
2024-12-21 11:06:11,876 - PlexMusicMatcher - ERROR - Error processing artist Friends With Animals: 'ArtistMatcher' object has no attribute 'min_confidence'
2024-12-21 11:06:12,126 - PlexMusicMatcher - ERROR - Error processing artist Full Presence: 'ArtistMatcher' object has no attribute 'min_confidence'
2024-12-21 11:06:12,415 - PlexMusicMatcher - ERROR - Error processing artist Future Bubblers: 'ArtistMatcher' object has no attribute 'min_confidence'
2024-12-21 11:06:12,702 - PlexMusicMatcher - ERROR - Error processing artist The Galactic Effect: 'ArtistMatcher' object has no attribute 'min_confidence'
2024-12-21 11:06:12,978 - PlexMusicMatcher - ERROR - Error processing artist Galter: 'ArtistMatcher' object has no attribute 'min_confidence'
2024-12-21 11:06:35,774 - PlexMusicMatcher - WARNING - Matching timed out for artist: Genevieve Goings
2024-12-21 11:06:36,050 - PlexMusicMatcher - ERROR - Error processing artist Gianluca Misiti: 'ArtistMatcher' object has no attribute 'min_confidence'
2024-12-21 11:06:36,234 - PlexMusicMatcher - ERROR - Error processing artist Giveon: 'ArtistMatcher' object has no attribute 'min_confidence'
2024-12-21 11:06:36,587 - PlexMusicMatcher - ERROR - Error processing artist Gökay Ekin: 'ArtistMatcher' object has no attribute 'min_confidence'
2024-12-21 11:06:36,851 - PlexMusicMatcher - ERROR - Error processing artist Gold and Glory: 'ArtistMatcher' object has no attribute 'min_confidence'
2024-12-21 11:06:37,101 - PlexMusicMatcher - ERROR - Error processing artist The Golden Islands: 'ArtistMatcher' object has no attribute 'min_confidence'
2024-12-21 11:06:37,361 - PlexMusicMatcher - ERROR - Error processing artist Gonzza: 'ArtistMatcher' object has no attribute 'min_confidence'
2024-12-21 11:06:37,545 - PlexMusicMatcher - ERROR - Error processing artist goodlife: 'ArtistMatcher' object has no attribute 'min_confidence'
2024-12-21 11:06:37,813 - PlexMusicMatcher - ERROR - Error processing artist Goodwill & Ron Carroll: 'ArtistMatcher' object has no attribute 'min_confidence'
2024-12-21 11:06:38,164 - PlexMusicMatcher - ERROR - Error processing artist Graham Malice: 'ArtistMatcher' object has no attribute 'min_confidence'
2024-12-21 11:06:38,416 - PlexMusicMatcher - ERROR - Error processing artist Green Falcon: 'ArtistMatcher' object has no attribute 'min_confidence'
2024-12-21 11:06:38,816 - PlexMusicMatcher - ERROR - Error processing artist The Grizz: 'ArtistMatcher' object has no attribute 'min_confidence'
2024-12-21 11:06:39,106 - PlexMusicMatcher - ERROR - Error processing artist Gu is 9: 'ArtistMatcher' object has no attribute 'min_confidence'
2024-12-21 11:06:39,388 - PlexMusicMatcher - ERROR - Error processing artist Guillaume Defradat: 'ArtistMatcher' object has no attribute 'min_confidence'
2024-12-21 11:06:39,663 - PlexMusicMatcher - ERROR - Error processing artist GURSKIY: 'ArtistMatcher' object has no attribute 'min_confidence'
2024-12-21 11:06:39,962 - PlexMusicMatcher - ERROR - Error processing artist HAELIUM: 'ArtistMatcher' object has no attribute 'min_confidence'
2024-12-21 11:06:40,182 - PlexMusicMatcher - ERROR - Error processing artist half.cool: 'ArtistMatcher' object has no attribute 'min_confidence'
2024-12-21 11:06:40,471 - PlexMusicMatcher - ERROR - Error processing artist Hannes Holm: 'ArtistMatcher' object has no attribute 'min_confidence'
2024-12-21 11:06:40,764 - PlexMusicMatcher - ERROR - Error processing artist Harley Maxwell: 'ArtistMatcher' object has no attribute 'min_confidence'
2024-12-21 11:06:41,023 - PlexMusicMatcher - ERROR - Error processing artist Haywyre, Grabbitz: 'ArtistMatcher' object has no attribute 'min_confidence'
2024-12-21 11:06:41,312 - PlexMusicMatcher - ERROR - Error processing artist Haywyre, Koste: 'ArtistMatcher' object has no attribute 'min_confidence'
2024-12-21 11:06:41,995 - PlexMusicMatcher - ERROR - Error processing artist Haywyre, Prismo: 'ArtistMatcher' object has no attribute 'min_confidence'
2024-12-21 11:06:42,218 - PlexMusicMatcher - ERROR - Error processing artist Haywyre, Rhodz: 'ArtistMatcher' object has no attribute 'min_confidence'
2024-12-21 11:07:05,800 - PlexMusicMatcher - WARNING - Matching timed out for artist: Haywyre, The Funk Hunters, Kotek
2024-12-21 11:07:06,051 - PlexMusicMatcher - ERROR - Error processing artist Haywyre, Vorso: 'ArtistMatcher' object has no attribute 'min_confidence'
2024-12-21 11:07:06,196 - PlexMusicMatcher - ERROR - Error processing artist Haza: 'ArtistMatcher' object has no attribute 'min_confidence'
2024-12-21 11:07:06,370 - PlexMusicMatcher - ERROR - Error processing artist Hazur: 'ArtistMatcher' object has no attribute 'min_confidence'
2024-12-21 11:07:06,715 - PlexMusicMatcher - ERROR - Error processing artist Heriela: 'ArtistMatcher' object has no attribute 'min_confidence'
2024-12-21 11:07:07,023 - PlexMusicMatcher - ERROR - Error processing artist herr ulrich: 'ArtistMatcher' object has no attribute 'min_confidence'
2024-12-21 11:07:07,381 - PlexMusicMatcher - ERROR - Error processing artist Hideyuki Hashimoto: 'ArtistMatcher' object has no attribute 'min_confidence'
2024-12-21 11:07:07,656 - PlexMusicMatcher - ERROR - Error processing artist Ho99o9, Ghostemane: 'ArtistMatcher' object has no attribute 'min_confidence'
2024-12-21 11:07:07,946 - PlexMusicMatcher - ERROR - Error processing artist Hombrejugo: 'ArtistMatcher' object has no attribute 'min_confidence'
2024-12-21 11:07:08,214 - PlexMusicMatcher - ERROR - Error processing artist HOODMAFIA: 'ArtistMatcher' object has no attribute 'min_confidence'
2024-12-21 11:07:08,484 - PlexMusicMatcher - ERROR - Error processing artist House Call: 'ArtistMatcher' object has no attribute 'min_confidence'
2024-12-21 11:07:09,186 - PlexMusicMatcher - ERROR - Error processing artist Hypebeast: 'ArtistMatcher' object has no attribute 'min_confidence'
2024-12-21 11:07:09,415 - PlexMusicMatcher - ERROR - Error processing artist Hypetrak: 'ArtistMatcher' object has no attribute 'min_confidence'
2024-12-21 11:07:09,735 - PlexMusicMatcher - ERROR - Error processing artist Hypixi !!!: 'ArtistMatcher' object has no attribute 'min_confidence'
2024-12-21 11:07:10,021 - PlexMusicMatcher - ERROR - Error processing artist Ian Edson: 'ArtistMatcher' object has no attribute 'min_confidence'
2024-12-21 11:07:10,241 - PlexMusicMatcher - ERROR - Error processing artist idokay: 'ArtistMatcher' object has no attribute 'min_confidence'
2024-12-21 11:07:10,403 - PlexMusicMatcher - ERROR - Error processing artist ILUIS: 'ArtistMatcher' object has no attribute 'min_confidence'
2024-12-21 11:07:10,676 - PlexMusicMatcher - ERROR - Error processing artist ilysilence: 'ArtistMatcher' object has no attribute 'min_confidence'
2024-12-21 11:07:10,941 - PlexMusicMatcher - ERROR - Error processing artist im horrible at music lol: 'ArtistMatcher' object has no attribute 'min_confidence'
2024-12-21 11:07:11,108 - PlexMusicMatcher - ERROR - Error processing artist Indeb: 'ArtistMatcher' object has no attribute 'min_confidence'
2024-12-21 11:07:11,342 - PlexMusicMatcher - ERROR - Error processing artist INTERNATIONAL WAV: 'ArtistMatcher' object has no attribute 'min_confidence'
2024-12-21 11:07:11,660 - PlexMusicMatcher - ERROR - Error processing artist J. Keuz: 'ArtistMatcher' object has no attribute 'min_confidence'
2024-12-21 11:07:11,945 - PlexMusicMatcher - ERROR - Error processing artist Jackal, Dr. Fresch: 'ArtistMatcher' object has no attribute 'min_confidence'
2024-12-21 11:07:35,706 - PlexMusicMatcher - WARNING - Matching timed out for artist: Jaja Bu
2024-12-21 11:07:36,023 - PlexMusicMatcher - ERROR - Error processing artist Jam'addict: 'ArtistMatcher' object has no attribute 'min_confidence'
2024-12-21 11:07:36,278 - PlexMusicMatcher - ERROR - Error processing artist JamesOnThaTrack: 'ArtistMatcher' object has no attribute 'min_confidence'
2024-12-21 11:07:36,509 - PlexMusicMatcher - ERROR - Error processing artist Jamine Shakur: 'ArtistMatcher' object has no attribute 'min_confidence'
2024-12-21 11:07:36,859 - PlexMusicMatcher - ERROR - Error processing artist Jäverling ◇ von Euler: 'ArtistMatcher' object has no attribute 'min_confidence'
2024-12-21 11:07:37,173 - PlexMusicMatcher - ERROR - Error processing artist Jayton Lening: 'ArtistMatcher' object has no attribute 'min_confidence'
2024-12-21 11:07:37,333 - PlexMusicMatcher - ERROR - Error processing artist JDee7: 'ArtistMatcher' object has no attribute 'min_confidence'
2024-12-21 11:07:37,489 - PlexMusicMatcher - ERROR - Error processing artist Jelie: 'ArtistMatcher' object has no attribute 'min_confidence'
2024-12-21 11:07:37,819 - PlexMusicMatcher - ERROR - Error processing artist Jenessa Andrea: 'ArtistMatcher' object has no attribute 'min_confidence'
2024-12-21 11:07:38,489 - PlexMusicMatcher - ERROR - Error processing artist The Jesse Lees: 'ArtistMatcher' object has no attribute 'min_confidence'
2024-12-21 11:07:39,203 - PlexMusicMatcher - ERROR - Error processing artist John Alone: 'ArtistMatcher' object has no attribute 'min_confidence'
2024-12-21 11:07:39,544 - PlexMusicMatcher - ERROR - Error processing artist John Edge: 'ArtistMatcher' object has no attribute 'min_confidence'
2024-12-21 11:07:39,799 - PlexMusicMatcher - ERROR - Error processing artist Johnny Nicholson: 'ArtistMatcher' object has no attribute 'min_confidence'
2024-12-21 11:07:40,069 - PlexMusicMatcher - ERROR - Error processing artist JoJo Siwa (Kids): 'ArtistMatcher' object has no attribute 'min_confidence'
2024-12-21 11:07:40,406 - PlexMusicMatcher - ERROR - Error processing artist Joke Army: 'ArtistMatcher' object has no attribute 'min_confidence'
2024-12-21 11:07:41,068 - PlexMusicMatcher - ERROR - Error processing artist Jotaa: 'ArtistMatcher' object has no attribute 'min_confidence'
2024-12-21 11:07:41,314 - PlexMusicMatcher - ERROR - Error processing artist Juli Giuliani: 'ArtistMatcher' object has no attribute 'min_confidence'
2024-12-21 11:07:41,638 - PlexMusicMatcher - ERROR - Error processing artist JuliáN ÁVila: 'ArtistMatcher' object has no attribute 'min_confidence'
2024-12-21 11:07:42,006 - PlexMusicMatcher - ERROR - Error processing artist Juvenile Delinquents: 'ArtistMatcher' object has no attribute 'min_confidence'
2024-12-21 11:07:42,161 - PlexMusicMatcher - ERROR - Error processing artist JVera: 'ArtistMatcher' object has no attribute 'min_confidence'
2024-12-21 11:07:42,427 - PlexMusicMatcher - ERROR - Error processing artist K.K FLOW: 'ArtistMatcher' object has no attribute 'min_confidence'
2024-12-21 11:07:42,596 - PlexMusicMatcher - ERROR - Error processing artist Kállay Saunders: 'ArtistMatcher' object has no attribute 'min_confidence'
2024-12-21 11:08:05,684 - PlexMusicMatcher - WARNING - Matching timed out for artist: Kassaii
2024-12-21 11:08:06,015 - PlexMusicMatcher - ERROR - Error processing artist Katmando: 'ArtistMatcher' object has no attribute 'min_confidence'
2024-12-21 11:08:06,760 - PlexMusicMatcher - ERROR - Error processing artist Kelleia: 'ArtistMatcher' object has no attribute 'min_confidence'
2024-12-21 11:08:07,134 - PlexMusicMatcher - ERROR - Error processing artist ketsuci: 'ArtistMatcher' object has no attribute 'min_confidence'
2024-12-21 11:08:07,439 - PlexMusicMatcher - ERROR - Error processing artist Kick a Dope Verse!: 'ArtistMatcher' object has no attribute 'min_confidence'
2024-12-21 11:08:07,748 - PlexMusicMatcher - ERROR - Error processing artist Kim Nordenstierna: 'ArtistMatcher' object has no attribute 'min_confidence'
2024-12-21 11:08:08,073 - PlexMusicMatcher - ERROR - Error processing artist Kirkinson: 'ArtistMatcher' object has no attribute 'min_confidence'
2024-12-21 11:08:08,327 - PlexMusicMatcher - ERROR - Error processing artist KL.Z: 'ArtistMatcher' object has no attribute 'min_confidence'
2024-12-21 11:08:08,612 - PlexMusicMatcher - ERROR - Error processing artist Knew J: 'ArtistMatcher' object has no attribute 'min_confidence'
2024-12-21 11:08:08,799 - PlexMusicMatcher - ERROR - Error processing artist Knzo: 'ArtistMatcher' object has no attribute 'min_confidence'
2024-12-21 11:08:09,080 - PlexMusicMatcher - ERROR - Error processing artist kollin30: 'ArtistMatcher' object has no attribute 'min_confidence'
2024-12-21 11:08:09,590 - PlexMusicMatcher - ERROR - Error processing artist Krabi: 'ArtistMatcher' object has no attribute 'min_confidence'
2024-12-21 11:08:09,936 - PlexMusicMatcher - ERROR - Error processing artist KVN AUST: 'ArtistMatcher' object has no attribute 'min_confidence'
2024-12-21 11:08:10,236 - PlexMusicMatcher - ERROR - Error processing artist KVSHYYYK: 'ArtistMatcher' object has no attribute 'min_confidence'
2024-12-21 11:08:10,584 - PlexMusicMatcher - ERROR - Error processing artist Kyle Joshua: 'ArtistMatcher' object has no attribute 'min_confidence'
2024-12-21 11:08:10,896 - PlexMusicMatcher - ERROR - Error processing artist L-S1DE: 'ArtistMatcher' object has no attribute 'min_confidence'
2024-12-21 11:08:11,175 - PlexMusicMatcher - ERROR - Error processing artist L'essay: 'ArtistMatcher' object has no attribute 'min_confidence'
2024-12-21 11:08:11,507 - PlexMusicMatcher - ERROR - Error processing artist L*o*J: 'ArtistMatcher' object has no attribute 'min_confidence'
2024-12-21 11:08:11,698 - PlexMusicMatcher - ERROR - Error processing artist Lake Orchard: 'ArtistMatcher' object has no attribute 'min_confidence'
2024-12-21 11:08:12,014 - PlexMusicMatcher - ERROR - Error processing artist Lakewood Music: 'ArtistMatcher' object has no attribute 'min_confidence'
2024-12-21 11:08:12,186 - PlexMusicMatcher - ERROR - Error processing artist Lanle: 'ArtistMatcher' object has no attribute 'min_confidence'
2024-12-21 11:08:12,488 - PlexMusicMatcher - ERROR - Error processing artist Lauria INC: 'ArtistMatcher' object has no attribute 'min_confidence'
2024-12-21 11:08:12,778 - PlexMusicMatcher - ERROR - Error processing artist Le Castle Vania, Addison: 'ArtistMatcher' object has no attribute 'min_confidence'
2024-12-21 11:08:35,802 - PlexMusicMatcher - WARNING - Matching timed out for artist: LeechesHell
2024-12-21 11:08:36,088 - PlexMusicMatcher - ERROR - Error processing artist Legendcast: 'ArtistMatcher' object has no attribute 'min_confidence'
2024-12-21 11:08:36,388 - PlexMusicMatcher - ERROR - Error processing artist Leisureville: 'ArtistMatcher' object has no attribute 'min_confidence'
2024-12-21 11:08:36,717 - PlexMusicMatcher - ERROR - Error processing artist Lhokanda: 'ArtistMatcher' object has no attribute 'min_confidence'
2024-12-21 11:08:37,020 - PlexMusicMatcher - ERROR - Error processing artist Like Nastya: 'ArtistMatcher' object has no attribute 'min_confidence'
2024-12-21 11:08:37,298 - PlexMusicMatcher - ERROR - Error processing artist Lil'fiercesavage: 'ArtistMatcher' object has no attribute 'min_confidence'
2024-12-21 11:08:37,645 - PlexMusicMatcher - ERROR - Error processing artist LILAAX: 'ArtistMatcher' object has no attribute 'min_confidence'
2024-12-21 11:08:37,868 - PlexMusicMatcher - ERROR - Error processing artist LilErik: 'ArtistMatcher' object has no attribute 'min_confidence'
2024-12-21 11:08:38,155 - PlexMusicMatcher - ERROR - Error processing artist Little Ashes: 'ArtistMatcher' object has no attribute 'min_confidence'
2024-12-21 11:08:38,400 - PlexMusicMatcher - ERROR - Error processing artist Little Circuits: 'ArtistMatcher' object has no attribute 'min_confidence'
2024-12-21 11:08:38,724 - PlexMusicMatcher - ERROR - Error processing artist Little smoking: 'ArtistMatcher' object has no attribute 'min_confidence'
2024-12-21 11:08:38,987 - PlexMusicMatcher - ERROR - Error processing artist Lodge Records: 'ArtistMatcher' object has no attribute 'min_confidence'
2024-12-21 11:08:39,389 - PlexMusicMatcher - ERROR - Error processing artist Lois Haas: 'ArtistMatcher' object has no attribute 'min_confidence'
2024-12-21 11:08:39,742 - PlexMusicMatcher - ERROR - Error processing artist Lor Smoke: 'ArtistMatcher' object has no attribute 'min_confidence'
2024-12-21 11:08:39,970 - PlexMusicMatcher - ERROR - Error processing artist Loris Gréaud: 'ArtistMatcher' object has no attribute 'min_confidence'
2024-12-21 11:08:40,293 - PlexMusicMatcher - ERROR - Error processing artist Low Heat: 'ArtistMatcher' object has no attribute 'min_confidence'
2024-12-21 11:08:41,053 - PlexMusicMatcher - ERROR - Error processing artist LSDREAM, COM3T: 'ArtistMatcher' object has no attribute 'min_confidence'
2024-12-21 11:08:42,106 - PlexMusicMatcher - ERROR - Error processing artist Lucid Monday: 'ArtistMatcher' object has no attribute 'min_confidence'
2024-12-21 11:08:42,436 - PlexMusicMatcher - ERROR - Error processing artist LudjixBoyz: 'ArtistMatcher' object has no attribute 'min_confidence'
2024-12-21 11:08:43,050 - PlexMusicMatcher - ERROR - Error processing artist Ly$o De Eye: 'ArtistMatcher' object has no attribute 'min_confidence'
2024-12-21 11:08:43,218 - PlexMusicMatcher - ERROR - Error processing artist LYNAR: 'ArtistMatcher' object has no attribute 'min_confidence'
2024-12-21 11:09:05,620 - PlexMusicMatcher - WARNING - Matching timed out for artist: Lyncs
2024-12-21 11:09:05,847 - PlexMusicMatcher - ERROR - Error processing artist Magnetic Dreams: 'ArtistMatcher' object has no attribute 'min_confidence'
2024-12-21 11:09:06,086 - PlexMusicMatcher - ERROR - Error processing artist Mahachii: 'ArtistMatcher' object has no attribute 'min_confidence'
2024-12-21 11:09:06,377 - PlexMusicMatcher - ERROR - Error processing artist Maharaj Trio: 'ArtistMatcher' object has no attribute 'min_confidence'
2024-12-21 11:09:06,667 - PlexMusicMatcher - ERROR - Error processing artist Mahdi Chishty: 'ArtistMatcher' object has no attribute 'min_confidence'
2024-12-21 11:09:06,914 - PlexMusicMatcher - ERROR - Error processing artist Mairim & Marc Musica: 'ArtistMatcher' object has no attribute 'min_confidence'
2024-12-21 11:09:07,223 - PlexMusicMatcher - ERROR - Error processing artist Mallika Chopra: 'ArtistMatcher' object has no attribute 'min_confidence'
2024-12-21 11:09:07,975 - PlexMusicMatcher - ERROR - Error processing artist Manic Science: 'ArtistMatcher' object has no attribute 'min_confidence'
2024-12-21 11:09:08,456 - PlexMusicMatcher - ERROR - Error processing artist Mar$: 'ArtistMatcher' object has no attribute 'min_confidence'
2024-12-21 11:09:08,861 - PlexMusicMatcher - ERROR - Error processing artist Mark Holiday: 'ArtistMatcher' object has no attribute 'min_confidence'
2024-12-21 11:09:09,191 - PlexMusicMatcher - ERROR - Error processing artist Marlin Ben: 'ArtistMatcher' object has no attribute 'min_confidence'
2024-12-21 11:09:09,452 - PlexMusicMatcher - ERROR - Error processing artist Marr D: 'ArtistMatcher' object has no attribute 'min_confidence'
2024-12-21 11:09:10,160 - PlexMusicMatcher - ERROR - Error processing artist Matter and Energy: 'ArtistMatcher' object has no attribute 'min_confidence'
2024-12-21 11:09:10,493 - PlexMusicMatcher - ERROR - Error processing artist Max Future: 'ArtistMatcher' object has no attribute 'min_confidence'
2024-12-21 11:09:10,720 - PlexMusicMatcher - ERROR - Error processing artist MC Martinez: 'ArtistMatcher' object has no attribute 'min_confidence'
2024-12-21 11:09:10,985 - PlexMusicMatcher - ERROR - Error processing artist MC RW1: 'ArtistMatcher' object has no attribute 'min_confidence'
2024-12-21 11:09:11,270 - PlexMusicMatcher - ERROR - Error processing artist Mechagnome: 'ArtistMatcher' object has no attribute 'min_confidence'
2024-12-21 11:09:11,543 - PlexMusicMatcher - ERROR - Error processing artist Mecsa Sosa: 'ArtistMatcher' object has no attribute 'min_confidence'
2024-12-21 11:09:11,798 - PlexMusicMatcher - ERROR - Error processing artist Meditation Loopable Sounds: 'ArtistMatcher' object has no attribute 'min_confidence'
2024-12-21 11:09:12,050 - PlexMusicMatcher - ERROR - Error processing artist Mfinity: 'ArtistMatcher' object has no attribute 'min_confidence'
2024-12-21 11:09:12,364 - PlexMusicMatcher - ERROR - Error processing artist Mfs That Hustla: 'ArtistMatcher' object has no attribute 'min_confidence'
2024-12-21 11:09:13,040 - PlexMusicMatcher - ERROR - Error processing artist Mi K.O.: 'ArtistMatcher' object has no attribute 'min_confidence'
2024-12-21 11:09:35,741 - PlexMusicMatcher - WARNING - Matching timed out for artist: Michael Kadelbach
2024-12-21 11:09:36,027 - PlexMusicMatcher - ERROR - Error processing artist Midnight Kitsune: 'ArtistMatcher' object has no attribute 'min_confidence'
2024-12-21 11:09:36,368 - PlexMusicMatcher - ERROR - Error processing artist Mike Forrest Flynn: 'ArtistMatcher' object has no attribute 'min_confidence'
2024-12-21 11:09:36,704 - PlexMusicMatcher - ERROR - Error processing artist Miky Mendozza: 'ArtistMatcher' object has no attribute 'min_confidence'
2024-12-21 11:09:36,968 - PlexMusicMatcher - ERROR - Error processing artist Mila Harper: 'ArtistMatcher' object has no attribute 'min_confidence'
2024-12-21 11:09:37,319 - PlexMusicMatcher - ERROR - Error processing artist Mis Recuerdos Edition: 'ArtistMatcher' object has no attribute 'min_confidence'
2024-12-21 11:09:37,662 - PlexMusicMatcher - ERROR - Error processing artist Misael Olivalti: 'ArtistMatcher' object has no attribute 'min_confidence'
2024-12-21 11:09:37,929 - PlexMusicMatcher - ERROR - Error processing artist Miss Malibu: 'ArtistMatcher' object has no attribute 'min_confidence'
2024-12-21 11:09:38,265 - PlexMusicMatcher - ERROR - Error processing artist Mitch von Monaco: 'ArtistMatcher' object has no attribute 'min_confidence'
2024-12-21 11:09:38,618 - PlexMusicMatcher - ERROR - Error processing artist Mod3sto: 'ArtistMatcher' object has no attribute 'min_confidence'
2024-12-21 11:09:38,876 - PlexMusicMatcher - ERROR - Error processing artist MollyNa: 'ArtistMatcher' object has no attribute 'min_confidence'
2024-12-21 11:09:39,963 - PlexMusicMatcher - ERROR - Error processing artist Motifv: 'ArtistMatcher' object has no attribute 'min_confidence'
2024-12-21 11:09:40,264 - PlexMusicMatcher - ERROR - Error processing artist Mr.Edie: 'ArtistMatcher' object has no attribute 'min_confidence'
2024-12-21 11:09:40,497 - PlexMusicMatcher - ERROR - Error processing artist Mulan - Cast: 'ArtistMatcher' object has no attribute 'min_confidence'
2024-12-21 11:09:40,883 - PlexMusicMatcher - ERROR - Error processing artist Mulle Beats: 'ArtistMatcher' object has no attribute 'min_confidence'
2024-12-21 11:09:41,646 - PlexMusicMatcher - ERROR - Error processing artist Mxverick: 'ArtistMatcher' object has no attribute 'min_confidence'
2024-12-21 11:09:41,929 - PlexMusicMatcher - ERROR - Error processing artist My Wondrous Dream: 'ArtistMatcher' object has no attribute 'min_confidence'
2024-12-21 11:09:42,266 - PlexMusicMatcher - ERROR - Error processing artist MyCliff: 'ArtistMatcher' object has no attribute 'min_confidence'
2024-12-21 11:09:42,523 - PlexMusicMatcher - ERROR - Error processing artist Mylesxiety: 'ArtistMatcher' object has no attribute 'min_confidence'
2024-12-21 11:09:42,801 - PlexMusicMatcher - ERROR - Error processing artist Myya's Diary: 'ArtistMatcher' object has no attribute 'min_confidence'
2024-12-21 11:09:43,534 - PlexMusicMatcher - ERROR - Error processing artist Natalia Labourdette: 'ArtistMatcher' object has no attribute 'min_confidence'
2024-12-21 11:10:05,696 - PlexMusicMatcher - WARNING - Matching timed out for artist: Nategawd
2024-12-21 11:10:05,941 - PlexMusicMatcher - ERROR - Error processing artist Nature Sounds & Native American Flute for Relaxing Sleep, Massage, Yoga & Spas: 'ArtistMatcher' object has no attribute 'min_confidence'
2024-12-21 11:10:06,253 - PlexMusicMatcher - ERROR - Error processing artist neebs.: 'ArtistMatcher' object has no attribute 'min_confidence'
2024-12-21 11:10:06,540 - PlexMusicMatcher - ERROR - Error processing artist Neukrapsio: 'ArtistMatcher' object has no attribute 'min_confidence'
2024-12-21 11:10:07,146 - PlexMusicMatcher - ERROR - Error processing artist Nico Savaro: 'ArtistMatcher' object has no attribute 'min_confidence'
2024-12-21 11:10:07,318 - PlexMusicMatcher - ERROR - Error processing artist Nifup: 'ArtistMatcher' object has no attribute 'min_confidence'
2024-12-21 11:10:07,565 - PlexMusicMatcher - ERROR - Error processing artist Nilzlit: 'ArtistMatcher' object has no attribute 'min_confidence'
2024-12-21 11:10:07,876 - PlexMusicMatcher - ERROR - Error processing artist Ninezz: 'ArtistMatcher' object has no attribute 'min_confidence'
2024-12-21 11:10:08,130 - PlexMusicMatcher - ERROR - Error processing artist niteloops: 'ArtistMatcher' object has no attribute 'min_confidence'
2024-12-21 11:10:08,299 - PlexMusicMatcher - ERROR - Error processing artist NKG: 'ArtistMatcher' object has no attribute 'min_confidence'
2024-12-21 11:10:08,646 - PlexMusicMatcher - ERROR - Error processing artist No Signe: 'ArtistMatcher' object has no attribute 'min_confidence'
2024-12-21 11:10:08,972 - PlexMusicMatcher - ERROR - Error processing artist node: project: 'ArtistMatcher' object has no attribute 'min_confidence'
2024-12-21 11:10:09,218 - PlexMusicMatcher - ERROR - Error processing artist Nostalgic Child: 'ArtistMatcher' object has no attribute 'min_confidence'
2024-12-21 11:10:09,579 - PlexMusicMatcher - ERROR - Error processing artist Now & Anatma: 'ArtistMatcher' object has no attribute 'min_confidence'
2024-12-21 11:10:09,864 - PlexMusicMatcher - ERROR - Error processing artist Nowak vel Nowaczyński: 'ArtistMatcher' object has no attribute 'min_confidence'
2024-12-21 11:10:10,142 - PlexMusicMatcher - ERROR - Error processing artist O.G Cloud9: 'ArtistMatcher' object has no attribute 'min_confidence'
2024-12-21 11:10:10,405 - PlexMusicMatcher - ERROR - Error processing artist Odecityfire: 'ArtistMatcher' object has no attribute 'min_confidence'
2024-12-21 11:10:10,787 - PlexMusicMatcher - ERROR - Error processing artist OG KEMi: 'ArtistMatcher' object has no attribute 'min_confidence'
2024-12-21 11:10:10,955 - PlexMusicMatcher - ERROR - Error processing artist Ogoh Precious: 'ArtistMatcher' object has no attribute 'min_confidence'
2024-12-21 11:10:11,265 - PlexMusicMatcher - ERROR - Error processing artist Ollie Oi: 'ArtistMatcher' object has no attribute 'min_confidence'
2024-12-21 11:10:11,463 - PlexMusicMatcher - ERROR - Error processing artist ONE HOUSE: 'ArtistMatcher' object has no attribute 'min_confidence'
2024-12-21 11:10:11,617 - PlexMusicMatcher - ERROR - Error processing artist Onz: 'ArtistMatcher' object has no attribute 'min_confidence'
2024-12-21 11:10:11,927 - PlexMusicMatcher - ERROR - Error processing artist Ookean: 'ArtistMatcher' object has no attribute 'min_confidence'
2024-12-21 11:10:12,192 - PlexMusicMatcher - ERROR - Error processing artist Osboyz: 'ArtistMatcher' object has no attribute 'min_confidence'
2024-12-21 11:10:35,729 - PlexMusicMatcher - WARNING - Matching timed out for artist: Oski, TYNAN
2024-12-21 11:10:35,930 - PlexMusicMatcher - ERROR - Error processing artist Otica: 'ArtistMatcher' object has no attribute 'min_confidence'
2024-12-21 11:10:36,178 - PlexMusicMatcher - ERROR - Error processing artist Outflux: 'ArtistMatcher' object has no attribute 'min_confidence'
2024-12-21 11:10:36,505 - PlexMusicMatcher - ERROR - Error processing artist P.A.V: 'ArtistMatcher' object has no attribute 'min_confidence'
2024-12-21 11:10:36,842 - PlexMusicMatcher - ERROR - Error processing artist PALMAIN: 'ArtistMatcher' object has no attribute 'min_confidence'
2024-12-21 11:10:37,123 - PlexMusicMatcher - ERROR - Error processing artist Palpal: 'ArtistMatcher' object has no attribute 'min_confidence'
2024-12-21 11:10:37,453 - PlexMusicMatcher - ERROR - Error processing artist Payin' Top Dolla: 'ArtistMatcher' object has no attribute 'min_confidence'
2024-12-21 11:10:37,684 - PlexMusicMatcher - ERROR - Error processing artist Peace Collectors: 'ArtistMatcher' object has no attribute 'min_confidence'
2024-12-21 11:10:37,942 - PlexMusicMatcher - ERROR - Error processing artist Pharooo: 'ArtistMatcher' object has no attribute 'min_confidence'
2024-12-21 11:10:38,213 - PlexMusicMatcher - ERROR - Error processing artist Phoebos: 'ArtistMatcher' object has no attribute 'min_confidence'
2024-12-21 11:10:38,374 - PlexMusicMatcher - ERROR - Error processing artist Planetopia: 'ArtistMatcher' object has no attribute 'min_confidence'
2024-12-21 11:10:38,666 - PlexMusicMatcher - ERROR - Error processing artist Play1r: 'ArtistMatcher' object has no attribute 'min_confidence'
2024-12-21 11:10:38,868 - PlexMusicMatcher - ERROR - Error processing artist PNOG: 'ArtistMatcher' object has no attribute 'min_confidence'
2024-12-21 11:10:39,198 - PlexMusicMatcher - ERROR - Error processing artist Poly Grace: 'ArtistMatcher' object has no attribute 'min_confidence'
2024-12-21 11:10:39,363 - PlexMusicMatcher - ERROR - Error processing artist Porff: 'ArtistMatcher' object has no attribute 'min_confidence'
2024-12-21 11:10:39,682 - PlexMusicMatcher - ERROR - Error processing artist Positive Reptile: 'ArtistMatcher' object has no attribute 'min_confidence'
2024-12-21 11:10:39,907 - PlexMusicMatcher - ERROR - Error processing artist Pr!ce: 'ArtistMatcher' object has no attribute 'min_confidence'
2024-12-21 11:10:40,628 - PlexMusicMatcher - ERROR - Error processing artist Prxphecy: 'ArtistMatcher' object has no attribute 'min_confidence'
2024-12-21 11:10:41,403 - PlexMusicMatcher - ERROR - Error processing artist Rayess Bek: 'ArtistMatcher' object has no attribute 'min_confidence'
2024-12-21 11:10:41,728 - PlexMusicMatcher - ERROR - Error processing artist Reliquus Music: 'ArtistMatcher' object has no attribute 'min_confidence'
2024-12-21 11:10:41,981 - PlexMusicMatcher - ERROR - Error processing artist Rent Check: 'ArtistMatcher' object has no attribute 'min_confidence'
2024-12-21 11:10:42,282 - PlexMusicMatcher - ERROR - Error processing artist RezaDead: 'ArtistMatcher' object has no attribute 'min_confidence'
2024-12-21 11:10:42,570 - PlexMusicMatcher - ERROR - Error processing artist Rishi Shukla: 'ArtistMatcher' object has no attribute 'min_confidence'
2024-12-21 11:11:05,771 - PlexMusicMatcher - WARNING - Matching timed out for artist: Robot Kids Electric
2024-12-21 11:11:06,039 - PlexMusicMatcher - ERROR - Error processing artist Rollcage: 'ArtistMatcher' object has no attribute 'min_confidence'
2024-12-21 11:11:06,288 - PlexMusicMatcher - ERROR - Error processing artist Ronin Halloway: 'ArtistMatcher' object has no attribute 'min_confidence'
2024-12-21 11:11:06,607 - PlexMusicMatcher - ERROR - Error processing artist Rubycon Sunset: 'ArtistMatcher' object has no attribute 'min_confidence'
2024-12-21 11:11:06,845 - PlexMusicMatcher - ERROR - Error processing artist Ruth Mountain: 'ArtistMatcher' object has no attribute 'min_confidence'
2024-12-21 11:11:07,122 - PlexMusicMatcher - ERROR - Error processing artist S'BO Gyre: 'ArtistMatcher' object has no attribute 'min_confidence'
2024-12-21 11:11:07,390 - PlexMusicMatcher - ERROR - Error processing artist s0und m1nd: 'ArtistMatcher' object has no attribute 'min_confidence'
2024-12-21 11:11:07,643 - PlexMusicMatcher - ERROR - Error processing artist Saint Parrish: 'ArtistMatcher' object has no attribute 'min_confidence'
2024-12-21 11:11:07,957 - PlexMusicMatcher - ERROR - Error processing artist Salomon Isle: 'ArtistMatcher' object has no attribute 'min_confidence'
2024-12-21 11:11:08,209 - PlexMusicMatcher - ERROR - Error processing artist San Scout: 'ArtistMatcher' object has no attribute 'min_confidence'
2024-12-21 11:11:08,538 - PlexMusicMatcher - ERROR - Error processing artist Sativa Sunrise: 'ArtistMatcher' object has no attribute 'min_confidence'
2024-12-21 11:11:08,797 - PlexMusicMatcher - ERROR - Error processing artist Savtik: 'ArtistMatcher' object has no attribute 'min_confidence'
2024-12-21 11:11:09,063 - PlexMusicMatcher - ERROR - Error processing artist Sayandweep: 'ArtistMatcher' object has no attribute 'min_confidence'
2024-12-21 11:11:09,328 - PlexMusicMatcher - ERROR - Error processing artist Seemsles999: 'ArtistMatcher' object has no attribute 'min_confidence'
2024-12-21 11:11:09,505 - PlexMusicMatcher - ERROR - Error processing artist Seinna: 'ArtistMatcher' object has no attribute 'min_confidence'
2024-12-21 11:11:09,786 - PlexMusicMatcher - ERROR - Error processing artist Self Tape: 'ArtistMatcher' object has no attribute 'min_confidence'
2024-12-21 11:11:10,089 - PlexMusicMatcher - ERROR - Error processing artist She Has A Cold Cold Heart: 'ArtistMatcher' object has no attribute 'min_confidence'
2024-12-21 11:11:10,434 - PlexMusicMatcher - ERROR - Error processing artist Shirakura: 'ArtistMatcher' object has no attribute 'min_confidence'
2024-12-21 11:11:10,702 - PlexMusicMatcher - ERROR - Error processing artist shpaaaackkk: 'ArtistMatcher' object has no attribute 'min_confidence'
2024-12-21 11:11:10,996 - PlexMusicMatcher - ERROR - Error processing artist Shunya Koyanagi: 'ArtistMatcher' object has no attribute 'min_confidence'
2024-12-21 11:11:11,240 - PlexMusicMatcher - ERROR - Error processing artist Shwilly: 'ArtistMatcher' object has no attribute 'min_confidence'
2024-12-21 11:11:11,574 - PlexMusicMatcher - ERROR - Error processing artist silverglass: 'ArtistMatcher' object has no attribute 'min_confidence'
2024-12-21 11:11:11,917 - PlexMusicMatcher - ERROR - Error processing artist Simply K: 'ArtistMatcher' object has no attribute 'min_confidence'
2024-12-21 11:11:12,194 - PlexMusicMatcher - ERROR - Error processing artist The Singers - Minnesota Choral Artists: 'ArtistMatcher' object has no attribute 'min_confidence'
2024-12-21 11:11:12,336 - PlexMusicMatcher - ERROR - Error processing artist SJXB: 'ArtistMatcher' object has no attribute 'min_confidence'
2024-12-21 11:11:35,754 - PlexMusicMatcher - WARNING - Matching timed out for artist: Sleeping Clouds
2024-12-21 11:11:36,021 - PlexMusicMatcher - ERROR - Error processing artist sleepscreen: 'ArtistMatcher' object has no attribute 'min_confidence'
2024-12-21 11:11:36,286 - PlexMusicMatcher - ERROR - Error processing artist Sleepy Night Music: 'ArtistMatcher' object has no attribute 'min_confidence'
2024-12-21 11:11:36,576 - PlexMusicMatcher - ERROR - Error processing artist Slouzzz: 'ArtistMatcher' object has no attribute 'min_confidence'
2024-12-21 11:11:36,735 - PlexMusicMatcher - ERROR - Error processing artist SNKB: 'ArtistMatcher' object has no attribute 'min_confidence'
2024-12-21 11:11:37,024 - PlexMusicMatcher - ERROR - Error processing artist So Frenchy So Chic: 'ArtistMatcher' object has no attribute 'min_confidence'
2024-12-21 11:11:37,675 - PlexMusicMatcher - ERROR - Error processing artist Soft Tide: 'ArtistMatcher' object has no attribute 'min_confidence'
2024-12-21 11:11:37,964 - PlexMusicMatcher - ERROR - Error processing artist softboy ivo: 'ArtistMatcher' object has no attribute 'min_confidence'
2024-12-21 11:11:38,218 - PlexMusicMatcher - ERROR - Error processing artist SoudCrime: 'ArtistMatcher' object has no attribute 'min_confidence'
2024-12-21 11:11:38,537 - PlexMusicMatcher - ERROR - Error processing artist Spectral Morning: 'ArtistMatcher' object has no attribute 'min_confidence'
2024-12-21 11:11:38,905 - PlexMusicMatcher - ERROR - Error processing artist Splixy: 'ArtistMatcher' object has no attribute 'min_confidence'
2024-12-21 11:11:39,182 - PlexMusicMatcher - ERROR - Error processing artist SPVCES: 'ArtistMatcher' object has no attribute 'min_confidence'
2024-12-21 11:11:39,467 - PlexMusicMatcher - ERROR - Error processing artist St-Saoul: 'ArtistMatcher' object has no attribute 'min_confidence'
2024-12-21 11:11:40,027 - PlexMusicMatcher - ERROR - Error processing artist The State of Mudita: 'ArtistMatcher' object has no attribute 'min_confidence'
2024-12-21 11:11:40,316 - PlexMusicMatcher - ERROR - Error processing artist Static Garden: 'ArtistMatcher' object has no attribute 'min_confidence'
2024-12-21 11:11:40,618 - PlexMusicMatcher - ERROR - Error processing artist A Stellar: 'ArtistMatcher' object has no attribute 'min_confidence'
2024-12-21 11:11:40,908 - PlexMusicMatcher - ERROR - Error processing artist Stephanie Hawk: 'ArtistMatcher' object has no attribute 'min_confidence'
2024-12-21 11:11:41,127 - PlexMusicMatcher - ERROR - Error processing artist Stopendor: 'ArtistMatcher' object has no attribute 'min_confidence'
2024-12-21 11:11:41,393 - PlexMusicMatcher - ERROR - Error processing artist studiozada: 'ArtistMatcher' object has no attribute 'min_confidence'
2024-12-21 11:11:41,553 - PlexMusicMatcher - ERROR - Error processing artist Suicidewave: 'ArtistMatcher' object has no attribute 'min_confidence'
2024-12-21 11:11:41,907 - PlexMusicMatcher - ERROR - Error processing artist Superdream: 'ArtistMatcher' object has no attribute 'min_confidence'
2024-12-21 11:11:42,222 - PlexMusicMatcher - ERROR - Error processing artist Susie Suh & Robot Koch: 'ArtistMatcher' object has no attribute 'min_confidence'
2024-12-21 11:11:42,391 - PlexMusicMatcher - ERROR - Error processing artist sxid: 'ArtistMatcher' object has no attribute 'min_confidence'
2024-12-21 11:12:05,707 - PlexMusicMatcher - WARNING - Matching timed out for artist: Syf of Talking Knots
2024-12-21 11:12:05,979 - PlexMusicMatcher - ERROR - Error processing artist Synkro, Indigo: 'ArtistMatcher' object has no attribute 'min_confidence'
2024-12-21 11:12:06,257 - PlexMusicMatcher - ERROR - Error processing artist TAKTY-E: 'ArtistMatcher' object has no attribute 'min_confidence'
2024-12-21 11:12:06,508 - PlexMusicMatcher - ERROR - Error processing artist Tantraction: 'ArtistMatcher' object has no attribute 'min_confidence'
2024-12-21 11:12:06,813 - PlexMusicMatcher - ERROR - Error processing artist Tatzstar 2 Shiny: 'ArtistMatcher' object has no attribute 'min_confidence'
2024-12-21 11:12:07,034 - PlexMusicMatcher - ERROR - Error processing artist Tenet Audio: 'ArtistMatcher' object has no attribute 'min_confidence'
2024-12-21 11:12:07,196 - PlexMusicMatcher - ERROR - Error processing artist teo glacier: 'ArtistMatcher' object has no attribute 'min_confidence'
2024-12-21 11:12:07,470 - PlexMusicMatcher - ERROR - Error processing artist Tetherlight: 'ArtistMatcher' object has no attribute 'min_confidence'
2024-12-21 11:12:07,804 - PlexMusicMatcher - ERROR - Error processing artist Tfavored: 'ArtistMatcher' object has no attribute 'min_confidence'
2024-12-21 11:12:08,089 - PlexMusicMatcher - ERROR - Error processing artist Thadius X: 'ArtistMatcher' object has no attribute 'min_confidence'
2024-12-21 11:12:08,443 - PlexMusicMatcher - ERROR - Error processing artist Thai Massage Music: 'ArtistMatcher' object has no attribute 'min_confidence'
2024-12-21 11:12:08,730 - PlexMusicMatcher - ERROR - Error processing artist TheRa11n: 'ArtistMatcher' object has no attribute 'min_confidence'
2024-12-21 11:12:09,016 - PlexMusicMatcher - ERROR - Error processing artist Thiago Garcia: 'ArtistMatcher' object has no attribute 'min_confidence'
2024-12-21 11:12:09,275 - PlexMusicMatcher - ERROR - Error processing artist Thomas Garcia, Eric Sharp: 'ArtistMatcher' object has no attribute 'min_confidence'
2024-12-21 11:12:09,522 - PlexMusicMatcher - ERROR - Error processing artist Thornton III Jenkins: 'ArtistMatcher' object has no attribute 'min_confidence'
2024-12-21 11:12:09,824 - PlexMusicMatcher - ERROR - Error processing artist Threedust: 'ArtistMatcher' object has no attribute 'min_confidence'
2024-12-21 11:12:10,193 - PlexMusicMatcher - ERROR - Error processing artist Tiki Taka: 'ArtistMatcher' object has no attribute 'min_confidence'
2024-12-21 11:12:10,477 - PlexMusicMatcher - ERROR - Error processing artist Toby Timber: 'ArtistMatcher' object has no attribute 'min_confidence'
2024-12-21 11:12:10,741 - PlexMusicMatcher - ERROR - Error processing artist Todd & Klein: 'ArtistMatcher' object has no attribute 'min_confidence'
2024-12-21 11:12:11,000 - PlexMusicMatcher - ERROR - Error processing artist Todd Beasley: 'ArtistMatcher' object has no attribute 'min_confidence'
2024-12-21 11:12:11,333 - PlexMusicMatcher - ERROR - Error processing artist Tora-i: 'ArtistMatcher' object has no attribute 'min_confidence'
2024-12-21 11:12:11,501 - PlexMusicMatcher - ERROR - Error processing artist Toxic Hearts: 'ArtistMatcher' object has no attribute 'min_confidence'
2024-12-21 11:12:11,822 - PlexMusicMatcher - ERROR - Error processing artist TrappyWorldWide: 'ArtistMatcher' object has no attribute 'min_confidence'
2024-12-21 11:12:12,146 - PlexMusicMatcher - ERROR - Error processing artist Travmkind: 'ArtistMatcher' object has no attribute 'min_confidence'
2024-12-21 11:12:12,474 - PlexMusicMatcher - ERROR - Error processing artist Trish Jane: 'ArtistMatcher' object has no attribute 'min_confidence'
2024-12-21 11:12:35,806 - PlexMusicMatcher - WARNING - Matching timed out for artist: Tropez
2024-12-21 11:12:36,090 - PlexMusicMatcher - ERROR - Error processing artist twyn!b: 'ArtistMatcher' object has no attribute 'min_confidence'
2024-12-21 11:12:36,753 - PlexMusicMatcher - ERROR - Error processing artist TYNAN, KRISCHVN: 'ArtistMatcher' object has no attribute 'min_confidence'
2024-12-21 11:12:37,029 - PlexMusicMatcher - ERROR - Error processing artist Udipta: 'ArtistMatcher' object has no attribute 'min_confidence'
2024-12-21 11:12:37,334 - PlexMusicMatcher - ERROR - Error processing artist unvrsl frqncy: 'ArtistMatcher' object has no attribute 'min_confidence'
2024-12-21 11:12:37,690 - PlexMusicMatcher - ERROR - Error processing artist Ursa the Chef: 'ArtistMatcher' object has no attribute 'min_confidence'
2024-12-21 11:12:38,001 - PlexMusicMatcher - ERROR - Error processing artist V.D.L: 'ArtistMatcher' object has no attribute 'min_confidence'
2024-12-21 11:12:38,204 - PlexMusicMatcher - ERROR - Error processing artist VALÉ: 'ArtistMatcher' object has no attribute 'min_confidence'
2024-12-21 11:12:38,508 - PlexMusicMatcher - ERROR - Error processing artist El Vendedor de Almas: 'ArtistMatcher' object has no attribute 'min_confidence'
2024-12-21 11:12:38,750 - PlexMusicMatcher - ERROR - Error processing artist Veridian Club Music: 'ArtistMatcher' object has no attribute 'min_confidence'
2024-12-21 11:12:39,006 - PlexMusicMatcher - ERROR - Error processing artist viiolets: 'ArtistMatcher' object has no attribute 'min_confidence'
2024-12-21 11:12:39,288 - PlexMusicMatcher - ERROR - Error processing artist Wardinho: 'ArtistMatcher' object has no attribute 'min_confidence'
2024-12-21 11:12:40,101 - PlexMusicMatcher - ERROR - Error processing artist Wavehealers: 'ArtistMatcher' object has no attribute 'min_confidence'
2024-12-21 11:12:40,357 - PlexMusicMatcher - ERROR - Error processing artist WhyBaby?: 'ArtistMatcher' object has no attribute 'min_confidence'
2024-12-21 11:12:40,645 - PlexMusicMatcher - ERROR - Error processing artist Will Butler vs The Knocks: 'ArtistMatcher' object has no attribute 'min_confidence'
2024-12-21 11:12:40,941 - PlexMusicMatcher - ERROR - Error processing artist Within Spaces: 'ArtistMatcher' object has no attribute 'min_confidence'
2024-12-21 11:12:41,105 - PlexMusicMatcher - ERROR - Error processing artist WSDE: 'ArtistMatcher' object has no attribute 'min_confidence'
2024-12-21 11:12:41,361 - PlexMusicMatcher - ERROR - Error processing artist Wyllis: 'ArtistMatcher' object has no attribute 'min_confidence'
2024-12-21 11:12:41,645 - PlexMusicMatcher - ERROR - Error processing artist Xemba: 'ArtistMatcher' object has no attribute 'min_confidence'
2024-12-21 11:12:41,814 - PlexMusicMatcher - ERROR - Error processing artist xerLK: 'ArtistMatcher' object has no attribute 'min_confidence'
2024-12-21 11:12:41,977 - PlexMusicMatcher - ERROR - Error processing artist XR: 'ArtistMatcher' object has no attribute 'min_confidence'
2024-12-21 11:12:42,290 - PlexMusicMatcher - ERROR - Error processing artist XTheDolphin: 'ArtistMatcher' object has no attribute 'min_confidence'
2024-12-21 11:12:42,594 - PlexMusicMatcher - ERROR - Error processing artist Yarin Primak: 'ArtistMatcher' object has no attribute 'min_confidence'
2024-12-21 11:13:05,744 - PlexMusicMatcher - WARNING - Matching timed out for artist: Yerik Martínez
2024-12-21 11:13:06,048 - PlexMusicMatcher - ERROR - Error processing artist Yolo Gang: 'ArtistMatcher' object has no attribute 'min_confidence'
2024-12-21 11:13:06,336 - PlexMusicMatcher - ERROR - Error processing artist Yoo Woon: 'ArtistMatcher' object has no attribute 'min_confidence'
2024-12-21 11:13:06,666 - PlexMusicMatcher - ERROR - Error processing artist Yorokobi: 'ArtistMatcher' object has no attribute 'min_confidence'
2024-12-21 11:13:07,047 - PlexMusicMatcher - ERROR - Error processing artist Yoshual Time: 'ArtistMatcher' object has no attribute 'min_confidence'
2024-12-21 11:13:08,261 - PlexMusicMatcher - ERROR - Error processing artist Zachary Funk: 'ArtistMatcher' object has no attribute 'min_confidence'
2024-12-21 11:13:08,655 - PlexMusicMatcher - ERROR - Error processing artist Zahra Tate: 'ArtistMatcher' object has no attribute 'min_confidence'
2024-12-21 11:13:08,921 - PlexMusicMatcher - ERROR - Error processing artist ZOMBIES – Cast: 'ArtistMatcher' object has no attribute 'min_confidence'
2024-12-21 11:13:09,058 - PlexMusicMatcher - ERROR - Error processing artist ZTEFF: 'ArtistMatcher' object has no attribute 'min_confidence'
2024-12-21 11:13:09,222 - PlexMusicMatcher - ERROR - Error processing artist Zxmrk: 'ArtistMatcher' object has no attribute 'min_confidence'
2024-12-21 11:13:09,517 - PlexMusicMatcher - ERROR - Error processing artist ZΩH: 'ArtistMatcher' object has no attribute 'min_confidence'
2024-12-21 11:13:10,130 - PlexMusicMatcher - ERROR - Error processing artist ゆうがお: 'ArtistMatcher' object has no attribute 'min_confidence'
2024-12-21 11:13:10,703 - PlexMusicMatcher - ERROR - Error processing artist 卡捷琳娜-凯丽: 'ArtistMatcher' object has no attribute 'min_confidence'
2024-12-21 11:13:10,896 - PlexMusicMatcher - ERROR - Error processing artist 吳京: 'ArtistMatcher' object has no attribute 'min_confidence'
2024-12-21 11:13:11,124 - PlexMusicMatcher - ERROR - Error processing artist 新时代轻音乐团: 'ArtistMatcher' object has no attribute 'min_confidence'
2024-12-21 11:13:11,291 - PlexMusicMatcher - ERROR - Error processing artist 柒: 'ArtistMatcher' object has no attribute 'min_confidence'
2024-12-21 11:13:11,292 - PlexMusicMatcher - INFO - ==================================================
2024-12-21 11:13:11,292 - PlexMusicMatcher - INFO - Total artists processed: 520
2024-12-21 11:13:11,292 - PlexMusicMatcher - INFO - Automatic matches: 0 (0.0%)
2024-12-21 11:13:11,292 - PlexMusicMatcher - INFO - Needs review: 0 (0.0%)
2024-12-21 11:13:11,292 - PlexMusicMatcher - INFO - No matches found: 520 (100.0%)
2024-12-21 11:13:11,293 - PlexMusicMatcher - INFO - 
No Matches Found For:
2024-12-21 11:13:11,293 - PlexMusicMatcher - INFO - ==================================================
2024-12-21 11:13:11,293 - PlexMusicMatcher - INFO - 1. 5hags
2024-12-21 11:13:11,293 - PlexMusicMatcher - INFO - 2. 7-Pm
2024-12-21 11:13:11,293 - PlexMusicMatcher - INFO - 3. 7XL
2024-12-21 11:13:11,293 - PlexMusicMatcher - INFO - 4. 98.Morelo
2024-12-21 11:13:11,293 - PlexMusicMatcher - INFO - 5. Aaron Doh
2024-12-21 11:13:11,294 - PlexMusicMatcher - INFO - 
Processing Summary:
2024-12-21 11:13:11,294 - PlexMusicMatcher - INFO - ==================================================
2024-12-21 11:13:11,294 - PlexMusicMatcher - INFO - Total artists processed: 520
2024-12-21 11:13:11,294 - PlexMusicMatcher - INFO - Automatic matches: 0 (0.0%)
2024-12-21 11:13:11,294 - PlexMusicMatcher - INFO - Needs review: 0 (0.0%)
2024-12-21 11:13:11,294 - PlexMusicMatcher - INFO - No matches found: 520 (100.0%)
2024-12-21 11:13:11,294 - PlexMusicMatcher - INFO - 
Would you like to:
2024-12-21 11:13:11,295 - PlexMusicMatcher - INFO - 1. Review potential matches
2024-12-21 11:13:11,295 - PlexMusicMatcher - INFO - 2. Save results for later
2024-12-21 11:13:11,295 - PlexMusicMatcher - INFO - 3. Exit
2024-12-21 11:14:45,435 - PlexMusicMatcher - INFO - Invalid choice. Please enter 1, 2, or 3.
2024-12-21 11:14:45,435 - PlexMusicMatcher - INFO - 
Would you like to:
2024-12-21 11:14:45,436 - PlexMusicMatcher - INFO - 1. Review potential matches
2024-12-21 11:14:45,436 - PlexMusicMatcher - INFO - 2. Save results for later
2024-12-21 11:14:45,436 - PlexMusicMatcher - INFO - 3. Exit
2024-12-21 11:14:51,045 - PlexMusicMatcher - INFO - Exiting...
