2024-12-21 19:44:34,054 - PlexMusicMatcher - INFO - Loading configuration...
2024-12-21 19:44:34,054 - PlexMusicMatcher - INFO - Configuration loaded successfully!
2024-12-21 19:44:34,055 - PlexMusicMatcher - INFO - Initializing Spotify connection...
2024-12-21 19:44:34,055 - PlexMusicMatcher - INFO - Successfully connected to Spotify API
2024-12-21 19:44:34,370 - PlexMusicMatcher - INFO - Initializing Plex connection...
2024-12-21 19:44:34,370 - PlexMusicMatcher - INFO - Connecting to Plex server at http://192.168.86.21:32400/...
2024-12-21 19:44:34,375 - PlexMusicMatcher - INFO - Successfully connected to Plex server: ThomasArchives
2024-12-21 19:44:34,379 - PlexMusicMatcher - INFO - Successfully connected to music library: Music
2024-12-21 19:44:34,379 - PlexMusicMatcher - INFO - Plex Server Version: 1.41.3.9292-bc7397402
2024-12-21 19:44:34,409 - PlexMusicMatcher - INFO - Successfully accessed music library
2024-12-21 19:44:34,410 - PlexMusicMatcher - INFO - Scanning for unmatched artists...
2024-12-21 19:44:34,410 - PlexMusicMatcher - INFO - Scanning for unmatched artists...
2024-12-21 19:44:38,866 - PlexMusicMatcher - INFO - Scanning 4592 total artists...
2024-12-21 19:45:03,583 - PlexMusicMatcher - INFO - 
Found 520 unmatched artists
2024-12-21 19:45:03,597 - PlexMusicMatcher - INFO - Found 520 unmatched artists
2024-12-21 19:45:03,597 - PlexMusicMatcher - INFO - Starting artist matching process...
2024-12-21 19:58:09,303 - PlexMusicMatcher - INFO - ==================================================
2024-12-21 19:58:09,303 - PlexMusicMatcher - INFO - Total artists processed: 520
2024-12-21 19:58:09,303 - PlexMusicMatcher - INFO - Automatic matches: 513 (98.7%)
2024-12-21 19:58:09,303 - PlexMusicMatcher - INFO - Needs review: 6 (1.2%)
2024-12-21 19:58:09,304 - PlexMusicMatcher - INFO - No matches found: 1 (0.2%)
2024-12-21 19:58:09,304 - PlexMusicMatcher - INFO - 
Automatic Matches:
2024-12-21 19:58:09,304 - PlexMusicMatcher - INFO - ==================================================
2024-12-21 19:58:09,304 - PlexMusicMatcher - INFO - 
Match 1:
2024-12-21 19:58:09,304 - PlexMusicMatcher - INFO - Plex Artist: 5hags
Spotify Match: 5hags
Confidence: 100.00%
Match Type: exact
Popularity: 4/100
2024-12-21 19:58:09,305 - PlexMusicMatcher - INFO - 
Match 2:
2024-12-21 19:58:09,305 - PlexMusicMatcher - INFO - Plex Artist: 7-Pm
Spotify Match: 7-Pm
Confidence: 100.00%
Match Type: exact
Popularity: 5/100
2024-12-21 19:58:09,305 - PlexMusicMatcher - INFO - 
Match 3:
2024-12-21 19:58:09,305 - PlexMusicMatcher - INFO - Plex Artist: 7XL
Spotify Match: 7XL
Confidence: 100.00%
Match Type: exact
Popularity: 4/100

Alternative matches:
  1. 7XL (Popularity: 0/100)
2024-12-21 19:58:09,306 - PlexMusicMatcher - INFO - 
Match 4:
2024-12-21 19:58:09,306 - PlexMusicMatcher - INFO - Plex Artist: 98.Morelo
Spotify Match: 98.Morelo
Confidence: 100.00%
Match Type: exact
Popularity: 0/100

Alternative matches:
  1. 98.morelo (Popularity: 11/100)
2024-12-21 19:58:09,306 - PlexMusicMatcher - INFO - 
Match 5:
2024-12-21 19:58:09,306 - PlexMusicMatcher - INFO - Plex Artist: Aaron Doh
Spotify Match: Aaron Doh
Confidence: 100.00%
Match Type: exact
Popularity: 17/100
2024-12-21 19:58:09,307 - PlexMusicMatcher - INFO - 
Matches Needing Review:
2024-12-21 19:58:09,307 - PlexMusicMatcher - INFO - ==================================================
2024-12-21 19:58:09,307 - PlexMusicMatcher - INFO - 
Potential Match 1:
2024-12-21 19:58:09,307 - PlexMusicMatcher - INFO - Plex Artist: AmusicalSomebody
Spotify Match: Adam Pascal
Confidence: 59.64%
Match Type: fuzzy
Popularity: 52/100
Genres: broadway, hollywood, show tunes

Alternative matches:
  1. Amick Byram (Popularity: 43/100)
  2. Alice Lee (Popularity: 56/100)
  3. Christy Altomare (Popularity: 55/100)
  4. Anna Lea (Popularity: 62/100)
2024-12-21 19:58:09,308 - PlexMusicMatcher - INFO - 
Potential Match 2:
2024-12-21 19:58:09,308 - PlexMusicMatcher - INFO - Plex Artist: DJ HASAN THE MONEY SCOUT
Spotify Match: DJ Money Fresh
Confidence: 64.63%
Match Type: fuzzy
Popularity: 20/100
Genres: bounce

Alternative matches:
  1. Dj Marc Money (Popularity: 8/100)
  2. DJ C Money (Popularity: 11/100)
  3. DJ Crashout (Popularity: 20/100)
  4. DJ HASAN IRSAN (Popularity: 2/100)
2024-12-21 19:58:09,309 - PlexMusicMatcher - INFO - 
Potential Match 3:
2024-12-21 19:58:09,309 - PlexMusicMatcher - INFO - Plex Artist: Malone Alone
Spotify Match: SUMMER ALONE
Confidence: 78.57%
Match Type: fuzzy
Popularity: 44/100

Alternative matches:
  1. Malone (Popularity: 14/100)
  2. Malone (Popularity: 13/100)
  3. Post Malone (Popularity: 90/100)
  4. alone (Popularity: 44/100)
2024-12-21 19:58:09,309 - PlexMusicMatcher - INFO - 
Potential Match 4:
2024-12-21 19:58:09,309 - PlexMusicMatcher - INFO - Plex Artist: MGXTXM
Spotify Match: MxPx
Confidence: 74.90%
Match Type: fuzzy
Popularity: 49/100
Genres: christian punk, pop punk, punk

Alternative matches:
  1. MXMS (Popularity: 32/100)
  2. MXTZ (Popularity: 50/100)
  3. MXRGX (Popularity: 41/100)
  4. MxMxM (Popularity: 30/100)
2024-12-21 19:58:09,310 - PlexMusicMatcher - INFO - 
Potential Match 5:
2024-12-21 19:58:09,310 - PlexMusicMatcher - INFO - Plex Artist: Nadzieja Nowak
Spotify Match: Nadija Lapina
Confidence: 78.27%
Match Type: fuzzy
Popularity: 41/100

Alternative matches:
  1. Paweł Nowak (Popularity: 31/100)
  2. Aleksy Nowak (Popularity: 50/100)
  3. Antonina Nowacka (Popularity: 22/100)
  4. Nadia Tarnawsky (Popularity: 10/100)
2024-12-21 19:58:09,311 - PlexMusicMatcher - INFO - 
No Matches Found For:
2024-12-21 19:58:09,311 - PlexMusicMatcher - INFO - ==================================================
2024-12-21 19:58:09,311 - PlexMusicMatcher - INFO - 1. 利尔·伊泽
2024-12-21 19:58:09,311 - PlexMusicMatcher - INFO - 
Processing Summary:
2024-12-21 19:58:09,312 - PlexMusicMatcher - INFO - ==================================================
2024-12-21 19:58:09,312 - PlexMusicMatcher - INFO - Total artists processed: 520
2024-12-21 19:58:09,312 - PlexMusicMatcher - INFO - Automatic matches: 513 (98.7%)
2024-12-21 19:58:09,312 - PlexMusicMatcher - INFO - Needs review: 6 (1.2%)
2024-12-21 19:58:09,312 - PlexMusicMatcher - INFO - No matches found: 1 (0.2%)
2024-12-21 19:58:09,313 - PlexMusicMatcher - INFO - 
Found 513 automatic matches.
2024-12-21 19:58:09,313 - PlexMusicMatcher - INFO - Would you like to update these artists in Plex now? (y/n)
2024-12-21 19:58:26,221 - PlexMusicMatcher - INFO - Starting updates for 513 artists
2024-12-21 19:58:26,224 - PlexMusicMatcher - INFO - Processing 5hags
2024-12-21 19:58:26,224 - PlexMusicMatcher - INFO - Updating Plex metadata for 5hags
2024-12-21 19:58:26,225 - PlexMusicMatcher - INFO - Fetching Plex item for rating key: 159367
2024-12-21 19:58:26,231 - PlexMusicMatcher - INFO - Updating metadata for: 5hags
2024-12-21 19:58:26,232 - PlexMusicMatcher - INFO - Attempting to fetch bio for: 5hags
2024-12-21 20:01:04,141 - PlexMusicMatcher - INFO - 
Update process interrupted by user
2024-12-21 20:01:04,146 - PlexMusicMatcher - INFO - 
Would you like to:
2024-12-21 20:01:04,146 - PlexMusicMatcher - INFO - 1. Review potential matches
2024-12-21 20:01:04,146 - PlexMusicMatcher - INFO - 2. Apply updates to Plex
2024-12-21 20:01:04,146 - PlexMusicMatcher - INFO - 3. Save results for later
2024-12-21 20:01:04,147 - PlexMusicMatcher - INFO - 4. Exit
2024-12-21 20:01:05,269 - PlexMusicMatcher - INFO - Exiting...
