2024-12-21 13:41:36,606 - PlexMusicMatcher - INFO - Loading configuration...
2024-12-21 13:41:36,607 - PlexMusicMatcher - INFO - Configuration loaded successfully!
2024-12-21 13:41:36,607 - PlexMusicMatcher - INFO - Initializing Spotify connection...
2024-12-21 13:41:36,607 - PlexMusicMatcher - INFO - Successfully connected to Spotify API
2024-12-21 13:41:36,888 - PlexMusicMatcher - INFO - Initializing Plex connection...
2024-12-21 13:41:36,888 - PlexMusicMatcher - INFO - Connecting to Plex server at http://192.168.86.21:32400/...
2024-12-21 13:41:36,893 - PlexMusicMatcher - INFO - Successfully connected to Plex server: ThomasArchives
2024-12-21 13:41:36,899 - PlexMusicMatcher - INFO - Successfully connected to music library: Music
2024-12-21 13:41:36,899 - PlexMusicMatcher - INFO - Plex Server Version: 1.41.3.9292-bc7397402
2024-12-21 13:41:37,213 - PlexMusicMatcher - INFO - Successfully accessed music library
2024-12-21 13:41:37,214 - PlexMusicMatcher - INFO - Scanning for unmatched artists...
2024-12-21 13:41:37,214 - PlexMusicMatcher - INFO - Scanning for unmatched artists...
2024-12-21 13:41:42,490 - PlexMusicMatcher - INFO - Scanning 4592 total artists...
2024-12-21 13:42:12,697 - PlexMusicMatcher - INFO - 
Found 520 unmatched artists
2024-12-21 13:42:12,713 - PlexMusicMatcher - INFO - Found 520 unmatched artists
2024-12-21 13:42:12,713 - PlexMusicMatcher - INFO - Starting artist matching process...
2024-12-21 13:42:42,919 - PlexMusicMatcher - WARNING - Matching timed out for artist: Alex Lambrino (took 22.3s, threshold: 15s)
2024-12-21 13:42:42,919 - PlexMusicMatcher - INFO - Got result despite timeout for: Alex Lambrino
2024-12-21 13:42:54,376 - PlexMusicMatcher - WARNING - Search attempt 1 failed, retrying in 1.0 seconds...
2024-12-21 13:43:12,924 - PlexMusicMatcher - WARNING - Matching timed out for artist: Ari MT (took 17.0s, threshold: 15s)
2024-12-21 13:43:12,924 - PlexMusicMatcher - INFO - Got result despite timeout for: Ari MT
2024-12-21 13:43:42,984 - PlexMusicMatcher - WARNING - Matching timed out for artist: Bounty Hunter from Outer Space (took 22.5s, threshold: 15s)
2024-12-21 13:43:42,984 - PlexMusicMatcher - INFO - Got result despite timeout for: Bounty Hunter from Outer Space
2024-12-21 13:44:12,970 - PlexMusicMatcher - WARNING - Matching timed out for artist: Cuyama (took 22.1s, threshold: 15s)
2024-12-21 13:44:12,970 - PlexMusicMatcher - INFO - Got result despite timeout for: Cuyama
2024-12-21 13:44:42,909 - PlexMusicMatcher - WARNING - Matching timed out for artist: Digital Moss (took 22.9s, threshold: 15s)
2024-12-21 13:44:42,909 - PlexMusicMatcher - INFO - Got result despite timeout for: Digital Moss
2024-12-21 13:45:12,997 - PlexMusicMatcher - WARNING - Matching timed out for artist: Drum'n KI (took 22.6s, threshold: 15s)
2024-12-21 13:45:12,997 - PlexMusicMatcher - INFO - Got result despite timeout for: Drum'n KI
2024-12-21 13:45:42,943 - PlexMusicMatcher - WARNING - Matching timed out for artist: Forward City (took 21.9s, threshold: 15s)
2024-12-21 13:45:42,943 - PlexMusicMatcher - INFO - Got result despite timeout for: Forward City
2024-12-21 13:46:12,875 - PlexMusicMatcher - WARNING - Matching timed out for artist: Gu is 9 (took 21.6s, threshold: 15s)
2024-12-21 13:46:12,875 - PlexMusicMatcher - INFO - Got result despite timeout for: Gu is 9
2024-12-21 13:46:42,913 - PlexMusicMatcher - WARNING - Matching timed out for artist: im horrible at music lol (took 21.9s, threshold: 15s)
2024-12-21 13:46:42,913 - PlexMusicMatcher - INFO - Got result despite timeout for: im horrible at music lol
2024-12-21 13:47:12,915 - PlexMusicMatcher - WARNING - Matching timed out for artist: Juli Giuliani (took 22.4s, threshold: 15s)
2024-12-21 13:47:12,915 - PlexMusicMatcher - INFO - Got result despite timeout for: Juli Giuliani
2024-12-21 13:47:42,951 - PlexMusicMatcher - WARNING - Matching timed out for artist: L'essay (took 22.2s, threshold: 15s)
2024-12-21 13:47:42,952 - PlexMusicMatcher - INFO - Got result despite timeout for: L'essay
2024-12-21 13:48:12,957 - PlexMusicMatcher - WARNING - Matching timed out for artist: Lucid Monday (took 22.0s, threshold: 15s)
2024-12-21 13:48:12,957 - PlexMusicMatcher - INFO - Got result despite timeout for: Lucid Monday
2024-12-21 13:48:42,932 - PlexMusicMatcher - WARNING - Matching timed out for artist: Mecsa Sosa (took 22.0s, threshold: 15s)
2024-12-21 13:48:42,932 - PlexMusicMatcher - INFO - Got result despite timeout for: Mecsa Sosa
