2024-12-21 15:02:13,586 - PlexMusicMatcher - INFO - Loading configuration...
2024-12-21 15:02:13,586 - PlexMusicMatcher - INFO - Configuration loaded successfully!
2024-12-21 15:02:13,586 - PlexMusicMatcher - INFO - Initializing Spotify connection...
2024-12-21 15:02:13,587 - PlexMusicMatcher - INFO - Successfully connected to Spotify API
2024-12-21 15:02:13,875 - PlexMusicMatcher - INFO - Initializing Plex connection...
2024-12-21 15:02:13,875 - PlexMusicMatcher - INFO - Connecting to Plex server at http://192.168.86.21:32400/...
2024-12-21 15:02:13,880 - PlexMusicMatcher - INFO - Successfully connected to Plex server: ThomasArchives
2024-12-21 15:02:13,884 - PlexMusicMatcher - INFO - Successfully connected to music library: Music
2024-12-21 15:02:13,885 - PlexMusicMatcher - INFO - Plex Server Version: 1.41.3.9292-bc7397402
2024-12-21 15:02:13,923 - PlexMusicMatcher - INFO - Successfully accessed music library
2024-12-21 15:02:13,924 - PlexMusicMatcher - INFO - Scanning for unmatched artists...
2024-12-21 15:02:13,924 - PlexMusicMatcher - INFO - Scanning for unmatched artists...
2024-12-21 15:02:18,619 - PlexMusicMatcher - INFO - Scanning 4592 total artists...
2024-12-21 15:02:46,059 - PlexMusicMatcher - INFO - 
Found 520 unmatched artists
2024-12-21 15:02:46,073 - PlexMusicMatcher - INFO - Found 520 unmatched artists
2024-12-21 15:02:46,073 - PlexMusicMatcher - INFO - Starting artist matching process...
2024-12-21 15:03:16,287 - PlexMusicMatcher - WARNING - Matching timed out for artist: Alex Lambrino (took 22.3s, threshold: 15s)
2024-12-21 15:03:16,287 - PlexMusicMatcher - INFO - Got result despite timeout for: Alex Lambrino
2024-12-21 15:03:46,254 - PlexMusicMatcher - WARNING - Matching timed out for artist: Arup Das (took 22.4s, threshold: 15s)
2024-12-21 15:03:46,254 - PlexMusicMatcher - INFO - Got result despite timeout for: Arup Das
2024-12-21 15:04:16,274 - PlexMusicMatcher - WARNING - Matching timed out for artist: Brray, Anuel AA, Chencho Corleone, JHAYCO, Ryan Castro (took 22.6s, threshold: 15s)
2024-12-21 15:04:16,275 - PlexMusicMatcher - INFO - Got result despite timeout for: Brray, Anuel AA, Chencho Corleone, JHAYCO, Ryan Castro
2024-12-21 15:04:46,305 - PlexMusicMatcher - WARNING - Matching timed out for artist: Cyn Tremeau (took 21.6s, threshold: 15s)
2024-12-21 15:04:46,306 - PlexMusicMatcher - INFO - Got result despite timeout for: Cyn Tremeau
2024-12-21 15:05:16,260 - PlexMusicMatcher - WARNING - Matching timed out for artist: Dillon Francis & TV Noise (took 22.8s, threshold: 15s)
2024-12-21 15:05:16,261 - PlexMusicMatcher - INFO - Got result despite timeout for: Dillon Francis & TV Noise
2024-12-21 15:05:46,310 - PlexMusicMatcher - WARNING - Matching timed out for artist: Dub Phizix, Skittles (took 22.4s, threshold: 15s)
2024-12-21 15:05:46,310 - PlexMusicMatcher - INFO - Got result despite timeout for: Dub Phizix, Skittles
2024-12-21 15:06:16,299 - PlexMusicMatcher - WARNING - Matching timed out for artist: Fractal Designs (took 22.0s, threshold: 15s)
2024-12-21 15:06:16,300 - PlexMusicMatcher - INFO - Got result despite timeout for: Fractal Designs
2024-12-21 15:06:46,315 - PlexMusicMatcher - WARNING - Matching timed out for artist: Guillaume Defradat (took 22.3s, threshold: 15s)
2024-12-21 15:06:46,315 - PlexMusicMatcher - INFO - Got result despite timeout for: Guillaume Defradat
2024-12-21 15:07:16,337 - PlexMusicMatcher - WARNING - Matching timed out for artist: Indeb (took 21.9s, threshold: 15s)
2024-12-21 15:07:16,338 - PlexMusicMatcher - INFO - Got result despite timeout for: Indeb
2024-12-21 15:07:46,262 - PlexMusicMatcher - WARNING - Matching timed out for artist: JuliáN ÁVila (took 22.1s, threshold: 15s)
2024-12-21 15:07:46,262 - PlexMusicMatcher - INFO - Got result despite timeout for: JuliáN ÁVila
2024-12-21 15:08:16,486 - PlexMusicMatcher - WARNING - Matching timed out for artist: L*o*J (took 22.5s, threshold: 15s)
2024-12-21 15:08:16,487 - PlexMusicMatcher - INFO - Got result despite timeout for: L*o*J
2024-12-21 15:08:46,272 - PlexMusicMatcher - WARNING - Matching timed out for artist: LudjixBoyz (took 21.8s, threshold: 15s)
2024-12-21 15:08:46,272 - PlexMusicMatcher - INFO - Got result despite timeout for: LudjixBoyz
2024-12-21 15:09:16,333 - PlexMusicMatcher - WARNING - Matching timed out for artist: Meditation Loopable Sounds (took 22.5s, threshold: 15s)
2024-12-21 15:09:16,333 - PlexMusicMatcher - INFO - Got result despite timeout for: Meditation Loopable Sounds
2024-12-21 15:09:46,306 - PlexMusicMatcher - WARNING - Matching timed out for artist: Mxverick (took 22.5s, threshold: 15s)
2024-12-21 15:09:46,306 - PlexMusicMatcher - INFO - Got result despite timeout for: Mxverick
2024-12-21 15:10:16,328 - PlexMusicMatcher - WARNING - Matching timed out for artist: Odecityfire (took 22.6s, threshold: 15s)
2024-12-21 15:10:16,328 - PlexMusicMatcher - INFO - Got result despite timeout for: Odecityfire
2024-12-21 15:10:46,338 - PlexMusicMatcher - WARNING - Matching timed out for artist: Pr!ce (took 22.3s, threshold: 15s)
2024-12-21 15:10:46,339 - PlexMusicMatcher - INFO - Got result despite timeout for: Pr!ce
2024-12-21 15:11:16,416 - PlexMusicMatcher - WARNING - Matching timed out for artist: She Has A Cold Cold Heart (took 22.6s, threshold: 15s)
2024-12-21 15:11:16,417 - PlexMusicMatcher - INFO - Got result despite timeout for: She Has A Cold Cold Heart
2024-12-21 15:11:22,698 - PlexMusicMatcher - WARNING - Search attempt 1 failed, retrying in 1.0 seconds...
2024-12-21 15:11:46,481 - PlexMusicMatcher - WARNING - Matching timed out for artist: The State of Mudita (took 16.3s, threshold: 15s)
2024-12-21 15:11:46,481 - PlexMusicMatcher - INFO - Got result despite timeout for: The State of Mudita
2024-12-21 15:12:16,308 - PlexMusicMatcher - WARNING - Matching timed out for artist: Threedust (took 22.0s, threshold: 15s)
2024-12-21 15:12:16,309 - PlexMusicMatcher - INFO - Got result despite timeout for: Threedust
2024-12-21 15:12:46,374 - PlexMusicMatcher - WARNING - Matching timed out for artist: WhyBaby? (took 21.8s, threshold: 15s)
2024-12-21 15:12:46,374 - PlexMusicMatcher - INFO - Got result despite timeout for: WhyBaby?
2024-12-21 15:13:16,420 - PlexMusicMatcher - WARNING - Matching timed out for artist: ХЛЕБ (took 22.9s, threshold: 15s)
2024-12-21 15:13:16,421 - PlexMusicMatcher - INFO - Got result despite timeout for: ХЛЕБ
2024-12-21 15:13:18,204 - PlexMusicMatcher - INFO - ==================================================
2024-12-21 15:13:18,204 - PlexMusicMatcher - INFO - Total artists processed: 520
2024-12-21 15:13:18,204 - PlexMusicMatcher - INFO - Automatic matches: 512 (98.5%)
2024-12-21 15:13:18,204 - PlexMusicMatcher - INFO - Needs review: 7 (1.3%)
2024-12-21 15:13:18,204 - PlexMusicMatcher - INFO - No matches found: 1 (0.2%)
2024-12-21 15:13:18,205 - PlexMusicMatcher - INFO - 
Automatic Matches:
2024-12-21 15:13:18,205 - PlexMusicMatcher - INFO - ==================================================
2024-12-21 15:13:18,205 - PlexMusicMatcher - INFO - 
Match 1:
2024-12-21 15:13:18,205 - PlexMusicMatcher - INFO - Plex Artist: 5hags
Spotify Match: 5hags
Confidence: 100.00%
Match Type: exact
Popularity: 4/100
2024-12-21 15:13:18,205 - PlexMusicMatcher - INFO - 
Match 2:
2024-12-21 15:13:18,205 - PlexMusicMatcher - INFO - Plex Artist: 7-Pm
Spotify Match: 7-Pm
Confidence: 100.00%
Match Type: exact
Popularity: 5/100
2024-12-21 15:13:18,206 - PlexMusicMatcher - INFO - 
Match 3:
2024-12-21 15:13:18,206 - PlexMusicMatcher - INFO - Plex Artist: 7XL
Spotify Match: 7XL
Confidence: 100.00%
Match Type: exact
Popularity: 4/100

Alternative matches:
  1. 7XL (Popularity: 0/100)
2024-12-21 15:13:18,206 - PlexMusicMatcher - INFO - 
Match 4:
2024-12-21 15:13:18,207 - PlexMusicMatcher - INFO - Plex Artist: 98.Morelo
Spotify Match: 98.Morelo
Confidence: 100.00%
Match Type: exact
Popularity: 0/100

Alternative matches:
  1. 98.morelo (Popularity: 11/100)
2024-12-21 15:13:18,207 - PlexMusicMatcher - INFO - 
Match 5:
2024-12-21 15:13:18,207 - PlexMusicMatcher - INFO - Plex Artist: Aaron Doh
Spotify Match: Aaron Doh
Confidence: 100.00%
Match Type: exact
Popularity: 17/100
2024-12-21 15:13:18,207 - PlexMusicMatcher - INFO - 
Matches Needing Review:
2024-12-21 15:13:18,208 - PlexMusicMatcher - INFO - ==================================================
2024-12-21 15:13:18,208 - PlexMusicMatcher - INFO - 
Potential Match 1:
2024-12-21 15:13:18,208 - PlexMusicMatcher - INFO - Plex Artist: AmusicalSomebody
Spotify Match: Adam Pascal
Confidence: 59.64%
Match Type: fuzzy
Popularity: 52/100
Genres: broadway, hollywood, show tunes

Alternative matches:
  1. Amick Byram (Popularity: 43/100)
  2. Alice Lee (Popularity: 56/100)
  3. Christy Altomare (Popularity: 55/100)
  4. Anna Lea (Popularity: 62/100)
2024-12-21 15:13:18,209 - PlexMusicMatcher - INFO - 
Potential Match 2:
2024-12-21 15:13:18,209 - PlexMusicMatcher - INFO - Plex Artist: DJ HASAN THE MONEY SCOUT
Spotify Match: DJ C Money
Confidence: 61.54%
Match Type: fuzzy
Popularity: 11/100

Alternative matches:
  1. DJ Crashout (Popularity: 20/100)
  2. DJ HASAN IRSAN (Popularity: 2/100)
  3. DJ Hassan Original (Popularity: 3/100)
  4. Dj Money (Popularity: 23/100)
2024-12-21 15:13:18,210 - PlexMusicMatcher - INFO - 
Potential Match 3:
2024-12-21 15:13:18,210 - PlexMusicMatcher - INFO - Plex Artist: Malone Alone
Spotify Match: SUMMER ALONE
Confidence: 78.57%
Match Type: fuzzy
Popularity: 44/100

Alternative matches:
  1. Malone (Popularity: 14/100)
  2. Malone (Popularity: 13/100)
  3. Post Malone (Popularity: 90/100)
  4. alone (Popularity: 44/100)
2024-12-21 15:13:18,210 - PlexMusicMatcher - INFO - 
Potential Match 4:
2024-12-21 15:13:18,211 - PlexMusicMatcher - INFO - Plex Artist: MGXTXM
Spotify Match: MXMS
Confidence: 73.20%
Match Type: fuzzy
Popularity: 32/100
Genres: dark pop, la pop

Alternative matches:
  1. MXTZ (Popularity: 50/100)
  2. MXRGX (Popularity: 41/100)
  3. MxMxM (Popularity: 30/100)
  4. MXPEX (Popularity: 42/100)
2024-12-21 15:13:18,211 - PlexMusicMatcher - INFO - 
Potential Match 5:
2024-12-21 15:13:18,212 - PlexMusicMatcher - INFO - Plex Artist: Music Army VN
Spotify Match: The U.S. Army Airborne
Confidence: 67.35%
Match Type: fuzzy
Popularity: 28/100
Genres: military band, military cadence

Alternative matches:
  1. One Music (Popularity: 40/100)
  2. MIN (Popularity: 58/100)
  3. Vprod Music (Popularity: 31/100)
  4. Quốc Thiên (Popularity: 51/100)
2024-12-21 15:13:18,212 - PlexMusicMatcher - INFO - 
No Matches Found For:
2024-12-21 15:13:18,212 - PlexMusicMatcher - INFO - ==================================================
2024-12-21 15:13:18,212 - PlexMusicMatcher - INFO - 1. 利尔·伊泽
2024-12-21 15:13:18,213 - PlexMusicMatcher - INFO - 
Processing Summary:
2024-12-21 15:13:18,213 - PlexMusicMatcher - INFO - ==================================================
2024-12-21 15:13:18,213 - PlexMusicMatcher - INFO - Total artists processed: 520
2024-12-21 15:13:18,213 - PlexMusicMatcher - INFO - Automatic matches: 512 (98.5%)
2024-12-21 15:13:18,213 - PlexMusicMatcher - INFO - Needs review: 7 (1.3%)
2024-12-21 15:13:18,213 - PlexMusicMatcher - INFO - No matches found: 1 (0.2%)
2024-12-21 15:13:18,213 - PlexMusicMatcher - INFO - 
Found 512 automatic matches.
2024-12-21 15:13:18,214 - PlexMusicMatcher - INFO - Would you like to update these artists in Plex now? (y/n)
2024-12-21 15:13:27,563 - PlexMusicMatcher - CRITICAL - An unexpected error occurred: 'MatchResult' object has no attribute 'rating_key'
Traceback (most recent call last):
  File "E:\Broque Projects\Spotify\Plex-Unmatched-Metadata-Sync\run.py", line 120, in main
    match.rating_key: {
    ^^^^^^^^^^^^^^^^
AttributeError: 'MatchResult' object has no attribute 'rating_key'
