2024-12-21 12:58:10,544 - PlexMusicMatcher - INFO - Loading configuration...
2024-12-21 12:58:10,545 - PlexMusicMatcher - INFO - Configuration loaded successfully!
2024-12-21 12:58:10,545 - PlexMusicMatcher - INFO - Initializing Spotify connection...
2024-12-21 12:58:10,545 - PlexMusicMatcher - INFO - Successfully connected to Spotify API
2024-12-21 12:58:10,868 - PlexMusicMatcher - INFO - Initializing Plex connection...
2024-12-21 12:58:10,869 - PlexMusicMatcher - INFO - Connecting to Plex server at http://192.168.86.21:32400/...
2024-12-21 12:58:10,874 - PlexMusicMatcher - INFO - Successfully connected to Plex server: ThomasArchives
2024-12-21 12:58:10,878 - PlexMusicMatcher - INFO - Successfully connected to music library: Music
2024-12-21 12:58:10,878 - PlexMusicMatcher - INFO - Plex Server Version: 1.41.3.9292-bc7397402
2024-12-21 12:58:10,912 - PlexMusicMatcher - INFO - Successfully accessed music library
2024-12-21 12:58:10,913 - PlexMusicMatcher - INFO - Scanning for unmatched artists...
2024-12-21 12:58:10,913 - PlexMusicMatcher - INFO - Scanning for unmatched artists...
2024-12-21 12:58:15,449 - PlexMusicMatcher - INFO - Scanning 4592 total artists...
2024-12-21 12:58:40,461 - PlexMusicMatcher - INFO - 
Found 520 unmatched artists
2024-12-21 12:58:40,474 - PlexMusicMatcher - INFO - Found 520 unmatched artists
2024-12-21 12:58:40,475 - PlexMusicMatcher - INFO - Starting artist matching process...
2024-12-21 12:59:11,032 - PlexMusicMatcher - WARNING - Matching timed out for artist: Alex Math (took 22.6s, threshold: 15s)
2024-12-21 12:59:11,032 - PlexMusicMatcher - INFO - Got result despite timeout for: Alex Math
2024-12-21 12:59:40,906 - PlexMusicMatcher - WARNING - Matching timed out for artist: Arup Das (took 22.9s, threshold: 15s)
2024-12-21 12:59:40,906 - PlexMusicMatcher - INFO - Got result despite timeout for: Arup Das
2024-12-21 13:00:11,030 - PlexMusicMatcher - WARNING - Matching timed out for artist: Bounty Hunter from Outer Space (took 22.9s, threshold: 15s)
2024-12-21 13:00:11,031 - PlexMusicMatcher - INFO - Got result despite timeout for: Bounty Hunter from Outer Space
2024-12-21 13:00:40,892 - PlexMusicMatcher - WARNING - Matching timed out for artist: Curci and Mick Jenkins (took 22.3s, threshold: 15s)
2024-12-21 13:00:40,893 - PlexMusicMatcher - INFO - Got result despite timeout for: Curci and Mick Jenkins
2024-12-21 13:01:11,113 - PlexMusicMatcher - WARNING - Matching timed out for artist: Dillon Francis & TV Noise (took 23.5s, threshold: 15s)
2024-12-21 13:01:11,113 - PlexMusicMatcher - INFO - Got result despite timeout for: Dillon Francis & TV Noise
2024-12-21 13:01:41,274 - PlexMusicMatcher - WARNING - Matching timed out for artist: Dr. Fresch & BIJOU (took 23.4s, threshold: 15s)
2024-12-21 13:01:41,275 - PlexMusicMatcher - INFO - Got result despite timeout for: Dr. Fresch & BIJOU
2024-12-21 13:02:10,909 - PlexMusicMatcher - WARNING - Matching timed out for artist: Essa Gante (took 22.3s, threshold: 15s)
2024-12-21 13:02:10,909 - PlexMusicMatcher - INFO - Got result despite timeout for: Essa Gante
