2024-12-21 00:33:38,046 - PlexMusicMatcher - INFO - Loading configuration...
2024-12-21 00:33:38,046 - PlexMusicMatcher - INFO - Configuration loaded successfully!
2024-12-21 00:33:38,046 - PlexMusicMatcher - INFO - Connecting to Plex server at http://192.168.86.21:32400/...
2024-12-21 00:33:38,053 - PlexMusicMatcher - INFO - Successfully connected to Plex server: ThomasArchives
2024-12-21 00:33:38,058 - PlexMusicMatcher - INFO - Successfully connected to music library: Music
2024-12-21 00:33:38,058 - PlexMusicMatcher - INFO - Plex Server Version: 1.41.3.9292-bc7397402
2024-12-21 00:33:38,095 - PlexMusicMatcher - INFO - Successfully accessed music library
2024-12-21 00:33:38,096 - PlexMusicMatcher - INFO - Scanning for unmatched artists...
2024-12-21 00:36:39,333 - PlexMusicMatcher - INFO - Found 520 unmatched artists
2024-12-21 00:36:39,347 - PlexMusicMatcher - INFO - Found 520 unmatched artists:
2024-12-21 00:36:39,347 - PlexMusicMatcher - INFO -   1. 5hags
2024-12-21 00:36:39,347 - PlexMusicMatcher - INFO -   2. 7-Pm
2024-12-21 00:36:39,347 - PlexMusicMatcher - INFO -   3. 7XL
2024-12-21 00:36:39,347 - PlexMusicMatcher - INFO -   4. 98.Morelo
2024-12-21 00:36:39,347 - PlexMusicMatcher - INFO -   5. Aaron Doh
2024-12-21 00:36:39,348 - PlexMusicMatcher - INFO -   6. Aballoon
2024-12-21 00:36:39,348 - PlexMusicMatcher - INFO -   7. Acedox
2024-12-21 00:36:39,348 - PlexMusicMatcher - INFO -   8. Adam Counts
2024-12-21 00:36:39,348 - PlexMusicMatcher - INFO -   9. Adam Don't Die
2024-12-21 00:36:39,348 - PlexMusicMatcher - INFO -   10. Addison Tripp
2024-12-21 00:36:39,348 - PlexMusicMatcher - INFO -   11. Adeki
2024-12-21 00:36:39,348 - PlexMusicMatcher - INFO -   12. Adéla Zouharová
2024-12-21 00:36:39,348 - PlexMusicMatcher - INFO -   13. Adrian Rooz
2024-12-21 00:36:39,349 - PlexMusicMatcher - INFO -   14. Adrien M
2024-12-21 00:36:39,349 - PlexMusicMatcher - INFO -   15. Aeora
2024-12-21 00:36:39,349 - PlexMusicMatcher - INFO -   16. after two am
2024-12-21 00:36:39,349 - PlexMusicMatcher - INFO -   17. Agent 9ine
2024-12-21 00:36:39,349 - PlexMusicMatcher - INFO -   18. Aging Aeroplanes
2024-12-21 00:36:39,349 - PlexMusicMatcher - INFO -   19. AIMMIA
2024-12-21 00:36:39,349 - PlexMusicMatcher - INFO -   20. AKA (AUS)
2024-12-21 00:36:39,349 - PlexMusicMatcher - INFO -   21. Akhmedov
2024-12-21 00:36:39,349 - PlexMusicMatcher - INFO -   22. AkkiraVH
2024-12-21 00:36:39,351 - PlexMusicMatcher - INFO -   23. Alain Richaud
2024-12-21 00:36:39,351 - PlexMusicMatcher - INFO -   24. Alemu
2024-12-21 00:36:39,351 - PlexMusicMatcher - INFO -   25. Alex Lambrino
2024-12-21 00:36:39,351 - PlexMusicMatcher - INFO -   26. Alex Math
2024-12-21 00:36:39,351 - PlexMusicMatcher - INFO -   27. Alfa-X
2024-12-21 00:36:39,351 - PlexMusicMatcher - INFO -   28. Alkmeister
2024-12-21 00:36:39,351 - PlexMusicMatcher - INFO -   29. All Oc's
2024-12-21 00:36:39,351 - PlexMusicMatcher - INFO -   30. Alle Groepen
2024-12-21 00:36:39,352 - PlexMusicMatcher - INFO -   31. Alligatorz
2024-12-21 00:36:39,352 - PlexMusicMatcher - INFO -   32. Ally Barron
2024-12-21 00:36:39,352 - PlexMusicMatcher - INFO -   33. Alphabet Kids
2024-12-21 00:36:39,352 - PlexMusicMatcher - INFO -   34. ALSO ASTIR
2024-12-21 00:36:39,352 - PlexMusicMatcher - INFO -   35. Álvaro Iglesias
2024-12-21 00:36:39,352 - PlexMusicMatcher - INFO -   36. Amber Spill
2024-12-21 00:36:39,352 - PlexMusicMatcher - INFO -   37. Amir Mardassi
2024-12-21 00:36:39,352 - PlexMusicMatcher - INFO -   38. AmusicalSomebody
2024-12-21 00:36:39,353 - PlexMusicMatcher - INFO -   39. Annëto
2024-12-21 00:36:39,353 - PlexMusicMatcher - INFO -   40. Antoine Pepe
2024-12-21 00:36:39,353 - PlexMusicMatcher - INFO -   41. Anuj Rastogi
2024-12-21 00:36:39,353 - PlexMusicMatcher - INFO -   42. Apashe, CloZee
2024-12-21 00:36:39,354 - PlexMusicMatcher - INFO -   43. Aquarium Haze
2024-12-21 00:36:39,354 - PlexMusicMatcher - INFO -   44. AR Jiggy
2024-12-21 00:36:39,354 - PlexMusicMatcher - INFO -   45. Ardigo Menes
2024-12-21 00:36:39,354 - PlexMusicMatcher - INFO -   46. Arfy Wild
2024-12-21 00:36:39,354 - PlexMusicMatcher - INFO -   47. Ari MT
2024-12-21 00:36:39,354 - PlexMusicMatcher - INFO -   48. Arup Das
2024-12-21 00:36:39,355 - PlexMusicMatcher - INFO -   49. Aryll Fae
2024-12-21 00:36:39,355 - PlexMusicMatcher - INFO -   50. Ashadá
2024-12-21 00:36:39,355 - PlexMusicMatcher - INFO -   51. Asierhans
2024-12-21 00:36:39,355 - PlexMusicMatcher - INFO -   52. Atrym
2024-12-21 00:36:39,355 - PlexMusicMatcher - INFO -   53. Augan
2024-12-21 00:36:39,355 - PlexMusicMatcher - INFO -   54. Baclash
2024-12-21 00:36:39,355 - PlexMusicMatcher - INFO -   55. Bari Bux
2024-12-21 00:36:39,356 - PlexMusicMatcher - INFO -   56. Bass Smugglers
2024-12-21 00:36:39,356 - PlexMusicMatcher - INFO -   57. Batıl İtikat
2024-12-21 00:36:39,356 - PlexMusicMatcher - INFO -   58. Bedtimes
2024-12-21 00:36:39,356 - PlexMusicMatcher - INFO -   59. Bellwoods (feat. Odessa)
2024-12-21 00:36:39,356 - PlexMusicMatcher - INFO -   60. Ben Goudie-Park
2024-12-21 00:36:39,356 - PlexMusicMatcher - INFO -   61. Big Shot Mc
2024-12-21 00:36:39,357 - PlexMusicMatcher - INFO -   62. BIGVIZA
2024-12-21 00:36:39,357 - PlexMusicMatcher - INFO -   63. BIJOU, Dr. Fresch, Willy Northpole
2024-12-21 00:36:39,357 - PlexMusicMatcher - INFO -   64. Blackmahal
2024-12-21 00:36:39,357 - PlexMusicMatcher - INFO -   65. Blakkamoore
2024-12-21 00:36:39,357 - PlexMusicMatcher - INFO -   66. BLAOW!
2024-12-21 00:36:39,357 - PlexMusicMatcher - INFO -   67. Bliss Station
2024-12-21 00:36:39,358 - PlexMusicMatcher - INFO -   68. Blue Lime
2024-12-21 00:36:39,358 - PlexMusicMatcher - INFO -   69. Bluma Petersen
2024-12-21 00:36:39,358 - PlexMusicMatcher - INFO -   70. Bobby Kid
2024-12-21 00:36:39,358 - PlexMusicMatcher - INFO -   71. Bollenti Spiriti
2024-12-21 00:36:39,358 - PlexMusicMatcher - INFO -   72. Bounty Hunter from Outer Space
2024-12-21 00:36:39,358 - PlexMusicMatcher - INFO -   73. Brray, Anuel AA, Chencho Corleone, JHAYCO, Ryan Castro
2024-12-21 00:36:39,358 - PlexMusicMatcher - INFO -   74. C-Trip
2024-12-21 00:36:39,359 - PlexMusicMatcher - INFO -   75. Calm Soundscapes
2024-12-21 00:36:39,359 - PlexMusicMatcher - INFO -   76. Calvin King
2024-12-21 00:36:39,359 - PlexMusicMatcher - INFO -   77. Cam Steen
2024-12-21 00:36:39,359 - PlexMusicMatcher - INFO -   78. Camila Orantes
2024-12-21 00:36:39,359 - PlexMusicMatcher - INFO -   79. Carla Mauri
2024-12-21 00:36:39,359 - PlexMusicMatcher - INFO -   80. The Cast of Mary Poppins
2024-12-21 00:36:39,359 - PlexMusicMatcher - INFO -   81. Cecile seraud
2024-12-21 00:36:39,360 - PlexMusicMatcher - INFO -   82. Cecy Leos
2024-12-21 00:36:39,360 - PlexMusicMatcher - INFO -   83. Cellz
2024-12-21 00:36:39,360 - PlexMusicMatcher - INFO -   84. Charlie Sweet
2024-12-21 00:36:39,360 - PlexMusicMatcher - INFO -   85. Chromonicci
2024-12-21 00:36:39,360 - PlexMusicMatcher - INFO -   86. Chucky Treez
2024-12-21 00:36:39,360 - PlexMusicMatcher - INFO -   87. Chullo
2024-12-21 00:36:39,361 - PlexMusicMatcher - INFO -   88. citrulinq
2024-12-21 00:36:39,361 - PlexMusicMatcher - INFO -   89. Classical Music: 50 of the Best
2024-12-21 00:36:39,361 - PlexMusicMatcher - INFO -   90. Click Refresh
2024-12-21 00:36:39,361 - PlexMusicMatcher - INFO -   91. CLO.FM
2024-12-21 00:36:39,361 - PlexMusicMatcher - INFO -   92. CobraK
2024-12-21 00:36:39,361 - PlexMusicMatcher - INFO -   93. Compass: Mexican Institute Of Sound + Toy Selectah
2024-12-21 00:36:39,362 - PlexMusicMatcher - INFO -   94. Curci and Mick Jenkins
2024-12-21 00:36:39,362 - PlexMusicMatcher - INFO -   95. Cuyama
2024-12-21 00:36:39,362 - PlexMusicMatcher - INFO -   96. Cyn Tremeau
2024-12-21 00:36:39,362 - PlexMusicMatcher - INFO -   97. Czeluść (Jutrø & Kosa)
2024-12-21 00:36:39,362 - PlexMusicMatcher - INFO -   98. D.A
2024-12-21 00:36:39,362 - PlexMusicMatcher - INFO -   99. Da.oW
2024-12-21 00:36:39,362 - PlexMusicMatcher - INFO -   100. Dan Maus
2024-12-21 00:36:39,363 - PlexMusicMatcher - INFO -   101. Dara Smith-MacDonald
2024-12-21 00:36:39,363 - PlexMusicMatcher - INFO -   102. The Darol Anger / Mike Marshall Band
2024-12-21 00:36:39,363 - PlexMusicMatcher - INFO -   103. David Krutten
2024-12-21 00:36:39,363 - PlexMusicMatcher - INFO -   104. David Starfire, Arula
2024-12-21 00:36:39,363 - PlexMusicMatcher - INFO -   105. David Yandrin
2024-12-21 00:36:39,363 - PlexMusicMatcher - INFO -   106. Davuiside
2024-12-21 00:36:39,363 - PlexMusicMatcher - INFO -   107. DE'WAYNE
2024-12-21 00:36:39,364 - PlexMusicMatcher - INFO -   108. Dea Magna
2024-12-21 00:36:39,364 - PlexMusicMatcher - INFO -   109. DECK E
2024-12-21 00:36:39,364 - PlexMusicMatcher - INFO -   110. Deka Sul
2024-12-21 00:36:39,364 - PlexMusicMatcher - INFO -   111. Denton Thrift
2024-12-21 00:36:39,364 - PlexMusicMatcher - INFO -   112. Desiree Mishoe
2024-12-21 00:36:39,364 - PlexMusicMatcher - INFO -   113. Diastrata
2024-12-21 00:36:39,364 - PlexMusicMatcher - INFO -   114. Digital Moss
2024-12-21 00:36:39,364 - PlexMusicMatcher - INFO -   115. Dillon Francis & TV Noise
2024-12-21 00:36:39,364 - PlexMusicMatcher - INFO -   116. Dimitri Vegas & Like Mike & Diplo
2024-12-21 00:36:39,364 - PlexMusicMatcher - INFO -   117. Dinie
2024-12-21 00:36:39,364 - PlexMusicMatcher - INFO -   118. Diplo & Autoerotique
2024-12-21 00:36:39,365 - PlexMusicMatcher - INFO -   119. Dirty Nick
2024-12-21 00:36:39,365 - PlexMusicMatcher - INFO -   120. Dispak
2024-12-21 00:36:39,365 - PlexMusicMatcher - INFO -   121. Dizaro
2024-12-21 00:36:39,365 - PlexMusicMatcher - INFO -   122. DJ Caldas
2024-12-21 00:36:39,365 - PlexMusicMatcher - INFO -   123. DJ Glitter
2024-12-21 00:36:39,365 - PlexMusicMatcher - INFO -   124. DJ HASAN THE MONEY SCOUT
2024-12-21 00:36:39,365 - PlexMusicMatcher - INFO -   125. DJ Rush & The Southern
2024-12-21 00:36:39,365 - PlexMusicMatcher - INFO -   126. DJ Rush, Lester Fitzpatrick
2024-12-21 00:36:39,365 - PlexMusicMatcher - INFO -   127. Dj Sorce
2024-12-21 00:36:39,366 - PlexMusicMatcher - INFO -   128. DJ ZeeZee
2024-12-21 00:36:39,366 - PlexMusicMatcher - INFO -   129. DjDarkShadow
2024-12-21 00:36:39,366 - PlexMusicMatcher - INFO -   130. DOLINOV
2024-12-21 00:36:39,366 - PlexMusicMatcher - INFO -   131. Don KrookShank
2024-12-21 00:36:39,366 - PlexMusicMatcher - INFO -   132. Dope By Association
2024-12-21 00:36:39,366 - PlexMusicMatcher - INFO -   133. Dotan Negrin + Prismatic Mantis
2024-12-21 00:36:39,366 - PlexMusicMatcher - INFO -   134. Dr. Fresch & BIJOU
2024-12-21 00:36:39,366 - PlexMusicMatcher - INFO -   135. dreambody
2024-12-21 00:36:39,366 - PlexMusicMatcher - INFO -   136. Dreamy Thoughts
2024-12-21 00:36:39,367 - PlexMusicMatcher - INFO -   137. Drics
2024-12-21 00:36:39,367 - PlexMusicMatcher - INFO -   138. Drifting Phonetics
2024-12-21 00:36:39,367 - PlexMusicMatcher - INFO -   139. Drum'n KI
2024-12-21 00:36:39,367 - PlexMusicMatcher - INFO -   140. Dub Phizix, Skittles
2024-12-21 00:36:39,367 - PlexMusicMatcher - INFO -   141. Duy Ngoc
2024-12-21 00:36:39,367 - PlexMusicMatcher - INFO -   142. Dynamic De Mel
2024-12-21 00:36:39,367 - PlexMusicMatcher - INFO -   143. earthtown
2024-12-21 00:36:39,367 - PlexMusicMatcher - INFO -   144. Electronic Gems
2024-12-21 00:36:39,368 - PlexMusicMatcher - INFO -   145. Elephant Pillowed
2024-12-21 00:36:39,368 - PlexMusicMatcher - INFO -   146. Eli Dylan
2024-12-21 00:36:39,368 - PlexMusicMatcher - INFO -   147. Eliija
2024-12-21 00:36:39,368 - PlexMusicMatcher - INFO -   148. Emerald Lake, Silent Child
2024-12-21 00:36:39,368 - PlexMusicMatcher - INFO -   149. Enigmanic
2024-12-21 00:36:39,368 - PlexMusicMatcher - INFO -   150. ENMOCEAN
2024-12-21 00:36:39,369 - PlexMusicMatcher - INFO -   151. Eric Sharp & Tenova
2024-12-21 00:36:39,369 - PlexMusicMatcher - INFO -   152. Eric Sharp, Sir DSS
2024-12-21 00:36:39,369 - PlexMusicMatcher - INFO -   153. Erika Ascenzo
2024-12-21 00:36:39,369 - PlexMusicMatcher - INFO -   154. Es-k
2024-12-21 00:36:39,369 - PlexMusicMatcher - INFO -   155. Essa Gante
2024-12-21 00:36:39,369 - PlexMusicMatcher - INFO -   156. Eu sou o Pi
2024-12-21 00:36:39,369 - PlexMusicMatcher - INFO -   157. Extended Pianos
2024-12-21 00:36:39,370 - PlexMusicMatcher - INFO -   158. F3RY
2024-12-21 00:36:39,370 - PlexMusicMatcher - INFO -   159. FanEOne
2024-12-21 00:36:39,370 - PlexMusicMatcher - INFO -   160. FarLight
2024-12-21 00:36:39,370 - PlexMusicMatcher - INFO -   161. Felix Keser
2024-12-21 00:36:39,370 - PlexMusicMatcher - INFO -   162. Flor Torres
2024-12-21 00:36:39,370 - PlexMusicMatcher - INFO -   163. Foreign Beggars, Alix Perez, Eprom
2024-12-21 00:36:39,370 - PlexMusicMatcher - INFO -   164. Forward City
2024-12-21 00:36:39,370 - PlexMusicMatcher - INFO -   165. Fractal Designs
2024-12-21 00:36:39,371 - PlexMusicMatcher - INFO -   166. Frame (KR)
2024-12-21 00:36:39,371 - PlexMusicMatcher - INFO -   167. Francis Taylor
2024-12-21 00:36:39,371 - PlexMusicMatcher - INFO -   168. Franssen
2024-12-21 00:36:39,371 - PlexMusicMatcher - INFO -   169. Freedom Sharma
2024-12-21 00:36:39,371 - PlexMusicMatcher - INFO -   170. Freya Dahl
2024-12-21 00:36:39,371 - PlexMusicMatcher - INFO -   171. Friends With Animals
2024-12-21 00:36:39,372 - PlexMusicMatcher - INFO -   172. Full Presence
2024-12-21 00:36:39,372 - PlexMusicMatcher - INFO -   173. Future Bubblers
2024-12-21 00:36:39,372 - PlexMusicMatcher - INFO -   174. The Galactic Effect
2024-12-21 00:36:39,372 - PlexMusicMatcher - INFO -   175. Galter
2024-12-21 00:36:39,372 - PlexMusicMatcher - INFO -   176. Genevieve Goings
2024-12-21 00:36:39,372 - PlexMusicMatcher - INFO -   177. Gianluca Misiti
2024-12-21 00:36:39,373 - PlexMusicMatcher - INFO -   178. Giveon
2024-12-21 00:36:39,373 - PlexMusicMatcher - INFO -   179. Gökay Ekin
2024-12-21 00:36:39,373 - PlexMusicMatcher - INFO -   180. Gold and Glory
2024-12-21 00:36:39,373 - PlexMusicMatcher - INFO -   181. The Golden Islands
2024-12-21 00:36:39,373 - PlexMusicMatcher - INFO -   182. Gonzza
2024-12-21 00:36:39,374 - PlexMusicMatcher - INFO -   183. goodlife
2024-12-21 00:36:39,374 - PlexMusicMatcher - INFO -   184. Goodwill & Ron Carroll
2024-12-21 00:36:39,374 - PlexMusicMatcher - INFO -   185. Graham Malice
2024-12-21 00:36:39,374 - PlexMusicMatcher - INFO -   186. Green Falcon
2024-12-21 00:36:39,374 - PlexMusicMatcher - INFO -   187. The Grizz
2024-12-21 00:36:39,374 - PlexMusicMatcher - INFO -   188. Gu is 9
2024-12-21 00:36:39,374 - PlexMusicMatcher - INFO -   189. Guillaume Defradat
2024-12-21 00:36:39,374 - PlexMusicMatcher - INFO -   190. GURSKIY
2024-12-21 00:36:39,375 - PlexMusicMatcher - INFO -   191. HAELIUM
2024-12-21 00:36:39,375 - PlexMusicMatcher - INFO -   192. half.cool
2024-12-21 00:36:39,375 - PlexMusicMatcher - INFO -   193. Hannes Holm
2024-12-21 00:36:39,375 - PlexMusicMatcher - INFO -   194. Harley Maxwell
2024-12-21 00:36:39,375 - PlexMusicMatcher - INFO -   195. Haywyre, Grabbitz
2024-12-21 00:36:39,376 - PlexMusicMatcher - INFO -   196. Haywyre, Koste
2024-12-21 00:36:39,376 - PlexMusicMatcher - INFO -   197. Haywyre, Krafty Kuts
2024-12-21 00:36:39,376 - PlexMusicMatcher - INFO -   198. Haywyre, Prismo
2024-12-21 00:36:39,376 - PlexMusicMatcher - INFO -   199. Haywyre, Rhodz
2024-12-21 00:36:39,376 - PlexMusicMatcher - INFO -   200. Haywyre, Slow Magic
2024-12-21 00:36:39,376 - PlexMusicMatcher - INFO -   201. Haywyre, The Funk Hunters, Kotek
2024-12-21 00:36:39,377 - PlexMusicMatcher - INFO -   202. Haywyre, Vorso
2024-12-21 00:36:39,377 - PlexMusicMatcher - INFO -   203. Haza
2024-12-21 00:36:39,377 - PlexMusicMatcher - INFO -   204. Hazur
2024-12-21 00:36:39,377 - PlexMusicMatcher - INFO -   205. Heriela
2024-12-21 00:36:39,377 - PlexMusicMatcher - INFO -   206. herr ulrich
2024-12-21 00:36:39,377 - PlexMusicMatcher - INFO -   207. Hideyuki Hashimoto
2024-12-21 00:36:39,377 - PlexMusicMatcher - INFO -   208. Ho99o9, Ghostemane
2024-12-21 00:36:39,378 - PlexMusicMatcher - INFO -   209. Hombrejugo
2024-12-21 00:36:39,378 - PlexMusicMatcher - INFO -   210. HOODMAFIA
2024-12-21 00:36:39,378 - PlexMusicMatcher - INFO -   211. House Call
2024-12-21 00:36:39,378 - PlexMusicMatcher - INFO -   212. HVDES, ATLAST
2024-12-21 00:36:39,378 - PlexMusicMatcher - INFO -   213. Hypebeast
2024-12-21 00:36:39,378 - PlexMusicMatcher - INFO -   214. Hypetrak
2024-12-21 00:36:39,379 - PlexMusicMatcher - INFO -   215. Hypixi !!!
2024-12-21 00:36:39,379 - PlexMusicMatcher - INFO -   216. Ian Edson
2024-12-21 00:36:39,379 - PlexMusicMatcher - INFO -   217. idokay
2024-12-21 00:36:39,379 - PlexMusicMatcher - INFO -   218. ILUIS
2024-12-21 00:36:39,379 - PlexMusicMatcher - INFO -   219. ilysilence
2024-12-21 00:36:39,379 - PlexMusicMatcher - INFO -   220. im horrible at music lol
2024-12-21 00:36:39,379 - PlexMusicMatcher - INFO -   221. Indeb
2024-12-21 00:36:39,379 - PlexMusicMatcher - INFO -   222. INTERNATIONAL WAV
2024-12-21 00:36:39,380 - PlexMusicMatcher - INFO -   223. J. Keuz
2024-12-21 00:36:39,380 - PlexMusicMatcher - INFO -   224. Jackal, Dr. Fresch
2024-12-21 00:36:39,380 - PlexMusicMatcher - INFO -   225. jahjaylee & Justin Jay
2024-12-21 00:36:39,380 - PlexMusicMatcher - INFO -   226. Jaja Bu
2024-12-21 00:36:39,380 - PlexMusicMatcher - INFO -   227. Jam'addict
2024-12-21 00:36:39,380 - PlexMusicMatcher - INFO -   228. JamesOnThaTrack
2024-12-21 00:36:39,380 - PlexMusicMatcher - INFO -   229. Jamine Shakur
2024-12-21 00:36:39,380 - PlexMusicMatcher - INFO -   230. Jäverling ◇ von Euler
2024-12-21 00:36:39,381 - PlexMusicMatcher - INFO -   231. Jayton Lening
2024-12-21 00:36:39,381 - PlexMusicMatcher - INFO -   232. JDee7
2024-12-21 00:36:39,381 - PlexMusicMatcher - INFO -   233. Jelie
2024-12-21 00:36:39,381 - PlexMusicMatcher - INFO -   234. Jenessa Andrea
2024-12-21 00:36:39,381 - PlexMusicMatcher - INFO -   235. Jess Gallo & Samson
2024-12-21 00:36:39,381 - PlexMusicMatcher - INFO -   236. The Jesse Lees
2024-12-21 00:36:39,381 - PlexMusicMatcher - INFO -   237. Jesus Morales, Philharmonia Bulgarica, Jaime Morales
2024-12-21 00:36:39,381 - PlexMusicMatcher - INFO -   238. John Alone
2024-12-21 00:36:39,382 - PlexMusicMatcher - INFO -   239. John Edge
2024-12-21 00:36:39,382 - PlexMusicMatcher - INFO -   240. Johnny Nicholson
2024-12-21 00:36:39,382 - PlexMusicMatcher - INFO -   241. JoJo Siwa (Kids)
2024-12-21 00:36:39,382 - PlexMusicMatcher - INFO -   242. Joke Army
2024-12-21 00:36:39,382 - PlexMusicMatcher - INFO -   243. Jonas Kopp, Capracara, Halogen
2024-12-21 00:36:39,382 - PlexMusicMatcher - INFO -   244. Jotaa
2024-12-21 00:36:39,382 - PlexMusicMatcher - INFO -   245. Juli Giuliani
2024-12-21 00:36:39,383 - PlexMusicMatcher - INFO -   246. JuliáN ÁVila
2024-12-21 00:36:39,383 - PlexMusicMatcher - INFO -   247. Juvenile Delinquents
2024-12-21 00:36:39,383 - PlexMusicMatcher - INFO -   248. JVera
2024-12-21 00:36:39,383 - PlexMusicMatcher - INFO -   249. K.K FLOW
2024-12-21 00:36:39,383 - PlexMusicMatcher - INFO -   250. Kállay Saunders
2024-12-21 00:36:39,383 - PlexMusicMatcher - INFO -   251. Kassaii
2024-12-21 00:36:39,383 - PlexMusicMatcher - INFO -   252. Katmando
2024-12-21 00:36:39,384 - PlexMusicMatcher - INFO -   253. Keenan Back & Liam Back
2024-12-21 00:36:39,384 - PlexMusicMatcher - INFO -   254. Kelleia
2024-12-21 00:36:39,384 - PlexMusicMatcher - INFO -   255. ketsuci
2024-12-21 00:36:39,384 - PlexMusicMatcher - INFO -   256. Kick a Dope Verse!
2024-12-21 00:36:39,384 - PlexMusicMatcher - INFO -   257. Kim Nordenstierna
2024-12-21 00:36:39,384 - PlexMusicMatcher - INFO -   258. Kirkinson
2024-12-21 00:36:39,384 - PlexMusicMatcher - INFO -   259. KL.Z
2024-12-21 00:36:39,385 - PlexMusicMatcher - INFO -   260. Knew J
2024-12-21 00:36:39,385 - PlexMusicMatcher - INFO -   261. Knzo
2024-12-21 00:36:39,385 - PlexMusicMatcher - INFO -   262. kollin30
2024-12-21 00:36:39,385 - PlexMusicMatcher - INFO -   263. KR3TURE, The Human Experience feat. Kelly Koval
2024-12-21 00:36:39,385 - PlexMusicMatcher - INFO -   264. Krabi
2024-12-21 00:36:39,385 - PlexMusicMatcher - INFO -   265. KVN AUST
2024-12-21 00:36:39,385 - PlexMusicMatcher - INFO -   266. KVSHYYYK
2024-12-21 00:36:39,385 - PlexMusicMatcher - INFO -   267. Kyle Joshua
2024-12-21 00:36:39,385 - PlexMusicMatcher - INFO -   268. L-S1DE
2024-12-21 00:36:39,386 - PlexMusicMatcher - INFO -   269. L'essay
2024-12-21 00:36:39,386 - PlexMusicMatcher - INFO -   270. L*o*J
2024-12-21 00:36:39,386 - PlexMusicMatcher - INFO -   271. Lake Orchard
2024-12-21 00:36:39,386 - PlexMusicMatcher - INFO -   272. Lakewood Music
2024-12-21 00:36:39,386 - PlexMusicMatcher - INFO -   273. Lanle
2024-12-21 00:36:39,386 - PlexMusicMatcher - INFO -   274. Lauria INC
2024-12-21 00:36:39,386 - PlexMusicMatcher - INFO -   275. Le Castle Vania, Addison
2024-12-21 00:36:39,386 - PlexMusicMatcher - INFO -   276. LeechesHell
2024-12-21 00:36:39,387 - PlexMusicMatcher - INFO -   277. Legendcast
2024-12-21 00:36:39,387 - PlexMusicMatcher - INFO -   278. Leisureville
2024-12-21 00:36:39,387 - PlexMusicMatcher - INFO -   279. Lhokanda
2024-12-21 00:36:39,387 - PlexMusicMatcher - INFO -   280. Like Nastya
2024-12-21 00:36:39,387 - PlexMusicMatcher - INFO -   281. Lil'fiercesavage
2024-12-21 00:36:39,387 - PlexMusicMatcher - INFO -   282. LILAAX
2024-12-21 00:36:39,387 - PlexMusicMatcher - INFO -   283. LilErik
2024-12-21 00:36:39,388 - PlexMusicMatcher - INFO -   284. Little Ashes
2024-12-21 00:36:39,388 - PlexMusicMatcher - INFO -   285. Little Circuits
2024-12-21 00:36:39,388 - PlexMusicMatcher - INFO -   286. Little smoking
2024-12-21 00:36:39,388 - PlexMusicMatcher - INFO -   287. Lodge Records
2024-12-21 00:36:39,388 - PlexMusicMatcher - INFO -   288. Lois Haas
2024-12-21 00:36:39,388 - PlexMusicMatcher - INFO -   289. Lor Smoke
2024-12-21 00:36:39,389 - PlexMusicMatcher - INFO -   290. Loris Gréaud
2024-12-21 00:36:39,389 - PlexMusicMatcher - INFO -   291. Low Heat
2024-12-21 00:36:39,389 - PlexMusicMatcher - INFO -   292. LSDREAM, Champagne Drip
2024-12-21 00:36:39,389 - PlexMusicMatcher - INFO -   293. LSDREAM, COM3T
2024-12-21 00:36:39,389 - PlexMusicMatcher - INFO -   294. LSDREAM, Meredith Bull
2024-12-21 00:36:39,389 - PlexMusicMatcher - INFO -   295. LSDREAM, Shlump
2024-12-21 00:36:39,390 - PlexMusicMatcher - INFO -   296. Lucid Monday
2024-12-21 00:36:39,390 - PlexMusicMatcher - INFO -   297. LudjixBoyz
2024-12-21 00:36:39,390 - PlexMusicMatcher - INFO -   298. Luisah
2024-12-21 00:36:39,390 - PlexMusicMatcher - INFO -   299. Ly$o De Eye
2024-12-21 00:36:39,390 - PlexMusicMatcher - INFO -   300. LYNAR
2024-12-21 00:36:39,390 - PlexMusicMatcher - INFO -   301. Lyncs
2024-12-21 00:36:39,391 - PlexMusicMatcher - INFO -   302. Magnetic Dreams
2024-12-21 00:36:39,391 - PlexMusicMatcher - INFO -   303. Mahachii
2024-12-21 00:36:39,391 - PlexMusicMatcher - INFO -   304. Maharaj Trio
2024-12-21 00:36:39,391 - PlexMusicMatcher - INFO -   305. Mahdi Chishty
2024-12-21 00:36:39,391 - PlexMusicMatcher - INFO -   306. Mairim & Marc Musica
2024-12-21 00:36:39,391 - PlexMusicMatcher - INFO -   307. Mallika Chopra
2024-12-21 00:36:39,391 - PlexMusicMatcher - INFO -   308. Malone Alone
2024-12-21 00:36:39,391 - PlexMusicMatcher - INFO -   309. Manic Science
2024-12-21 00:36:39,392 - PlexMusicMatcher - INFO -   310. Mar$
2024-12-21 00:36:39,392 - PlexMusicMatcher - INFO -   311. Mark Holiday
2024-12-21 00:36:39,392 - PlexMusicMatcher - INFO -   312. Marlin Ben
2024-12-21 00:36:39,392 - PlexMusicMatcher - INFO -   313. Marr D
2024-12-21 00:36:39,392 - PlexMusicMatcher - INFO -   314. Matt Lange, Glenn Morrison
2024-12-21 00:36:39,393 - PlexMusicMatcher - INFO -   315. Matter and Energy
2024-12-21 00:36:39,393 - PlexMusicMatcher - INFO -   316. Max Future
2024-12-21 00:36:39,393 - PlexMusicMatcher - INFO -   317. MC Martinez
2024-12-21 00:36:39,393 - PlexMusicMatcher - INFO -   318. MC RW1
2024-12-21 00:36:39,393 - PlexMusicMatcher - INFO -   319. Mechagnome
2024-12-21 00:36:39,393 - PlexMusicMatcher - INFO -   320. Mecsa Sosa
2024-12-21 00:36:39,394 - PlexMusicMatcher - INFO -   321. Meditation Loopable Sounds
2024-12-21 00:36:39,394 - PlexMusicMatcher - INFO -   322. Mfinity
2024-12-21 00:36:39,394 - PlexMusicMatcher - INFO -   323. Mfs That Hustla
2024-12-21 00:36:39,394 - PlexMusicMatcher - INFO -   324. MGXTXM
2024-12-21 00:36:39,394 - PlexMusicMatcher - INFO -   325. Mi K.O.
2024-12-21 00:36:39,394 - PlexMusicMatcher - INFO -   326. Michael Kadelbach
2024-12-21 00:36:39,394 - PlexMusicMatcher - INFO -   327. Midnight Kitsune
2024-12-21 00:36:39,395 - PlexMusicMatcher - INFO -   328. Mike Forrest Flynn
2024-12-21 00:36:39,395 - PlexMusicMatcher - INFO -   329. Miky Mendozza
2024-12-21 00:36:39,395 - PlexMusicMatcher - INFO -   330. Mila Harper
2024-12-21 00:36:39,395 - PlexMusicMatcher - INFO -   331. Mis Recuerdos Edition
2024-12-21 00:36:39,395 - PlexMusicMatcher - INFO -   332. Misael Olivalti
2024-12-21 00:36:39,395 - PlexMusicMatcher - INFO -   333. Miss Malibu
2024-12-21 00:36:39,395 - PlexMusicMatcher - INFO -   334. Mitch von Monaco
2024-12-21 00:36:39,395 - PlexMusicMatcher - INFO -   335. Mod3sto
2024-12-21 00:36:39,396 - PlexMusicMatcher - INFO -   336. MollyNa
2024-12-21 00:36:39,396 - PlexMusicMatcher - INFO -   337. Moody Good, Leotrix
2024-12-21 00:36:39,396 - PlexMusicMatcher - INFO -   338. Moody Good, SLANDER, KARRA
2024-12-21 00:36:39,396 - PlexMusicMatcher - INFO -   339. Motifv
2024-12-21 00:36:39,396 - PlexMusicMatcher - INFO -   340. Mr.Edie
2024-12-21 00:36:39,396 - PlexMusicMatcher - INFO -   341. Mulan - Cast
2024-12-21 00:36:39,396 - PlexMusicMatcher - INFO -   342. Mulle Beats
2024-12-21 00:36:39,396 - PlexMusicMatcher - INFO -   343. Music Army VN
2024-12-21 00:36:39,396 - PlexMusicMatcher - INFO -   344. Mxverick
2024-12-21 00:36:39,397 - PlexMusicMatcher - INFO -   345. My Wondrous Dream
2024-12-21 00:36:39,397 - PlexMusicMatcher - INFO -   346. MyCliff
2024-12-21 00:36:39,397 - PlexMusicMatcher - INFO -   347. Mylesxiety
2024-12-21 00:36:39,397 - PlexMusicMatcher - INFO -   348. Myya's Diary
2024-12-21 00:36:39,397 - PlexMusicMatcher - INFO -   349. Nadzieja Nowak
2024-12-21 00:36:39,397 - PlexMusicMatcher - INFO -   350. Natalia Labourdette
2024-12-21 00:36:39,397 - PlexMusicMatcher - INFO -   351. Nategawd
2024-12-21 00:36:39,397 - PlexMusicMatcher - INFO -   352. Nature Sounds & Native American Flute for Relaxing Sleep, Massage, Yoga & Spas
2024-12-21 00:36:39,397 - PlexMusicMatcher - INFO -   353. neebs.
2024-12-21 00:36:39,398 - PlexMusicMatcher - INFO -   354. Neukrapsio
2024-12-21 00:36:39,398 - PlexMusicMatcher - INFO -   355. NGHTMRE, Shaquille O'Neal, Lil Jon
2024-12-21 00:36:39,398 - PlexMusicMatcher - INFO -   356. Nico Savaro
2024-12-21 00:36:39,398 - PlexMusicMatcher - INFO -   357. Nifup
2024-12-21 00:36:39,398 - PlexMusicMatcher - INFO -   358. Nilzlit
2024-12-21 00:36:39,398 - PlexMusicMatcher - INFO -   359. Ninezz
2024-12-21 00:36:39,398 - PlexMusicMatcher - INFO -   360. niteloops
2024-12-21 00:36:39,399 - PlexMusicMatcher - INFO -   361. NKG
2024-12-21 00:36:39,399 - PlexMusicMatcher - INFO -   362. No Signe
2024-12-21 00:36:39,399 - PlexMusicMatcher - INFO -   363. node: project
2024-12-21 00:36:39,399 - PlexMusicMatcher - INFO -   364. Nostalgic Child
2024-12-21 00:36:39,399 - PlexMusicMatcher - INFO -   365. Now & Anatma
2024-12-21 00:36:39,399 - PlexMusicMatcher - INFO -   366. Nowak vel Nowaczyński
2024-12-21 00:36:39,399 - PlexMusicMatcher - INFO -   367. O.G Cloud9
2024-12-21 00:36:39,400 - PlexMusicMatcher - INFO -   368. Odecityfire
2024-12-21 00:36:39,400 - PlexMusicMatcher - INFO -   369. OG KEMi
2024-12-21 00:36:39,400 - PlexMusicMatcher - INFO -   370. Ogoh Precious
2024-12-21 00:36:39,400 - PlexMusicMatcher - INFO -   371. Ollie Oi
2024-12-21 00:36:39,400 - PlexMusicMatcher - INFO -   372. ONE HOUSE
2024-12-21 00:36:39,400 - PlexMusicMatcher - INFO -   373. Onz
2024-12-21 00:36:39,400 - PlexMusicMatcher - INFO -   374. Ookean
2024-12-21 00:36:39,401 - PlexMusicMatcher - INFO -   375. Osboyz
2024-12-21 00:36:39,401 - PlexMusicMatcher - INFO -   376. Oski, TYNAN
2024-12-21 00:36:39,401 - PlexMusicMatcher - INFO -   377. Otica
2024-12-21 00:36:39,401 - PlexMusicMatcher - INFO -   378. Outflux
2024-12-21 00:36:39,401 - PlexMusicMatcher - INFO -   379. P.A.V
2024-12-21 00:36:39,401 - PlexMusicMatcher - INFO -   380. PALMAIN
2024-12-21 00:36:39,401 - PlexMusicMatcher - INFO -   381. Palpal
2024-12-21 00:36:39,401 - PlexMusicMatcher - INFO -   382. Payin' Top Dolla
2024-12-21 00:36:39,402 - PlexMusicMatcher - INFO -   383. Peace Collectors
2024-12-21 00:36:39,402 - PlexMusicMatcher - INFO -   384. Pharooo
2024-12-21 00:36:39,402 - PlexMusicMatcher - INFO -   385. Phoebos
2024-12-21 00:36:39,402 - PlexMusicMatcher - INFO -   386. Planetopia
2024-12-21 00:36:39,402 - PlexMusicMatcher - INFO -   387. Play1r
2024-12-21 00:36:39,402 - PlexMusicMatcher - INFO -   388. PNOG
2024-12-21 00:36:39,402 - PlexMusicMatcher - INFO -   389. Poly Grace
2024-12-21 00:36:39,402 - PlexMusicMatcher - INFO -   390. Porff
2024-12-21 00:36:39,402 - PlexMusicMatcher - INFO -   391. Positive Reptile
2024-12-21 00:36:39,403 - PlexMusicMatcher - INFO -   392. Pr!ce
2024-12-21 00:36:39,403 - PlexMusicMatcher - INFO -   393. Prima, Barely Royal
2024-12-21 00:36:39,403 - PlexMusicMatcher - INFO -   394. Prxphecy
2024-12-21 00:36:39,403 - PlexMusicMatcher - INFO -   395. Qing Feng Wu
2024-12-21 00:36:39,403 - PlexMusicMatcher - INFO -   396. Rayess Bek
2024-12-21 00:36:39,403 - PlexMusicMatcher - INFO -   397. Reliquus Music
2024-12-21 00:36:39,404 - PlexMusicMatcher - INFO -   398. Rent Check
2024-12-21 00:36:39,404 - PlexMusicMatcher - INFO -   399. RezaDead
2024-12-21 00:36:39,404 - PlexMusicMatcher - INFO -   400. Rishi Shukla
2024-12-21 00:36:39,404 - PlexMusicMatcher - INFO -   401. Robot Kids Electric
2024-12-21 00:36:39,404 - PlexMusicMatcher - INFO -   402. Rollcage
2024-12-21 00:36:39,404 - PlexMusicMatcher - INFO -   403. Ronin Halloway
2024-12-21 00:36:39,405 - PlexMusicMatcher - INFO -   404. Rubycon Sunset
2024-12-21 00:36:39,405 - PlexMusicMatcher - INFO -   405. Ruth Mountain
2024-12-21 00:36:39,405 - PlexMusicMatcher - INFO -   406. S'BO Gyre
2024-12-21 00:36:39,405 - PlexMusicMatcher - INFO -   407. s0und m1nd
2024-12-21 00:36:39,405 - PlexMusicMatcher - INFO -   408. Saint Parrish
2024-12-21 00:36:39,405 - PlexMusicMatcher - INFO -   409. Salomon Isle
2024-12-21 00:36:39,406 - PlexMusicMatcher - INFO -   410. San Scout
2024-12-21 00:36:39,406 - PlexMusicMatcher - INFO -   411. Sativa Sunrise
2024-12-21 00:36:39,406 - PlexMusicMatcher - INFO -   412. Savtik
2024-12-21 00:36:39,406 - PlexMusicMatcher - INFO -   413. Sayandweep
2024-12-21 00:36:39,406 - PlexMusicMatcher - INFO -   414. Seemsles999
2024-12-21 00:36:39,407 - PlexMusicMatcher - INFO -   415. Seinna
2024-12-21 00:36:39,407 - PlexMusicMatcher - INFO -   416. Self Tape
2024-12-21 00:36:39,407 - PlexMusicMatcher - INFO -   417. She Has A Cold Cold Heart
2024-12-21 00:36:39,407 - PlexMusicMatcher - INFO -   418. Shirakura
2024-12-21 00:36:39,407 - PlexMusicMatcher - INFO -   419. shpaaaackkk
2024-12-21 00:36:39,407 - PlexMusicMatcher - INFO -   420. Shunya Koyanagi
2024-12-21 00:36:39,408 - PlexMusicMatcher - INFO -   421. Shwilly
2024-12-21 00:36:39,408 - PlexMusicMatcher - INFO -   422. silverglass
2024-12-21 00:36:39,408 - PlexMusicMatcher - INFO -   423. Simply K
2024-12-21 00:36:39,408 - PlexMusicMatcher - INFO -   424. The Singers - Minnesota Choral Artists
2024-12-21 00:36:39,408 - PlexMusicMatcher - INFO -   425. SJXB
2024-12-21 00:36:39,408 - PlexMusicMatcher - INFO -   426. Sleeping Clouds
2024-12-21 00:36:39,408 - PlexMusicMatcher - INFO -   427. sleepscreen
2024-12-21 00:36:39,409 - PlexMusicMatcher - INFO -   428. Sleepy Night Music
2024-12-21 00:36:39,409 - PlexMusicMatcher - INFO -   429. Slouzzz
2024-12-21 00:36:39,409 - PlexMusicMatcher - INFO -   430. SNKB
2024-12-21 00:36:39,409 - PlexMusicMatcher - INFO -   431. So Frenchy So Chic
2024-12-21 00:36:39,409 - PlexMusicMatcher - INFO -   432. Sober Rob, Goldwater
2024-12-21 00:36:39,409 - PlexMusicMatcher - INFO -   433. Soft Tide
2024-12-21 00:36:39,410 - PlexMusicMatcher - INFO -   434. softboy ivo
2024-12-21 00:36:39,410 - PlexMusicMatcher - INFO -   435. SoudCrime
2024-12-21 00:36:39,410 - PlexMusicMatcher - INFO -   436. Spectral Morning
2024-12-21 00:36:39,410 - PlexMusicMatcher - INFO -   437. Splixy
2024-12-21 00:36:39,410 - PlexMusicMatcher - INFO -   438. SPVCES
2024-12-21 00:36:39,411 - PlexMusicMatcher - INFO -   439. St-Saoul
2024-12-21 00:36:39,411 - PlexMusicMatcher - INFO -   440. Starrah & Diplo
2024-12-21 00:36:39,411 - PlexMusicMatcher - INFO -   441. The State of Mudita
2024-12-21 00:36:39,411 - PlexMusicMatcher - INFO -   442. Static Garden
2024-12-21 00:36:39,411 - PlexMusicMatcher - INFO -   443. A Stellar
2024-12-21 00:36:39,411 - PlexMusicMatcher - INFO -   444. Stephanie Hawk
2024-12-21 00:36:39,411 - PlexMusicMatcher - INFO -   445. Stopendor
2024-12-21 00:36:39,411 - PlexMusicMatcher - INFO -   446. studiozada
2024-12-21 00:36:39,412 - PlexMusicMatcher - INFO -   447. Suicidewave
2024-12-21 00:36:39,412 - PlexMusicMatcher - INFO -   448. Superdream
2024-12-21 00:36:39,412 - PlexMusicMatcher - INFO -   449. Susie Suh & Robot Koch
2024-12-21 00:36:39,412 - PlexMusicMatcher - INFO -   450. sxid
2024-12-21 00:36:39,412 - PlexMusicMatcher - INFO -   451. Syf of Talking Knots
2024-12-21 00:36:39,412 - PlexMusicMatcher - INFO -   452. Synkro, Indigo
2024-12-21 00:36:39,412 - PlexMusicMatcher - INFO -   453. TAKTY-E
2024-12-21 00:36:39,412 - PlexMusicMatcher - INFO -   454. Tantraction
2024-12-21 00:36:39,412 - PlexMusicMatcher - INFO -   455. Tatzstar 2 Shiny
2024-12-21 00:36:39,413 - PlexMusicMatcher - INFO -   456. Tenet Audio
2024-12-21 00:36:39,413 - PlexMusicMatcher - INFO -   457. teo glacier
2024-12-21 00:36:39,413 - PlexMusicMatcher - INFO -   458. Tetherlight
2024-12-21 00:36:39,413 - PlexMusicMatcher - INFO -   459. Tfavored
2024-12-21 00:36:39,413 - PlexMusicMatcher - INFO -   460. Thadius X
2024-12-21 00:36:39,413 - PlexMusicMatcher - INFO -   461. Thai Massage Music
2024-12-21 00:36:39,413 - PlexMusicMatcher - INFO -   462. TheRa11n
2024-12-21 00:36:39,414 - PlexMusicMatcher - INFO -   463. Thiago Garcia
2024-12-21 00:36:39,414 - PlexMusicMatcher - INFO -   464. Thomas Garcia, Eric Sharp
2024-12-21 00:36:39,414 - PlexMusicMatcher - INFO -   465. Thornton III Jenkins
2024-12-21 00:36:39,414 - PlexMusicMatcher - INFO -   466. Threedust
2024-12-21 00:36:39,414 - PlexMusicMatcher - INFO -   467. Tiki Taka
2024-12-21 00:36:39,414 - PlexMusicMatcher - INFO -   468. Toby Timber
2024-12-21 00:36:39,414 - PlexMusicMatcher - INFO -   469. Todd & Klein
2024-12-21 00:36:39,414 - PlexMusicMatcher - INFO -   470. Todd Beasley
2024-12-21 00:36:39,415 - PlexMusicMatcher - INFO -   471. Tora-i
2024-12-21 00:36:39,415 - PlexMusicMatcher - INFO -   472. Toxic Hearts
2024-12-21 00:36:39,415 - PlexMusicMatcher - INFO -   473. TrappyWorldWide
2024-12-21 00:36:39,415 - PlexMusicMatcher - INFO -   474. Travmkind
2024-12-21 00:36:39,415 - PlexMusicMatcher - INFO -   475. Trish Jane
2024-12-21 00:36:39,415 - PlexMusicMatcher - INFO -   476. Tropez
2024-12-21 00:36:39,415 - PlexMusicMatcher - INFO -   477. twyn!b
2024-12-21 00:36:39,416 - PlexMusicMatcher - INFO -   478. TYNAN, G-REX
2024-12-21 00:36:39,416 - PlexMusicMatcher - INFO -   479. TYNAN, KRISCHVN
2024-12-21 00:36:39,416 - PlexMusicMatcher - INFO -   480. Udipta
2024-12-21 00:36:39,416 - PlexMusicMatcher - INFO -   481. unvrsl frqncy
2024-12-21 00:36:39,416 - PlexMusicMatcher - INFO -   482. Ursa the Chef
2024-12-21 00:36:39,416 - PlexMusicMatcher - INFO -   483. V.D.L
2024-12-21 00:36:39,416 - PlexMusicMatcher - INFO -   484. VALÉ
2024-12-21 00:36:39,416 - PlexMusicMatcher - INFO -   485. El Vendedor de Almas
2024-12-21 00:36:39,417 - PlexMusicMatcher - INFO -   486. Veridian Club Music
2024-12-21 00:36:39,417 - PlexMusicMatcher - INFO -   487. viiolets
2024-12-21 00:36:39,417 - PlexMusicMatcher - INFO -   488. Wardinho
2024-12-21 00:36:39,417 - PlexMusicMatcher - INFO -   489. Watsky, Feed The Biirds
2024-12-21 00:36:39,417 - PlexMusicMatcher - INFO -   490. Wavehealers
2024-12-21 00:36:39,417 - PlexMusicMatcher - INFO -   491. WhyBaby?
2024-12-21 00:36:39,417 - PlexMusicMatcher - INFO -   492. Will Butler vs The Knocks
2024-12-21 00:36:39,417 - PlexMusicMatcher - INFO -   493. Within Spaces
2024-12-21 00:36:39,417 - PlexMusicMatcher - INFO -   494. WSDE
2024-12-21 00:36:39,418 - PlexMusicMatcher - INFO -   495. Wyllis
2024-12-21 00:36:39,418 - PlexMusicMatcher - INFO -   496. Xemba
2024-12-21 00:36:39,418 - PlexMusicMatcher - INFO -   497. xerLK
2024-12-21 00:36:39,418 - PlexMusicMatcher - INFO -   498. XR
2024-12-21 00:36:39,418 - PlexMusicMatcher - INFO -   499. XTheDolphin
2024-12-21 00:36:39,418 - PlexMusicMatcher - INFO -   500. Yarin Primak
2024-12-21 00:36:39,419 - PlexMusicMatcher - INFO -   501. Yerik Martínez
2024-12-21 00:36:39,419 - PlexMusicMatcher - INFO -   502. Yolo Gang
2024-12-21 00:36:39,419 - PlexMusicMatcher - INFO -   503. Yoo Woon
2024-12-21 00:36:39,419 - PlexMusicMatcher - INFO -   504. Yorokobi
2024-12-21 00:36:39,419 - PlexMusicMatcher - INFO -   505. Yoshual Time
2024-12-21 00:36:39,420 - PlexMusicMatcher - INFO -   506. Yugi Boi, Otxhello, Ox The Moron
2024-12-21 00:36:39,420 - PlexMusicMatcher - INFO -   507. YUNGBOY66
2024-12-21 00:36:39,420 - PlexMusicMatcher - INFO -   508. Zachary Funk
2024-12-21 00:36:39,420 - PlexMusicMatcher - INFO -   509. Zahra Tate
2024-12-21 00:36:39,420 - PlexMusicMatcher - INFO -   510. ZOMBIES – Cast
2024-12-21 00:36:39,420 - PlexMusicMatcher - INFO -   511. ZTEFF
2024-12-21 00:36:39,420 - PlexMusicMatcher - INFO -   512. Zxmrk
2024-12-21 00:36:39,420 - PlexMusicMatcher - INFO -   513. ZΩH
2024-12-21 00:36:39,421 - PlexMusicMatcher - INFO -   514. ХЛЕБ
2024-12-21 00:36:39,421 - PlexMusicMatcher - INFO -   515. ゆうがお
2024-12-21 00:36:39,421 - PlexMusicMatcher - INFO -   516. 利尔·伊泽
2024-12-21 00:36:39,421 - PlexMusicMatcher - INFO -   517. 卡捷琳娜-凯丽
2024-12-21 00:36:39,421 - PlexMusicMatcher - INFO -   518. 吳京
2024-12-21 00:36:39,421 - PlexMusicMatcher - INFO -   519. 新时代轻音乐团
2024-12-21 00:36:39,422 - PlexMusicMatcher - INFO -   520. 柒
