2024-12-21 11:48:33,012 - PlexMusicMatcher - INFO - Loading configuration...
2024-12-21 11:48:33,013 - PlexMusicMatcher - INFO - Configuration loaded successfully!
2024-12-21 11:48:33,013 - PlexMusicMatcher - INFO - Initializing Spotify connection...
2024-12-21 11:48:33,013 - PlexMusicMatcher - INFO - Successfully connected to Spotify API
2024-12-21 11:48:33,268 - PlexMusicMatcher - INFO - Initializing Plex connection...
2024-12-21 11:48:33,268 - PlexMusicMatcher - INFO - Connecting to Plex server at http://192.168.86.21:32400/...
2024-12-21 11:48:33,273 - PlexMusicMatcher - INFO - Successfully connected to Plex server: ThomasArchives
2024-12-21 11:48:33,277 - PlexMusicMatcher - INFO - Successfully connected to music library: Music
2024-12-21 11:48:33,278 - PlexMusicMatcher - INFO - Plex Server Version: 1.41.3.9292-bc7397402
2024-12-21 11:48:33,308 - PlexMusicMatcher - INFO - Successfully accessed music library
2024-12-21 11:48:33,309 - PlexMusicMatcher - INFO - Scanning for unmatched artists...
2024-12-21 11:48:33,309 - PlexMusicMatcher - INFO - Scanning for unmatched artists...
2024-12-21 11:48:38,023 - PlexMusicMatcher - INFO - Scanning 4592 total artists...
2024-12-21 11:49:03,387 - PlexMusicMatcher - INFO - 
Found 520 unmatched artists
2024-12-21 11:49:03,400 - PlexMusicMatcher - INFO - Found 520 unmatched artists
2024-12-21 11:49:03,400 - PlexMusicMatcher - INFO - Starting artist matching process...
2024-12-21 11:49:33,562 - PlexMusicMatcher - WARNING - Matching timed out for artist: Alex Math
2024-12-21 11:50:03,579 - PlexMusicMatcher - WARNING - Matching timed out for artist: Asierhans
2024-12-21 11:50:33,608 - PlexMusicMatcher - WARNING - Matching timed out for artist: Calvin King
2024-12-21 11:51:03,525 - PlexMusicMatcher - WARNING - Matching timed out for artist: Dara Smith-MacDonald
2024-12-21 11:51:33,563 - PlexMusicMatcher - WARNING - Matching timed out for artist: DJ Rush, Lester Fitzpatrick
2024-12-21 11:52:03,582 - PlexMusicMatcher - WARNING - Matching timed out for artist: Eric Sharp & Tenova
2024-12-21 11:52:33,557 - PlexMusicMatcher - WARNING - Matching timed out for artist: Genevieve Goings
2024-12-21 11:53:03,587 - PlexMusicMatcher - WARNING - Matching timed out for artist: Haywyre, The Funk Hunters, Kotek
2024-12-21 11:53:33,596 - PlexMusicMatcher - WARNING - Matching timed out for artist: Jaja Bu
2024-12-21 11:54:03,544 - PlexMusicMatcher - WARNING - Matching timed out for artist: Kassaii
2024-12-21 11:54:33,552 - PlexMusicMatcher - WARNING - Matching timed out for artist: LeechesHell
2024-12-21 11:55:03,581 - PlexMusicMatcher - WARNING - Matching timed out for artist: Lyncs
2024-12-21 11:55:33,583 - PlexMusicMatcher - WARNING - Matching timed out for artist: Michael Kadelbach
2024-12-21 11:56:03,562 - PlexMusicMatcher - WARNING - Matching timed out for artist: Nategawd
2024-12-21 11:56:33,557 - PlexMusicMatcher - WARNING - Matching timed out for artist: Oski, TYNAN
2024-12-21 11:57:03,569 - PlexMusicMatcher - WARNING - Matching timed out for artist: Robot Kids Electric
2024-12-21 11:57:33,594 - PlexMusicMatcher - WARNING - Matching timed out for artist: Sleeping Clouds
2024-12-21 11:58:03,601 - PlexMusicMatcher - WARNING - Matching timed out for artist: Syf of Talking Knots
2024-12-21 11:58:33,567 - PlexMusicMatcher - WARNING - Matching timed out for artist: Tropez
2024-12-21 11:59:03,556 - PlexMusicMatcher - WARNING - Matching timed out for artist: Yerik Martínez
2024-12-21 11:59:08,906 - PlexMusicMatcher - INFO - ==================================================
2024-12-21 11:59:08,906 - PlexMusicMatcher - INFO - Total artists processed: 520
2024-12-21 11:59:08,906 - PlexMusicMatcher - INFO - Automatic matches: 426 (81.9%)
2024-12-21 11:59:08,907 - PlexMusicMatcher - INFO - Needs review: 21 (4.0%)
2024-12-21 11:59:08,907 - PlexMusicMatcher - INFO - No matches found: 73 (14.0%)
2024-12-21 11:59:08,907 - PlexMusicMatcher - INFO - 
Automatic Matches:
2024-12-21 11:59:08,907 - PlexMusicMatcher - INFO - ==================================================
2024-12-21 11:59:08,907 - PlexMusicMatcher - INFO - 
Match 1:
2024-12-21 11:59:08,907 - PlexMusicMatcher - INFO - Plex Artist: 5hags
Spotify Match: 5hags
Confidence: 100.00%
Popularity: 4/100
2024-12-21 11:59:08,908 - PlexMusicMatcher - INFO - 
Match 2:
2024-12-21 11:59:08,908 - PlexMusicMatcher - INFO - Plex Artist: 7-Pm
Spotify Match: 7-Pm
Confidence: 100.00%
Popularity: 5/100
2024-12-21 11:59:08,908 - PlexMusicMatcher - INFO - 
Match 3:
2024-12-21 11:59:08,908 - PlexMusicMatcher - INFO - Plex Artist: 7XL
Spotify Match: 7XL
Confidence: 100.00%
Popularity: 4/100
2024-12-21 11:59:08,909 - PlexMusicMatcher - INFO - 
Match 4:
2024-12-21 11:59:08,909 - PlexMusicMatcher - INFO - Plex Artist: 98.Morelo
Spotify Match: 98.Morelo
Confidence: 100.00%
Popularity: 0/100
2024-12-21 11:59:08,909 - PlexMusicMatcher - INFO - 
Match 5:
2024-12-21 11:59:08,909 - PlexMusicMatcher - INFO - Plex Artist: Aaron Doh
Spotify Match: Aaron Doh
Confidence: 100.00%
Popularity: 17/100
2024-12-21 11:59:08,909 - PlexMusicMatcher - INFO - 
Matches Needing Review:
2024-12-21 11:59:08,910 - PlexMusicMatcher - INFO - ==================================================
2024-12-21 11:59:08,910 - PlexMusicMatcher - INFO - 
Potential Match 1:
2024-12-21 11:59:08,910 - PlexMusicMatcher - INFO - Plex Artist: Alemu
Spotify Match: Alemán
Confidence: 90.43%
Popularity: 77/100
Genres: mexican hip hop, trap mexicano

Alternative matches:
  1. Alemi Bustos (Popularity: 59/100)
  2. Alemu Aga (Popularity: 21/100)
2024-12-21 11:59:08,910 - PlexMusicMatcher - INFO - 
Potential Match 2:
2024-12-21 11:59:08,910 - PlexMusicMatcher - INFO - Plex Artist: Ari MT
Spotify Match: Ari Mason
Confidence: 80.67%
Popularity: 40/100
Genres: industrial pop

Alternative matches:
  1. Ari Notartomaso (Popularity: 36/100)
  2. Ari Mindful (Popularity: 29/100)
2024-12-21 11:59:08,911 - PlexMusicMatcher - INFO - 
Potential Match 3:
2024-12-21 11:59:08,911 - PlexMusicMatcher - INFO - Plex Artist: Carla Mauri
Spotify Match: Carla Morrison
Confidence: 89.30%
Popularity: 73/100
Genres: cantautora mexicana, mexican pop

Alternative matches:
  1. Carla Mauri (Popularity: 31/100)
  2. Carl Maria von Weber (Popularity: 51/100)
2024-12-21 11:59:08,912 - PlexMusicMatcher - INFO - 
Potential Match 4:
2024-12-21 11:59:08,912 - PlexMusicMatcher - INFO - Plex Artist: Curci and Mick Jenkins
Spotify Match: Mick Jenkins
Confidence: 86.39%
Popularity: 58/100
Genres: alternative hip hop, alternative r&b, chicago rap

Alternative matches:
  1. Curci (Popularity: 28/100)
  2. Mick Jenkins (Popularity: 9/100)
2024-12-21 11:59:08,912 - PlexMusicMatcher - INFO - 
Potential Match 5:
2024-12-21 11:59:08,912 - PlexMusicMatcher - INFO - Plex Artist: Dinie
Spotify Match: Dinié
Confidence: 87.70%
Popularity: 2/100

Alternative matches:
  1. Dinner Party (Popularity: 52/100)
  2. Dinie (Popularity: 2/100)
2024-12-21 11:59:08,912 - PlexMusicMatcher - INFO - 
No Matches Found For:
2024-12-21 11:59:08,914 - PlexMusicMatcher - INFO - ==================================================
2024-12-21 11:59:08,914 - PlexMusicMatcher - INFO - 1. Acedox
2024-12-21 11:59:08,914 - PlexMusicMatcher - INFO - 2. Adrian Rooz
2024-12-21 11:59:08,914 - PlexMusicMatcher - INFO - 3. Alex Math
2024-12-21 11:59:08,914 - PlexMusicMatcher - INFO - 4. Alphabet Kids
2024-12-21 11:59:08,914 - PlexMusicMatcher - INFO - 5. AmusicalSomebody
2024-12-21 11:59:08,915 - PlexMusicMatcher - INFO - 
Processing Summary:
2024-12-21 11:59:08,915 - PlexMusicMatcher - INFO - ==================================================
2024-12-21 11:59:08,915 - PlexMusicMatcher - INFO - Total artists processed: 520
2024-12-21 11:59:08,915 - PlexMusicMatcher - INFO - Automatic matches: 426 (81.9%)
2024-12-21 11:59:08,915 - PlexMusicMatcher - INFO - Needs review: 21 (4.0%)
2024-12-21 11:59:08,915 - PlexMusicMatcher - INFO - No matches found: 73 (14.0%)
2024-12-21 11:59:08,915 - PlexMusicMatcher - INFO - 
Would you like to:
2024-12-21 11:59:08,916 - PlexMusicMatcher - INFO - 1. Review potential matches
2024-12-21 11:59:08,916 - PlexMusicMatcher - INFO - 2. Save results for later
2024-12-21 11:59:08,916 - PlexMusicMatcher - INFO - 3. Exit
