2024-12-21 11:14:56,295 - PlexMusicMatcher - INFO - Loading configuration...
2024-12-21 11:14:56,295 - PlexMusicMatcher - INFO - Configuration loaded successfully!
2024-12-21 11:14:56,295 - PlexMusicMatcher - INFO - Initializing Spotify connection...
2024-12-21 11:14:56,296 - PlexMusicMatcher - INFO - Successfully connected to Spotify API
2024-12-21 11:14:56,677 - PlexMusicMatcher - INFO - Initializing Plex connection...
2024-12-21 11:14:56,678 - PlexMusicMatcher - INFO - Connecting to Plex server at http://192.168.86.21:32400/...
2024-12-21 11:14:56,683 - PlexMusicMatcher - INFO - Successfully connected to Plex server: ThomasArchives
2024-12-21 11:14:56,687 - PlexMusicMatcher - INFO - Successfully connected to music library: Music
2024-12-21 11:14:56,687 - PlexMusicMatcher - INFO - Plex Server Version: 1.41.3.9292-bc7397402
2024-12-21 11:14:56,723 - PlexMusicMatcher - INFO - Successfully accessed music library
2024-12-21 11:14:56,724 - PlexMusicMatcher - INFO - Scanning for unmatched artists...
2024-12-21 11:14:56,724 - PlexMusicMatcher - INFO - Scanning for unmatched artists...
2024-12-21 11:15:01,170 - PlexMusicMatcher - INFO - Scanning 4592 total artists...
2024-12-21 11:15:27,599 - PlexMusicMatcher - INFO - 
Found 520 unmatched artists
2024-12-21 11:15:27,612 - PlexMusicMatcher - INFO - Found 520 unmatched artists
2024-12-21 11:15:27,612 - PlexMusicMatcher - INFO - Starting artist matching process...
2024-12-21 11:15:57,871 - PlexMusicMatcher - WARNING - Matching timed out for artist: Alex Math
2024-12-21 11:16:27,759 - PlexMusicMatcher - WARNING - Matching timed out for artist: Asierhans
2024-12-21 11:16:57,807 - PlexMusicMatcher - WARNING - Matching timed out for artist: Calvin King
2024-12-21 11:17:27,753 - PlexMusicMatcher - WARNING - Matching timed out for artist: Dara Smith-MacDonald
2024-12-21 11:17:57,758 - PlexMusicMatcher - WARNING - Matching timed out for artist: DJ Rush, Lester Fitzpatrick
2024-12-21 11:18:27,789 - PlexMusicMatcher - WARNING - Matching timed out for artist: Eric Sharp & Tenova
2024-12-21 11:18:57,761 - PlexMusicMatcher - WARNING - Matching timed out for artist: Genevieve Goings
2024-12-21 11:19:27,872 - PlexMusicMatcher - WARNING - Matching timed out for artist: Haywyre, The Funk Hunters, Kotek
2024-12-21 11:19:57,790 - PlexMusicMatcher - WARNING - Matching timed out for artist: Jaja Bu
2024-12-21 11:20:27,757 - PlexMusicMatcher - WARNING - Matching timed out for artist: Kassaii
2024-12-21 11:20:57,849 - PlexMusicMatcher - WARNING - Matching timed out for artist: LeechesHell
2024-12-21 11:21:27,799 - PlexMusicMatcher - WARNING - Matching timed out for artist: Lyncs
2024-12-21 11:21:57,765 - PlexMusicMatcher - WARNING - Matching timed out for artist: Michael Kadelbach
2024-12-21 11:22:27,765 - PlexMusicMatcher - WARNING - Matching timed out for artist: Nategawd
2024-12-21 11:22:57,783 - PlexMusicMatcher - WARNING - Matching timed out for artist: Oski, TYNAN
2024-12-21 11:23:27,771 - PlexMusicMatcher - WARNING - Matching timed out for artist: Robot Kids Electric
2024-12-21 11:23:57,795 - PlexMusicMatcher - WARNING - Matching timed out for artist: Sleeping Clouds
2024-12-21 11:24:27,834 - PlexMusicMatcher - WARNING - Matching timed out for artist: Syf of Talking Knots
2024-12-21 11:24:57,818 - PlexMusicMatcher - WARNING - Matching timed out for artist: Tropez
2024-12-21 11:25:27,787 - PlexMusicMatcher - WARNING - Matching timed out for artist: Yerik Martínez
2024-12-21 11:25:32,860 - PlexMusicMatcher - INFO - ==================================================
2024-12-21 11:25:32,860 - PlexMusicMatcher - INFO - Total artists processed: 520
2024-12-21 11:25:32,861 - PlexMusicMatcher - INFO - Automatic matches: 429 (82.5%)
2024-12-21 11:25:32,861 - PlexMusicMatcher - INFO - Needs review: 21 (4.0%)
2024-12-21 11:25:32,861 - PlexMusicMatcher - INFO - No matches found: 70 (13.5%)
2024-12-21 11:25:32,861 - PlexMusicMatcher - INFO - 
Automatic Matches:
2024-12-21 11:25:32,861 - PlexMusicMatcher - INFO - ==================================================
2024-12-21 11:25:32,861 - PlexMusicMatcher - INFO - 
Match 1:
2024-12-21 11:25:32,862 - PlexMusicMatcher - INFO - Plex Artist: 5hags
Spotify Match: 5hags
Confidence: 100.00%
Popularity: 4/100
2024-12-21 11:25:32,862 - PlexMusicMatcher - INFO - 
Match 2:
2024-12-21 11:25:32,862 - PlexMusicMatcher - INFO - Plex Artist: 7-Pm
Spotify Match: 7-Pm
Confidence: 100.00%
Popularity: 5/100
2024-12-21 11:25:32,863 - PlexMusicMatcher - INFO - 
Match 3:
2024-12-21 11:25:32,863 - PlexMusicMatcher - INFO - Plex Artist: 7XL
Spotify Match: 7XL
Confidence: 100.00%
Popularity: 4/100
2024-12-21 11:25:32,863 - PlexMusicMatcher - INFO - 
Match 4:
2024-12-21 11:25:32,863 - PlexMusicMatcher - INFO - Plex Artist: 98.Morelo
Spotify Match: 98.Morelo
Confidence: 100.00%
Popularity: 0/100
2024-12-21 11:25:32,864 - PlexMusicMatcher - INFO - 
Match 5:
2024-12-21 11:25:32,864 - PlexMusicMatcher - INFO - Plex Artist: Aaron Doh
Spotify Match: Aaron Doh
Confidence: 100.00%
Popularity: 17/100
2024-12-21 11:25:32,864 - PlexMusicMatcher - INFO - 
Matches Needing Review:
2024-12-21 11:25:32,864 - PlexMusicMatcher - INFO - ==================================================
2024-12-21 11:25:32,865 - PlexMusicMatcher - INFO - 
Potential Match 1:
2024-12-21 11:25:32,865 - PlexMusicMatcher - INFO - Plex Artist: Alemu
Spotify Match: Alemán
Confidence: 90.43%
Popularity: 77/100
Genres: mexican hip hop, trap mexicano

Alternative matches:
  1. Alemi Bustos (Popularity: 59/100)
  2. Alemu Aga (Popularity: 21/100)
2024-12-21 11:25:32,865 - PlexMusicMatcher - INFO - 
Potential Match 2:
2024-12-21 11:25:32,866 - PlexMusicMatcher - INFO - Plex Artist: Ari MT
Spotify Match: Ari Mason
Confidence: 80.67%
Popularity: 40/100
Genres: industrial pop

Alternative matches:
  1. Ari Notartomaso (Popularity: 36/100)
  2. Ari Mindful (Popularity: 29/100)
2024-12-21 11:25:32,867 - PlexMusicMatcher - INFO - 
Potential Match 3:
2024-12-21 11:25:32,867 - PlexMusicMatcher - INFO - Plex Artist: Carla Mauri
Spotify Match: Carla Morrison
Confidence: 89.30%
Popularity: 73/100
Genres: cantautora mexicana, mexican pop

Alternative matches:
  1. Carla Mauri (Popularity: 31/100)
  2. Carl Maria von Weber (Popularity: 51/100)
2024-12-21 11:25:32,868 - PlexMusicMatcher - INFO - 
Potential Match 4:
2024-12-21 11:25:32,868 - PlexMusicMatcher - INFO - Plex Artist: Curci and Mick Jenkins
Spotify Match: Mick Jenkins
Confidence: 86.39%
Popularity: 58/100
Genres: alternative hip hop, alternative r&b, chicago rap

Alternative matches:
  1. Curci (Popularity: 28/100)
  2. Mick Jenkins (Popularity: 9/100)
2024-12-21 11:25:32,868 - PlexMusicMatcher - INFO - 
Potential Match 5:
2024-12-21 11:25:32,869 - PlexMusicMatcher - INFO - Plex Artist: Dr. Fresch & BIJOU
Spotify Match: Dr. Fresch
Confidence: 92.32%
Popularity: 54/100
Genres: bass house, electro house

Alternative matches:
  1. BIJOU (Popularity: 42/100)
  2. Buju Banton (Popularity: 58/100)
2024-12-21 11:25:32,869 - PlexMusicMatcher - INFO - 
No Matches Found For:
2024-12-21 11:25:32,870 - PlexMusicMatcher - INFO - ==================================================
2024-12-21 11:25:32,870 - PlexMusicMatcher - INFO - 1. Acedox
2024-12-21 11:25:32,870 - PlexMusicMatcher - INFO - 2. Adrian Rooz
2024-12-21 11:25:32,870 - PlexMusicMatcher - INFO - 3. Alex Math
2024-12-21 11:25:32,870 - PlexMusicMatcher - INFO - 4. Alphabet Kids
2024-12-21 11:25:32,870 - PlexMusicMatcher - INFO - 5. AmusicalSomebody
2024-12-21 11:25:32,870 - PlexMusicMatcher - INFO - 
Processing Summary:
2024-12-21 11:25:32,871 - PlexMusicMatcher - INFO - ==================================================
2024-12-21 11:25:32,871 - PlexMusicMatcher - INFO - Total artists processed: 520
2024-12-21 11:25:32,871 - PlexMusicMatcher - INFO - Automatic matches: 429 (82.5%)
2024-12-21 11:25:32,871 - PlexMusicMatcher - INFO - Needs review: 21 (4.0%)
2024-12-21 11:25:32,871 - PlexMusicMatcher - INFO - No matches found: 70 (13.5%)
2024-12-21 11:25:32,872 - PlexMusicMatcher - INFO - 
Would you like to:
2024-12-21 11:25:32,872 - PlexMusicMatcher - INFO - 1. Review potential matches
2024-12-21 11:25:32,872 - PlexMusicMatcher - INFO - 2. Save results for later
2024-12-21 11:25:32,872 - PlexMusicMatcher - INFO - 3. Exit
2024-12-21 11:27:08,380 - PlexMusicMatcher - ERROR - Error displaying match details: 'bool' object has no attribute 'substitute'
