2024-12-21 16:42:38,800 - PlexMusicMatcher - INFO - Loading configuration...
2024-12-21 16:42:38,801 - PlexMusicMatcher - INFO - Configuration loaded successfully!
2024-12-21 16:42:38,801 - PlexMusicMatcher - INFO - Initializing Spotify connection...
2024-12-21 16:42:38,801 - PlexMusicMatcher - INFO - Successfully connected to Spotify API
2024-12-21 16:42:39,091 - PlexMusicMatcher - INFO - Initializing Plex connection...
2024-12-21 16:42:39,091 - PlexMusicMatcher - INFO - Connecting to Plex server at http://192.168.86.21:32400/...
2024-12-21 16:42:39,096 - PlexMusicMatcher - INFO - Successfully connected to Plex server: ThomasArchives
2024-12-21 16:42:39,100 - PlexMusicMatcher - INFO - Successfully connected to music library: Music
2024-12-21 16:42:39,101 - PlexMusicMatcher - INFO - Plex Server Version: 1.41.3.9292-bc7397402
2024-12-21 16:42:39,123 - PlexMusicMatcher - INFO - Successfully accessed music library
2024-12-21 16:42:39,124 - PlexMusicMatcher - INFO - Scanning for unmatched artists...
2024-12-21 16:42:39,124 - PlexMusicMatcher - INFO - Scanning for unmatched artists...
2024-12-21 16:42:43,537 - PlexMusicMatcher - INFO - Scanning 4592 total artists...
2024-12-21 16:43:08,868 - PlexMusicMatcher - INFO - 
Found 520 unmatched artists
2024-12-21 16:43:08,881 - PlexMusicMatcher - INFO - Found 520 unmatched artists
2024-12-21 16:43:08,881 - PlexMusicMatcher - INFO - Starting artist matching process...
2024-12-21 16:43:39,099 - PlexMusicMatcher - WARNING - Matching timed out for artist: Alex Lambrino (took 22.5s, threshold: 15s)
2024-12-21 16:43:39,099 - PlexMusicMatcher - INFO - Got result despite timeout for: Alex Lambrino
2024-12-21 16:44:09,173 - PlexMusicMatcher - WARNING - Matching timed out for artist: Arup Das (took 23.0s, threshold: 15s)
2024-12-21 16:44:09,174 - PlexMusicMatcher - INFO - Got result despite timeout for: Arup Das
2024-12-21 16:44:39,052 - PlexMusicMatcher - WARNING - Matching timed out for artist: Brray, Anuel AA, Chencho Corleone, JHAYCO, Ryan Castro (took 22.5s, threshold: 15s)
2024-12-21 16:44:39,052 - PlexMusicMatcher - INFO - Got result despite timeout for: Brray, Anuel AA, Chencho Corleone, JHAYCO, Ryan Castro
2024-12-21 16:45:09,094 - PlexMusicMatcher - WARNING - Matching timed out for artist: Cyn Tremeau (took 22.1s, threshold: 15s)
2024-12-21 16:45:09,094 - PlexMusicMatcher - INFO - Got result despite timeout for: Cyn Tremeau
2024-12-21 16:45:39,090 - PlexMusicMatcher - WARNING - Matching timed out for artist: Dillon Francis & TV Noise (took 22.8s, threshold: 15s)
2024-12-21 16:45:39,090 - PlexMusicMatcher - INFO - Got result despite timeout for: Dillon Francis & TV Noise
2024-12-21 16:46:09,107 - PlexMusicMatcher - WARNING - Matching timed out for artist: Dub Phizix, Skittles (took 22.5s, threshold: 15s)
2024-12-21 16:46:09,107 - PlexMusicMatcher - INFO - Got result despite timeout for: Dub Phizix, Skittles
2024-12-21 16:46:39,113 - PlexMusicMatcher - WARNING - Matching timed out for artist: Fractal Designs (took 22.0s, threshold: 15s)
2024-12-21 16:46:39,114 - PlexMusicMatcher - INFO - Got result despite timeout for: Fractal Designs
2024-12-21 16:47:09,103 - PlexMusicMatcher - WARNING - Matching timed out for artist: Guillaume Defradat (took 22.5s, threshold: 15s)
2024-12-21 16:47:09,103 - PlexMusicMatcher - INFO - Got result despite timeout for: Guillaume Defradat
2024-12-21 16:47:39,156 - PlexMusicMatcher - WARNING - Matching timed out for artist: Indeb (took 22.0s, threshold: 15s)
2024-12-21 16:47:39,156 - PlexMusicMatcher - INFO - Got result despite timeout for: Indeb
2024-12-21 16:48:09,119 - PlexMusicMatcher - WARNING - Matching timed out for artist: JuliáN ÁVila (took 22.4s, threshold: 15s)
2024-12-21 16:48:09,120 - PlexMusicMatcher - INFO - Got result despite timeout for: JuliáN ÁVila
2024-12-21 16:48:39,165 - PlexMusicMatcher - WARNING - Matching timed out for artist: L*o*J (took 22.5s, threshold: 15s)
2024-12-21 16:48:39,166 - PlexMusicMatcher - INFO - Got result despite timeout for: L*o*J
2024-12-21 16:49:09,069 - PlexMusicMatcher - WARNING - Matching timed out for artist: LudjixBoyz (took 22.1s, threshold: 15s)
2024-12-21 16:49:09,069 - PlexMusicMatcher - INFO - Got result despite timeout for: LudjixBoyz
2024-12-21 16:49:39,113 - PlexMusicMatcher - WARNING - Matching timed out for artist: Meditation Loopable Sounds (took 22.2s, threshold: 15s)
2024-12-21 16:49:39,114 - PlexMusicMatcher - INFO - Got result despite timeout for: Meditation Loopable Sounds
2024-12-21 16:50:09,084 - PlexMusicMatcher - WARNING - Matching timed out for artist: Mxverick (took 22.7s, threshold: 15s)
2024-12-21 16:50:09,084 - PlexMusicMatcher - INFO - Got result despite timeout for: Mxverick
2024-12-21 16:50:39,094 - PlexMusicMatcher - WARNING - Matching timed out for artist: Odecityfire (took 22.5s, threshold: 15s)
2024-12-21 16:50:39,094 - PlexMusicMatcher - INFO - Got result despite timeout for: Odecityfire
2024-12-21 16:51:09,099 - PlexMusicMatcher - WARNING - Matching timed out for artist: Pr!ce (took 22.3s, threshold: 15s)
2024-12-21 16:51:09,099 - PlexMusicMatcher - INFO - Got result despite timeout for: Pr!ce
2024-12-21 16:51:39,140 - PlexMusicMatcher - WARNING - Matching timed out for artist: She Has A Cold Cold Heart (took 22.6s, threshold: 15s)
2024-12-21 16:51:39,140 - PlexMusicMatcher - INFO - Got result despite timeout for: She Has A Cold Cold Heart
2024-12-21 16:52:09,115 - PlexMusicMatcher - WARNING - Matching timed out for artist: Static Garden (took 22.2s, threshold: 15s)
2024-12-21 16:52:09,115 - PlexMusicMatcher - INFO - Got result despite timeout for: Static Garden
2024-12-21 16:52:39,113 - PlexMusicMatcher - WARNING - Matching timed out for artist: Tiki Taka (took 22.2s, threshold: 15s)
2024-12-21 16:52:39,113 - PlexMusicMatcher - INFO - Got result despite timeout for: Tiki Taka
2024-12-21 16:53:09,097 - PlexMusicMatcher - WARNING - Matching timed out for artist: Will Butler vs The Knocks (took 22.3s, threshold: 15s)
2024-12-21 16:53:09,097 - PlexMusicMatcher - INFO - Got result despite timeout for: Will Butler vs The Knocks
2024-12-21 16:53:39,118 - PlexMusicMatcher - WARNING - Matching timed out for artist: ХЛЕБ (took 23.3s, threshold: 15s)
2024-12-21 16:53:39,118 - PlexMusicMatcher - INFO - Got result despite timeout for: ХЛЕБ
2024-12-21 16:53:41,115 - PlexMusicMatcher - INFO - ==================================================
2024-12-21 16:53:41,115 - PlexMusicMatcher - INFO - Total artists processed: 520
2024-12-21 16:53:41,115 - PlexMusicMatcher - INFO - Automatic matches: 512 (98.5%)
2024-12-21 16:53:41,115 - PlexMusicMatcher - INFO - Needs review: 7 (1.3%)
2024-12-21 16:53:41,115 - PlexMusicMatcher - INFO - No matches found: 1 (0.2%)
2024-12-21 16:53:41,115 - PlexMusicMatcher - INFO - 
Automatic Matches:
2024-12-21 16:53:41,116 - PlexMusicMatcher - INFO - ==================================================
2024-12-21 16:53:41,116 - PlexMusicMatcher - INFO - 
Match 1:
2024-12-21 16:53:41,116 - PlexMusicMatcher - INFO - Plex Artist: 5hags
Spotify Match: 5hags
Confidence: 100.00%
Match Type: exact
Popularity: 4/100
2024-12-21 16:53:41,116 - PlexMusicMatcher - INFO - 
Match 2:
2024-12-21 16:53:41,116 - PlexMusicMatcher - INFO - Plex Artist: 7-Pm
Spotify Match: 7-Pm
Confidence: 100.00%
Match Type: exact
Popularity: 5/100
2024-12-21 16:53:41,117 - PlexMusicMatcher - INFO - 
Match 3:
2024-12-21 16:53:41,117 - PlexMusicMatcher - INFO - Plex Artist: 7XL
Spotify Match: 7XL
Confidence: 100.00%
Match Type: exact
Popularity: 4/100

Alternative matches:
  1. 7XL (Popularity: 0/100)
2024-12-21 16:53:41,117 - PlexMusicMatcher - INFO - 
Match 4:
2024-12-21 16:53:41,117 - PlexMusicMatcher - INFO - Plex Artist: 98.Morelo
Spotify Match: 98.Morelo
Confidence: 100.00%
Match Type: exact
Popularity: 0/100

Alternative matches:
  1. 98.morelo (Popularity: 11/100)
2024-12-21 16:53:41,118 - PlexMusicMatcher - INFO - 
Match 5:
2024-12-21 16:53:41,118 - PlexMusicMatcher - INFO - Plex Artist: Aaron Doh
Spotify Match: Aaron Doh
Confidence: 100.00%
Match Type: exact
Popularity: 17/100
2024-12-21 16:53:41,118 - PlexMusicMatcher - INFO - 
Matches Needing Review:
2024-12-21 16:53:41,118 - PlexMusicMatcher - INFO - ==================================================
2024-12-21 16:53:41,119 - PlexMusicMatcher - INFO - 
Potential Match 1:
2024-12-21 16:53:41,119 - PlexMusicMatcher - INFO - Plex Artist: AmusicalSomebody
Spotify Match: Adam Pascal
Confidence: 59.64%
Match Type: fuzzy
Popularity: 52/100
Genres: broadway, hollywood, show tunes

Alternative matches:
  1. Amick Byram (Popularity: 43/100)
  2. Alice Lee (Popularity: 56/100)
  3. Christy Altomare (Popularity: 55/100)
  4. Anna Lea (Popularity: 62/100)
2024-12-21 16:53:41,119 - PlexMusicMatcher - INFO - 
Potential Match 2:
2024-12-21 16:53:41,119 - PlexMusicMatcher - INFO - Plex Artist: DJ HASAN THE MONEY SCOUT
Spotify Match: DJ C Money
Confidence: 61.54%
Match Type: fuzzy
Popularity: 11/100

Alternative matches:
  1. DJ Crashout (Popularity: 20/100)
  2. DJ HASAN IRSAN (Popularity: 2/100)
  3. DJ Hassan Original (Popularity: 3/100)
  4. Dj Money (Popularity: 23/100)
2024-12-21 16:53:41,120 - PlexMusicMatcher - INFO - 
Potential Match 3:
2024-12-21 16:53:41,120 - PlexMusicMatcher - INFO - Plex Artist: Malone Alone
Spotify Match: SUMMER ALONE
Confidence: 78.57%
Match Type: fuzzy
Popularity: 44/100

Alternative matches:
  1. Malone (Popularity: 14/100)
  2. Malone (Popularity: 13/100)
  3. Post Malone (Popularity: 90/100)
  4. alone (Popularity: 44/100)
2024-12-21 16:53:41,121 - PlexMusicMatcher - INFO - 
Potential Match 4:
2024-12-21 16:53:41,121 - PlexMusicMatcher - INFO - Plex Artist: MGXTXM
Spotify Match: MXMS
Confidence: 73.20%
Match Type: fuzzy
Popularity: 32/100
Genres: dark pop, la pop

Alternative matches:
  1. MXTZ (Popularity: 50/100)
  2. MXRGX (Popularity: 41/100)
  3. MxMxM (Popularity: 30/100)
  4. MXPEX (Popularity: 42/100)
2024-12-21 16:53:41,122 - PlexMusicMatcher - INFO - 
Potential Match 5:
2024-12-21 16:53:41,122 - PlexMusicMatcher - INFO - Plex Artist: Music Army VN
Spotify Match: The U.S. Army Airborne
Confidence: 67.35%
Match Type: fuzzy
Popularity: 28/100
Genres: military band, military cadence

Alternative matches:
  1. One Music (Popularity: 40/100)
  2. MIN (Popularity: 58/100)
  3. Vprod Music (Popularity: 31/100)
  4. Quốc Thiên (Popularity: 51/100)
2024-12-21 16:53:41,122 - PlexMusicMatcher - INFO - 
No Matches Found For:
2024-12-21 16:53:41,123 - PlexMusicMatcher - INFO - ==================================================
2024-12-21 16:53:41,123 - PlexMusicMatcher - INFO - 1. 利尔·伊泽
2024-12-21 16:53:41,123 - PlexMusicMatcher - INFO - 
Processing Summary:
2024-12-21 16:53:41,123 - PlexMusicMatcher - INFO - ==================================================
2024-12-21 16:53:41,123 - PlexMusicMatcher - INFO - Total artists processed: 520
2024-12-21 16:53:41,123 - PlexMusicMatcher - INFO - Automatic matches: 512 (98.5%)
2024-12-21 16:53:41,124 - PlexMusicMatcher - INFO - Needs review: 7 (1.3%)
2024-12-21 16:53:41,124 - PlexMusicMatcher - INFO - No matches found: 1 (0.2%)
2024-12-21 16:53:41,124 - PlexMusicMatcher - INFO - 
Found 512 automatic matches.
2024-12-21 16:53:41,124 - PlexMusicMatcher - INFO - Would you like to update these artists in Plex now? (y/n)
2024-12-21 18:54:16,843 - PlexMusicMatcher - INFO - Starting updates for 512 artists
2024-12-21 18:54:16,846 - PlexMusicMatcher - INFO - Processing 5hags
2024-12-21 18:54:16,846 - PlexMusicMatcher - INFO - Fetching Spotify data for 5hags (attempt 1/3)
2024-12-21 18:54:16,847 - PlexMusicMatcher - INFO - Starting Spotify API request for ID: 39Os5UhaIBWsVGd8DlRgCp
2024-12-21 18:54:16,847 - PlexMusicMatcher - ERROR - Error fetching artist by ID 39Os5UhaIBWsVGd8DlRgCp: Spotify.artist() got an unexpected keyword argument 'timeout'
2024-12-21 18:54:16,847 - PlexMusicMatcher - ERROR - Could not fetch Spotify data for 5hags
2024-12-21 18:54:18,848 - PlexMusicMatcher - INFO - Fetching Spotify data for 5hags (attempt 2/3)
2024-12-21 18:54:18,848 - PlexMusicMatcher - INFO - Starting Spotify API request for ID: 39Os5UhaIBWsVGd8DlRgCp
2024-12-21 18:54:18,848 - PlexMusicMatcher - ERROR - Error fetching artist by ID 39Os5UhaIBWsVGd8DlRgCp: Spotify.artist() got an unexpected keyword argument 'timeout'
2024-12-21 18:54:18,849 - PlexMusicMatcher - ERROR - Could not fetch Spotify data for 5hags
2024-12-21 18:54:20,849 - PlexMusicMatcher - INFO - Fetching Spotify data for 5hags (attempt 3/3)
2024-12-21 18:54:20,849 - PlexMusicMatcher - INFO - Starting Spotify API request for ID: 39Os5UhaIBWsVGd8DlRgCp
2024-12-21 18:54:20,849 - PlexMusicMatcher - ERROR - Error fetching artist by ID 39Os5UhaIBWsVGd8DlRgCp: Spotify.artist() got an unexpected keyword argument 'timeout'
2024-12-21 18:54:20,849 - PlexMusicMatcher - ERROR - Could not fetch Spotify data for 5hags
2024-12-21 18:54:20,850 - PlexMusicMatcher - INFO - Processing 7-Pm
2024-12-21 18:54:20,850 - PlexMusicMatcher - INFO - Fetching Spotify data for 7-Pm (attempt 1/3)
2024-12-21 18:54:20,850 - PlexMusicMatcher - INFO - Starting Spotify API request for ID: 3UUJSY5N4QAeeEKvauP214
2024-12-21 18:54:20,850 - PlexMusicMatcher - ERROR - Error fetching artist by ID 3UUJSY5N4QAeeEKvauP214: Spotify.artist() got an unexpected keyword argument 'timeout'
2024-12-21 18:54:20,850 - PlexMusicMatcher - ERROR - Could not fetch Spotify data for 7-Pm
2024-12-21 18:54:22,850 - PlexMusicMatcher - INFO - Fetching Spotify data for 7-Pm (attempt 2/3)
2024-12-21 18:54:22,850 - PlexMusicMatcher - INFO - Starting Spotify API request for ID: 3UUJSY5N4QAeeEKvauP214
2024-12-21 18:54:22,850 - PlexMusicMatcher - ERROR - Error fetching artist by ID 3UUJSY5N4QAeeEKvauP214: Spotify.artist() got an unexpected keyword argument 'timeout'
2024-12-21 18:54:22,851 - PlexMusicMatcher - ERROR - Could not fetch Spotify data for 7-Pm
2024-12-21 18:54:24,852 - PlexMusicMatcher - INFO - Fetching Spotify data for 7-Pm (attempt 3/3)
2024-12-21 18:54:24,852 - PlexMusicMatcher - INFO - Starting Spotify API request for ID: 3UUJSY5N4QAeeEKvauP214
2024-12-21 18:54:24,852 - PlexMusicMatcher - ERROR - Error fetching artist by ID 3UUJSY5N4QAeeEKvauP214: Spotify.artist() got an unexpected keyword argument 'timeout'
2024-12-21 18:54:24,852 - PlexMusicMatcher - ERROR - Could not fetch Spotify data for 7-Pm
2024-12-21 18:54:24,853 - PlexMusicMatcher - INFO - Processing 7XL
2024-12-21 18:54:24,853 - PlexMusicMatcher - INFO - Fetching Spotify data for 7XL (attempt 1/3)
2024-12-21 18:54:24,853 - PlexMusicMatcher - INFO - Starting Spotify API request for ID: 2sk6FdXRydcKmjoAFMooOb
2024-12-21 18:54:24,853 - PlexMusicMatcher - ERROR - Error fetching artist by ID 2sk6FdXRydcKmjoAFMooOb: Spotify.artist() got an unexpected keyword argument 'timeout'
2024-12-21 18:54:24,853 - PlexMusicMatcher - ERROR - Could not fetch Spotify data for 7XL
