2024-12-21 14:20:49,984 - PlexMusicMatcher - INFO - Loading configuration...
2024-12-21 14:20:49,985 - PlexMusicMatcher - INFO - Configuration loaded successfully!
2024-12-21 14:20:49,985 - PlexMusicMatcher - INFO - Initializing Spotify connection...
2024-12-21 14:20:49,985 - PlexMusicMatcher - INFO - Successfully connected to Spotify API
2024-12-21 14:20:50,319 - PlexMusicMatcher - INFO - Initializing Plex connection...
2024-12-21 14:20:50,320 - PlexMusicMatcher - INFO - Connecting to Plex server at http://192.168.86.21:32400/...
2024-12-21 14:20:50,345 - PlexMusicMatcher - INFO - Successfully connected to Plex server: ThomasArchives
2024-12-21 14:20:50,349 - PlexMusicMatcher - INFO - Successfully connected to music library: Music
2024-12-21 14:20:50,350 - PlexMusicMatcher - INFO - Plex Server Version: 1.41.3.9292-bc7397402
2024-12-21 14:20:50,388 - PlexMusicMatcher - INFO - Successfully accessed music library
2024-12-21 14:20:50,388 - PlexMusicMatcher - INFO - Scanning for unmatched artists...
2024-12-21 14:20:50,388 - PlexMusicMatcher - INFO - Scanning for unmatched artists...
2024-12-21 14:20:55,068 - PlexMusicMatcher - INFO - Scanning 4592 total artists...
2024-12-21 14:21:23,535 - PlexMusicMatcher - INFO - 
Found 520 unmatched artists
2024-12-21 14:21:23,550 - PlexMusicMatcher - INFO - Found 520 unmatched artists
2024-12-21 14:21:23,550 - PlexMusicMatcher - INFO - Starting artist matching process...
2024-12-21 14:21:53,747 - PlexMusicMatcher - WARNING - Matching timed out for artist: Alex Lambrino (took 22.4s, threshold: 15s)
2024-12-21 14:21:53,747 - PlexMusicMatcher - INFO - Got result despite timeout for: Alex Lambrino
2024-12-21 14:22:23,773 - PlexMusicMatcher - WARNING - Matching timed out for artist: Arup Das (took 22.7s, threshold: 15s)
2024-12-21 14:22:23,774 - PlexMusicMatcher - INFO - Got result despite timeout for: Arup Das
2024-12-21 14:22:53,783 - PlexMusicMatcher - WARNING - Matching timed out for artist: Brray, Anuel AA, Chencho Corleone, JHAYCO, Ryan Castro (took 22.4s, threshold: 15s)
2024-12-21 14:22:53,784 - PlexMusicMatcher - INFO - Got result despite timeout for: Brray, Anuel AA, Chencho Corleone, JHAYCO, Ryan Castro
2024-12-21 14:23:23,767 - PlexMusicMatcher - WARNING - Matching timed out for artist: Cyn Tremeau (took 22.0s, threshold: 15s)
2024-12-21 14:23:23,768 - PlexMusicMatcher - INFO - Got result despite timeout for: Cyn Tremeau
2024-12-21 14:23:53,785 - PlexMusicMatcher - WARNING - Matching timed out for artist: Dillon Francis & TV Noise (took 23.1s, threshold: 15s)
2024-12-21 14:23:53,785 - PlexMusicMatcher - INFO - Got result despite timeout for: Dillon Francis & TV Noise
2024-12-21 14:24:23,752 - PlexMusicMatcher - WARNING - Matching timed out for artist: Dub Phizix, Skittles (took 22.3s, threshold: 15s)
2024-12-21 14:24:23,753 - PlexMusicMatcher - INFO - Got result despite timeout for: Dub Phizix, Skittles
2024-12-21 14:24:53,783 - PlexMusicMatcher - WARNING - Matching timed out for artist: Fractal Designs (took 22.3s, threshold: 15s)
2024-12-21 14:24:53,783 - PlexMusicMatcher - INFO - Got result despite timeout for: Fractal Designs
2024-12-21 14:25:23,774 - PlexMusicMatcher - WARNING - Matching timed out for artist: Guillaume Defradat (took 22.2s, threshold: 15s)
2024-12-21 14:25:23,774 - PlexMusicMatcher - INFO - Got result despite timeout for: Guillaume Defradat
2024-12-21 14:25:53,743 - PlexMusicMatcher - WARNING - Matching timed out for artist: Indeb (took 21.9s, threshold: 15s)
2024-12-21 14:25:53,743 - PlexMusicMatcher - INFO - Got result despite timeout for: Indeb
2024-12-21 14:26:23,766 - PlexMusicMatcher - WARNING - Matching timed out for artist: JuliáN ÁVila (took 22.6s, threshold: 15s)
2024-12-21 14:26:23,766 - PlexMusicMatcher - INFO - Got result despite timeout for: JuliáN ÁVila
2024-12-21 14:26:53,875 - PlexMusicMatcher - WARNING - Matching timed out for artist: L*o*J (took 22.3s, threshold: 15s)
2024-12-21 14:26:53,876 - PlexMusicMatcher - INFO - Got result despite timeout for: L*o*J
2024-12-21 14:27:23,769 - PlexMusicMatcher - WARNING - Matching timed out for artist: LudjixBoyz (took 22.0s, threshold: 15s)
2024-12-21 14:27:23,769 - PlexMusicMatcher - INFO - Got result despite timeout for: LudjixBoyz
2024-12-21 14:27:53,795 - PlexMusicMatcher - WARNING - Matching timed out for artist: Meditation Loopable Sounds (took 22.1s, threshold: 15s)
2024-12-21 14:27:53,796 - PlexMusicMatcher - INFO - Got result despite timeout for: Meditation Loopable Sounds
2024-12-21 14:28:23,788 - PlexMusicMatcher - WARNING - Matching timed out for artist: Mxverick (took 22.4s, threshold: 15s)
2024-12-21 14:28:23,789 - PlexMusicMatcher - INFO - Got result despite timeout for: Mxverick
2024-12-21 14:28:53,800 - PlexMusicMatcher - WARNING - Matching timed out for artist: Odecityfire (took 22.5s, threshold: 15s)
2024-12-21 14:28:53,800 - PlexMusicMatcher - INFO - Got result despite timeout for: Odecityfire
2024-12-21 14:29:23,754 - PlexMusicMatcher - WARNING - Matching timed out for artist: Pr!ce (took 22.2s, threshold: 15s)
2024-12-21 14:29:23,754 - PlexMusicMatcher - INFO - Got result despite timeout for: Pr!ce
2024-12-21 14:29:53,807 - PlexMusicMatcher - WARNING - Matching timed out for artist: She Has A Cold Cold Heart (took 22.4s, threshold: 15s)
2024-12-21 14:29:53,807 - PlexMusicMatcher - INFO - Got result despite timeout for: She Has A Cold Cold Heart
2024-12-21 14:30:23,796 - PlexMusicMatcher - WARNING - Matching timed out for artist: Static Garden (took 22.3s, threshold: 15s)
2024-12-21 14:30:23,796 - PlexMusicMatcher - INFO - Got result despite timeout for: Static Garden
2024-12-21 14:30:53,838 - PlexMusicMatcher - WARNING - Matching timed out for artist: Tiki Taka (took 22.4s, threshold: 15s)
2024-12-21 14:30:53,839 - PlexMusicMatcher - INFO - Got result despite timeout for: Tiki Taka
2024-12-21 14:31:23,759 - PlexMusicMatcher - WARNING - Matching timed out for artist: Will Butler vs The Knocks (took 22.2s, threshold: 15s)
2024-12-21 14:31:23,759 - PlexMusicMatcher - INFO - Got result despite timeout for: Will Butler vs The Knocks
2024-12-21 14:31:53,734 - PlexMusicMatcher - WARNING - Matching timed out for artist: ХЛЕБ (took 23.1s, threshold: 15s)
2024-12-21 14:31:53,734 - PlexMusicMatcher - INFO - Got result despite timeout for: ХЛЕБ
2024-12-21 14:31:55,701 - PlexMusicMatcher - INFO - ==================================================
2024-12-21 14:31:55,701 - PlexMusicMatcher - INFO - Total artists processed: 520
2024-12-21 14:31:55,702 - PlexMusicMatcher - INFO - Automatic matches: 512 (98.5%)
2024-12-21 14:31:55,702 - PlexMusicMatcher - INFO - Needs review: 7 (1.3%)
2024-12-21 14:31:55,702 - PlexMusicMatcher - INFO - No matches found: 1 (0.2%)
2024-12-21 14:31:55,702 - PlexMusicMatcher - INFO - 
Automatic Matches:
2024-12-21 14:31:55,703 - PlexMusicMatcher - INFO - ==================================================
2024-12-21 14:31:55,703 - PlexMusicMatcher - INFO - 
Match 1:
2024-12-21 14:31:55,703 - PlexMusicMatcher - INFO - Plex Artist: 5hags
Spotify Match: 5hags
Confidence: 100.00%
Match Type: exact
Popularity: 4/100
2024-12-21 14:31:55,703 - PlexMusicMatcher - INFO - 
Match 2:
2024-12-21 14:31:55,703 - PlexMusicMatcher - INFO - Plex Artist: 7-Pm
Spotify Match: 7-Pm
Confidence: 100.00%
Match Type: exact
Popularity: 5/100
2024-12-21 14:31:55,704 - PlexMusicMatcher - INFO - 
Match 3:
2024-12-21 14:31:55,704 - PlexMusicMatcher - INFO - Plex Artist: 7XL
Spotify Match: 7XL
Confidence: 100.00%
Match Type: exact
Popularity: 4/100

Alternative matches:
  1. 7XL (Popularity: 0/100)
2024-12-21 14:31:55,704 - PlexMusicMatcher - INFO - 
Match 4:
2024-12-21 14:31:55,704 - PlexMusicMatcher - INFO - Plex Artist: 98.Morelo
Spotify Match: 98.Morelo
Confidence: 100.00%
Match Type: exact
Popularity: 0/100

Alternative matches:
  1. 98.morelo (Popularity: 11/100)
2024-12-21 14:31:55,705 - PlexMusicMatcher - INFO - 
Match 5:
2024-12-21 14:31:55,705 - PlexMusicMatcher - INFO - Plex Artist: Aaron Doh
Spotify Match: Aaron Doh
Confidence: 100.00%
Match Type: exact
Popularity: 17/100
2024-12-21 14:31:55,705 - PlexMusicMatcher - INFO - 
Matches Needing Review:
2024-12-21 14:31:55,706 - PlexMusicMatcher - INFO - ==================================================
2024-12-21 14:31:55,706 - PlexMusicMatcher - INFO - 
Potential Match 1:
2024-12-21 14:31:55,706 - PlexMusicMatcher - INFO - Plex Artist: AmusicalSomebody
Spotify Match: Adam Pascal
Confidence: 59.64%
Match Type: fuzzy
Popularity: 52/100
Genres: broadway, hollywood, show tunes

Alternative matches:
  1. Amick Byram (Popularity: 43/100)
  2. Alice Lee (Popularity: 56/100)
  3. Christy Altomare (Popularity: 55/100)
  4. Anna Lea (Popularity: 62/100)
2024-12-21 14:31:55,706 - PlexMusicMatcher - INFO - 
Potential Match 2:
2024-12-21 14:31:55,707 - PlexMusicMatcher - INFO - Plex Artist: DJ HASAN THE MONEY SCOUT
Spotify Match: DJ C Money
Confidence: 61.54%
Match Type: fuzzy
Popularity: 11/100

Alternative matches:
  1. DJ Crashout (Popularity: 20/100)
  2. DJ HASAN IRSAN (Popularity: 2/100)
  3. DJ Hassan Original (Popularity: 3/100)
  4. Dj Money (Popularity: 23/100)
2024-12-21 14:31:55,707 - PlexMusicMatcher - INFO - 
Potential Match 3:
2024-12-21 14:31:55,707 - PlexMusicMatcher - INFO - Plex Artist: Malone Alone
Spotify Match: SUMMER ALONE
Confidence: 78.57%
Match Type: fuzzy
Popularity: 44/100

Alternative matches:
  1. Malone (Popularity: 14/100)
  2. Malone (Popularity: 13/100)
  3. alone (Popularity: 44/100)
  4. Malóne (Popularity: 53/100)
2024-12-21 14:31:55,708 - PlexMusicMatcher - INFO - 
Potential Match 4:
2024-12-21 14:31:55,708 - PlexMusicMatcher - INFO - Plex Artist: MGXTXM
Spotify Match: MxPx
Confidence: 74.90%
Match Type: fuzzy
Popularity: 49/100
Genres: christian punk, pop punk, punk

Alternative matches:
  1. MXMS (Popularity: 32/100)
  2. MXTZ (Popularity: 50/100)
  3. MXRGX (Popularity: 41/100)
  4. MxMxM (Popularity: 30/100)
2024-12-21 14:31:55,709 - PlexMusicMatcher - INFO - 
Potential Match 5:
2024-12-21 14:31:55,709 - PlexMusicMatcher - INFO - Plex Artist: Music Army VN
Spotify Match: The U.S. Army Airborne
Confidence: 67.35%
Match Type: fuzzy
Popularity: 28/100
Genres: military band, military cadence

Alternative matches:
  1. One Music (Popularity: 40/100)
  2. MIN (Popularity: 58/100)
  3. Vprod Music (Popularity: 31/100)
  4. Quốc Thiên (Popularity: 51/100)
2024-12-21 14:31:55,710 - PlexMusicMatcher - INFO - 
No Matches Found For:
2024-12-21 14:31:55,710 - PlexMusicMatcher - INFO - ==================================================
2024-12-21 14:31:55,710 - PlexMusicMatcher - INFO - 1. 利尔·伊泽
2024-12-21 14:31:55,710 - PlexMusicMatcher - INFO - 
Processing Summary:
2024-12-21 14:31:55,711 - PlexMusicMatcher - INFO - ==================================================
2024-12-21 14:31:55,711 - PlexMusicMatcher - INFO - Total artists processed: 520
2024-12-21 14:31:55,711 - PlexMusicMatcher - INFO - Automatic matches: 512 (98.5%)
2024-12-21 14:31:55,711 - PlexMusicMatcher - INFO - Needs review: 7 (1.3%)
2024-12-21 14:31:55,712 - PlexMusicMatcher - INFO - No matches found: 1 (0.2%)
2024-12-21 14:31:55,712 - PlexMusicMatcher - INFO - 
Would you like to:
2024-12-21 14:31:55,712 - PlexMusicMatcher - INFO - 1. Review potential matches
2024-12-21 14:31:55,712 - PlexMusicMatcher - INFO - 2. Apply updates to Plex
2024-12-21 14:31:55,712 - PlexMusicMatcher - INFO - 3. Save results for later
2024-12-21 14:31:55,713 - PlexMusicMatcher - INFO - 4. Exit
2024-12-21 14:32:17,939 - PlexMusicMatcher - INFO - 
Results saved successfully!
2024-12-21 14:32:17,939 - PlexMusicMatcher - INFO - Session ID: 20241221_143217
2024-12-21 14:32:17,940 - PlexMusicMatcher - INFO - You can find the results in the 'results' directory.
