2024-12-21 14:08:41,471 - PlexMusicMatcher - INFO - Loading configuration...
2024-12-21 14:08:41,472 - PlexMusicMatcher - INFO - Configuration loaded successfully!
2024-12-21 14:08:41,472 - PlexMusicMatcher - INFO - Initializing Spotify connection...
2024-12-21 14:08:41,473 - PlexMusicMatcher - INFO - Successfully connected to Spotify API
2024-12-21 14:08:41,800 - PlexMusicMatcher - INFO - Initializing Plex connection...
2024-12-21 14:08:41,800 - PlexMusicMatcher - INFO - Connecting to Plex server at http://192.168.86.21:32400/...
2024-12-21 14:08:41,806 - PlexMusicMatcher - INFO - Successfully connected to Plex server: ThomasArchives
2024-12-21 14:08:41,810 - PlexMusicMatcher - INFO - Successfully connected to music library: Music
2024-12-21 14:08:41,811 - PlexMusicMatcher - INFO - Plex Server Version: 1.41.3.9292-bc7397402
2024-12-21 14:08:41,849 - PlexMusicMatcher - INFO - Successfully accessed music library
2024-12-21 14:08:41,850 - PlexMusicMatcher - INFO - Scanning for unmatched artists...
2024-12-21 14:08:41,850 - PlexMusicMatcher - INFO - Scanning for unmatched artists...
2024-12-21 14:08:46,725 - PlexMusicMatcher - INFO - Scanning 4592 total artists...
2024-12-21 14:09:15,001 - PlexMusicMatcher - INFO - 
Found 520 unmatched artists
2024-12-21 14:09:15,017 - PlexMusicMatcher - INFO - Found 520 unmatched artists
2024-12-21 14:09:15,018 - PlexMusicMatcher - INFO - Starting artist matching process...
2024-12-21 14:09:45,194 - PlexMusicMatcher - WARNING - Matching timed out for artist: Alex Lambrino (took 22.1s, threshold: 15s)
2024-12-21 14:09:45,195 - PlexMusicMatcher - INFO - Got result despite timeout for: Alex Lambrino
2024-12-21 14:10:15,197 - PlexMusicMatcher - WARNING - Matching timed out for artist: Arup Das (took 22.6s, threshold: 15s)
2024-12-21 14:10:15,197 - PlexMusicMatcher - INFO - Got result despite timeout for: Arup Das
2024-12-21 14:10:45,205 - PlexMusicMatcher - WARNING - Matching timed out for artist: Brray, Anuel AA, Chencho Corleone, JHAYCO, Ryan Castro (took 22.5s, threshold: 15s)
2024-12-21 14:10:45,205 - PlexMusicMatcher - INFO - Got result despite timeout for: Brray, Anuel AA, Chencho Corleone, JHAYCO, Ryan Castro
2024-12-21 14:11:15,301 - PlexMusicMatcher - WARNING - Matching timed out for artist: Cyn Tremeau (took 22.1s, threshold: 15s)
2024-12-21 14:11:15,302 - PlexMusicMatcher - INFO - Got result despite timeout for: Cyn Tremeau
2024-12-21 14:11:22,675 - PlexMusicMatcher - WARNING - Search attempt 1 failed, retrying in 1.0 seconds...
2024-12-21 14:11:45,230 - PlexMusicMatcher - WARNING - Matching timed out for artist: Digital Moss (took 17.1s, threshold: 15s)
2024-12-21 14:11:45,231 - PlexMusicMatcher - INFO - Got result despite timeout for: Digital Moss
2024-12-21 14:12:15,228 - PlexMusicMatcher - WARNING - Matching timed out for artist: Drum'n KI (took 22.3s, threshold: 15s)
2024-12-21 14:12:15,229 - PlexMusicMatcher - INFO - Got result despite timeout for: Drum'n KI
2024-12-21 14:12:45,465 - PlexMusicMatcher - WARNING - Matching timed out for artist: Forward City (took 22.1s, threshold: 15s)
2024-12-21 14:12:45,465 - PlexMusicMatcher - INFO - Got result despite timeout for: Forward City
2024-12-21 14:13:15,193 - PlexMusicMatcher - WARNING - Matching timed out for artist: Gu is 9 (took 22.0s, threshold: 15s)
2024-12-21 14:13:15,193 - PlexMusicMatcher - INFO - Got result despite timeout for: Gu is 9
2024-12-21 14:13:45,278 - PlexMusicMatcher - WARNING - Matching timed out for artist: im horrible at music lol (took 21.6s, threshold: 15s)
2024-12-21 14:13:45,279 - PlexMusicMatcher - INFO - Got result despite timeout for: im horrible at music lol
2024-12-21 14:14:15,430 - PlexMusicMatcher - WARNING - Matching timed out for artist: Juli Giuliani (took 22.8s, threshold: 15s)
2024-12-21 14:14:15,430 - PlexMusicMatcher - INFO - Got result despite timeout for: Juli Giuliani
2024-12-21 14:14:45,254 - PlexMusicMatcher - WARNING - Matching timed out for artist: L'essay (took 22.0s, threshold: 15s)
2024-12-21 14:14:45,254 - PlexMusicMatcher - INFO - Got result despite timeout for: L'essay
2024-12-21 14:15:15,306 - PlexMusicMatcher - WARNING - Matching timed out for artist: Lucid Monday (took 22.0s, threshold: 15s)
2024-12-21 14:15:15,308 - PlexMusicMatcher - INFO - Got result despite timeout for: Lucid Monday
2024-12-21 14:15:45,272 - PlexMusicMatcher - WARNING - Matching timed out for artist: Mecsa Sosa (took 22.2s, threshold: 15s)
2024-12-21 14:15:45,272 - PlexMusicMatcher - INFO - Got result despite timeout for: Mecsa Sosa
2024-12-21 14:16:15,229 - PlexMusicMatcher - WARNING - Matching timed out for artist: Music Army VN (took 22.4s, threshold: 15s)
2024-12-21 14:16:15,230 - PlexMusicMatcher - INFO - Got result despite timeout for: Music Army VN
2024-12-21 14:16:45,268 - PlexMusicMatcher - WARNING - Matching timed out for artist: O.G Cloud9 (took 22.2s, threshold: 15s)
2024-12-21 14:16:45,268 - PlexMusicMatcher - INFO - Got result despite timeout for: O.G Cloud9
2024-12-21 14:17:15,269 - PlexMusicMatcher - WARNING - Matching timed out for artist: Positive Reptile (took 22.2s, threshold: 15s)
2024-12-21 14:17:15,270 - PlexMusicMatcher - INFO - Got result despite timeout for: Positive Reptile
2024-12-21 14:17:45,268 - PlexMusicMatcher - WARNING - Matching timed out for artist: Self Tape (took 21.9s, threshold: 15s)
2024-12-21 14:17:45,269 - PlexMusicMatcher - INFO - Got result despite timeout for: Self Tape
2024-12-21 14:18:15,298 - PlexMusicMatcher - WARNING - Matching timed out for artist: The State of Mudita (took 22.1s, threshold: 15s)
2024-12-21 14:18:15,298 - PlexMusicMatcher - INFO - Got result despite timeout for: The State of Mudita
2024-12-21 14:18:45,227 - PlexMusicMatcher - WARNING - Matching timed out for artist: Threedust (took 22.2s, threshold: 15s)
2024-12-21 14:18:45,227 - PlexMusicMatcher - INFO - Got result despite timeout for: Threedust
2024-12-21 14:19:15,251 - PlexMusicMatcher - WARNING - Matching timed out for artist: WhyBaby? (took 22.3s, threshold: 15s)
2024-12-21 14:19:15,252 - PlexMusicMatcher - INFO - Got result despite timeout for: WhyBaby?
2024-12-21 14:19:45,384 - PlexMusicMatcher - WARNING - Matching timed out for artist: ХЛЕБ (took 23.1s, threshold: 15s)
2024-12-21 14:19:45,384 - PlexMusicMatcher - INFO - Got result despite timeout for: ХЛЕБ
2024-12-21 14:19:47,269 - PlexMusicMatcher - INFO - ==================================================
2024-12-21 14:19:47,269 - PlexMusicMatcher - INFO - Total artists processed: 520
2024-12-21 14:19:47,269 - PlexMusicMatcher - INFO - Automatic matches: 513 (98.7%)
2024-12-21 14:19:47,269 - PlexMusicMatcher - INFO - Needs review: 6 (1.2%)
2024-12-21 14:19:47,269 - PlexMusicMatcher - INFO - No matches found: 1 (0.2%)
2024-12-21 14:19:47,270 - PlexMusicMatcher - INFO - 
Automatic Matches:
2024-12-21 14:19:47,270 - PlexMusicMatcher - INFO - ==================================================
2024-12-21 14:19:47,270 - PlexMusicMatcher - INFO - 
Match 1:
2024-12-21 14:19:47,270 - PlexMusicMatcher - INFO - Plex Artist: 5hags
Spotify Match: 5hags
Confidence: 100.00%
Match Type: exact
Popularity: 4/100
2024-12-21 14:19:47,271 - PlexMusicMatcher - INFO - 
Match 2:
2024-12-21 14:19:47,271 - PlexMusicMatcher - INFO - Plex Artist: 7-Pm
Spotify Match: 7-Pm
Confidence: 100.00%
Match Type: exact
Popularity: 5/100
2024-12-21 14:19:47,271 - PlexMusicMatcher - INFO - 
Match 3:
2024-12-21 14:19:47,271 - PlexMusicMatcher - INFO - Plex Artist: 7XL
Spotify Match: 7XL
Confidence: 100.00%
Match Type: exact
Popularity: 4/100

Alternative matches:
  1. 7XL (Popularity: 0/100)
2024-12-21 14:19:47,272 - PlexMusicMatcher - INFO - 
Match 4:
2024-12-21 14:19:47,272 - PlexMusicMatcher - INFO - Plex Artist: 98.Morelo
Spotify Match: 98.Morelo
Confidence: 100.00%
Match Type: exact
Popularity: 0/100

Alternative matches:
  1. 98.morelo (Popularity: 11/100)
2024-12-21 14:19:47,272 - PlexMusicMatcher - INFO - 
Match 5:
2024-12-21 14:19:47,272 - PlexMusicMatcher - INFO - Plex Artist: Aaron Doh
Spotify Match: Aaron Doh
Confidence: 100.00%
Match Type: exact
Popularity: 17/100
2024-12-21 14:19:47,273 - PlexMusicMatcher - INFO - 
Matches Needing Review:
2024-12-21 14:19:47,273 - PlexMusicMatcher - INFO - ==================================================
2024-12-21 14:19:47,273 - PlexMusicMatcher - INFO - 
Potential Match 1:
2024-12-21 14:19:47,273 - PlexMusicMatcher - INFO - Plex Artist: AmusicalSomebody
Spotify Match: Adam Pascal
Confidence: 59.64%
Match Type: fuzzy
Popularity: 52/100
Genres: broadway, hollywood, show tunes

Alternative matches:
  1. Amick Byram (Popularity: 43/100)
  2. Alice Lee (Popularity: 56/100)
  3. Christy Altomare (Popularity: 55/100)
  4. Anna Lea (Popularity: 62/100)
2024-12-21 14:19:47,274 - PlexMusicMatcher - INFO - 
Potential Match 2:
2024-12-21 14:19:47,274 - PlexMusicMatcher - INFO - Plex Artist: DJ HASAN THE MONEY SCOUT
Spotify Match: DJ Money Fresh
Confidence: 64.63%
Match Type: fuzzy
Popularity: 20/100
Genres: bounce

Alternative matches:
  1. Dj Marc Money (Popularity: 8/100)
  2. DJ C Money (Popularity: 11/100)
  3. DJ Crashout (Popularity: 20/100)
  4. DJ HASAN IRSAN (Popularity: 2/100)
2024-12-21 14:19:47,274 - PlexMusicMatcher - INFO - 
Potential Match 3:
2024-12-21 14:19:47,275 - PlexMusicMatcher - INFO - Plex Artist: Malone Alone
Spotify Match: SUMMER ALONE
Confidence: 78.57%
Match Type: fuzzy
Popularity: 44/100

Alternative matches:
  1. Malone (Popularity: 14/100)
  2. Malone (Popularity: 13/100)
  3. alone (Popularity: 44/100)
  4. Malóne (Popularity: 53/100)
2024-12-21 14:19:47,275 - PlexMusicMatcher - INFO - 
Potential Match 4:
2024-12-21 14:19:47,275 - PlexMusicMatcher - INFO - Plex Artist: MGXTXM
Spotify Match: MXMS
Confidence: 73.20%
Match Type: fuzzy
Popularity: 32/100
Genres: dark pop, la pop

Alternative matches:
  1. MXTZ (Popularity: 50/100)
  2. MXRGX (Popularity: 41/100)
  3. MxMxM (Popularity: 30/100)
  4. MXPEX (Popularity: 42/100)
2024-12-21 14:19:47,276 - PlexMusicMatcher - INFO - 
Potential Match 5:
2024-12-21 14:19:47,277 - PlexMusicMatcher - INFO - Plex Artist: Nadzieja Nowak
Spotify Match: Nadija Lapina
Confidence: 78.27%
Match Type: fuzzy
Popularity: 41/100

Alternative matches:
  1. Paweł Nowak (Popularity: 31/100)
  2. Aleksy Nowak (Popularity: 50/100)
  3. Antonina Nowacka (Popularity: 22/100)
  4. Nadia Tarnawsky (Popularity: 10/100)
2024-12-21 14:19:47,277 - PlexMusicMatcher - INFO - 
No Matches Found For:
2024-12-21 14:19:47,277 - PlexMusicMatcher - INFO - ==================================================
2024-12-21 14:19:47,277 - PlexMusicMatcher - INFO - 1. 利尔·伊泽
2024-12-21 14:19:47,277 - PlexMusicMatcher - INFO - 
Processing Summary:
2024-12-21 14:19:47,278 - PlexMusicMatcher - INFO - ==================================================
2024-12-21 14:19:47,278 - PlexMusicMatcher - INFO - Total artists processed: 520
2024-12-21 14:19:47,278 - PlexMusicMatcher - INFO - Automatic matches: 513 (98.7%)
2024-12-21 14:19:47,278 - PlexMusicMatcher - INFO - Needs review: 6 (1.2%)
2024-12-21 14:19:47,278 - PlexMusicMatcher - INFO - No matches found: 1 (0.2%)
2024-12-21 14:19:47,278 - PlexMusicMatcher - INFO - 
Would you like to:
2024-12-21 14:19:47,278 - PlexMusicMatcher - INFO - 1. Review potential matches
2024-12-21 14:19:47,279 - PlexMusicMatcher - INFO - 2. Apply updates to Plex
2024-12-21 14:19:47,279 - PlexMusicMatcher - INFO - 3. Save results for later
2024-12-21 14:19:47,279 - PlexMusicMatcher - INFO - 4. Exit
2024-12-21 14:20:20,628 - PlexMusicMatcher - INFO - 
Review completed with 6 decisions made.
2024-12-21 14:20:20,650 - PlexMusicMatcher - INFO - Results and decisions saved with session ID: 20241221_142020
2024-12-21 14:20:20,650 - PlexMusicMatcher - INFO - 
Would you like to:
2024-12-21 14:20:20,650 - PlexMusicMatcher - INFO - 1. Review potential matches
2024-12-21 14:20:20,650 - PlexMusicMatcher - INFO - 2. Apply updates to Plex
2024-12-21 14:20:20,650 - PlexMusicMatcher - INFO - 3. Save results for later
2024-12-21 14:20:20,650 - PlexMusicMatcher - INFO - 4. Exit
2024-12-21 14:20:37,872 - PlexMusicMatcher - INFO - Exiting...
